<?xml version="1.0" encoding="UTF-8"?>
<!-- Generated by org.testng.reporters.JUnitXMLReporter -->
<testsuite hostname="Boomerangs-MacBook-Pro.local" name="isHeaderMarginTextPresent" tests="1" failures="1" timestamp="3 Apr 2017 14:09:23 GMT" time="0.4" errors="0">
  <testcase name="isHeaderMarginTextPresent" time="0.062" classname="com.boomerang.canvas.suite.Testcases">
    <failure type="java.lang.AssertionError" message="expected [MARGIN] but found []">
      <![CDATA[java.lang.AssertionError: expected [MARGIN] but found []
	at com.boomerang.canvas.suite.Testcases.isHeaderMarginTextPresent(Testcases.java:181)
	at com.boomerang.canvas.suite.Testsuite.runTests(Testsuite.java:85)
	at com.boomerang.canvas.suite.Testsuite.suitetest(Testsuite.java:98)
	at com.boomerang.canvas.suite.Testsuite.main(Testsuite.java:106)
... Removed 26 stack frames]]>
    </failure>
  </testcase> <!-- isHeaderMarginTextPresent -->
</testsuite> <!-- isHeaderMarginTextPresent -->
