<?xml version="1.0" encoding="UTF-8"?>
<!-- Generated by org.testng.reporters.JUnitXMLReporter -->
<testsuite hostname="Boomerangs-MacBook-Pro.local" name="isHeaderRevenueTextPresent" tests="1" failures="1" timestamp="3 Apr 2017 14:09:21 GMT" time="0.422" errors="0">
  <testcase name="isHeaderRevenueTextPresent" time="0.08" classname="com.boomerang.canvas.suite.Testcases">
    <failure type="java.lang.AssertionError" message="expected [REVENUE] but found []">
      <![CDATA[java.lang.AssertionError: expected [REVENUE] but found []
	at com.boomerang.canvas.suite.Testcases.isHeaderRevenueTextPresent(Testcases.java:150)
	at com.boomerang.canvas.suite.Testsuite.runTests(Testsuite.java:85)
	at com.boomerang.canvas.suite.Testsuite.suitetest(Testsuite.java:98)
	at com.boomerang.canvas.suite.Testsuite.main(Testsuite.java:106)
... Removed 26 stack frames]]>
    </failure>
  </testcase> <!-- isHeaderRevenueTextPresent -->
</testsuite> <!-- isHeaderRevenueTextPresent -->
