<?xml version="1.0" encoding="UTF-8"?>
<testng-results skipped="0" failed="6" total="67" passed="61">
  <reporter-output>
    <line>
      <![CDATA[======================Performing Login Test with invalid credentials======================]]>
    </line>
    <line>
      <![CDATA[======================Login Test with invalid credentials completed successfully======================]]>
    </line>
    <line>
      <![CDATA[<a title= "title" href="Login-TCinvalidLoginWithvalidUsernameEmptyPassword.png"><img width="700" height="550" src="Login-TCinvalidLoginWithvalidUsernameEmptyPassword.png"></a>]]>
    </line>
    <line>
      <![CDATA[<a title= "title" href="Login-TCinvalidLoginWithvalidUsernameEmptyPassword.png"><img width="700" height="550" src="Login-TCinvalidLoginWithvalidUsernameEmptyPassword.png"></a>]]>
    </line>
    <line>
      <![CDATA[======================Performing Login Test with invalid credentials======================]]>
    </line>
    <line>
      <![CDATA[======================Login Test with invalid credentials completed successfully======================]]>
    </line>
    <line>
      <![CDATA[<a title= "title" href="Login-TCinvalidLoginWithEmptyUsernameEmptyPassword.png"><img width="700" height="550" src="Login-TCinvalidLoginWithEmptyUsernameEmptyPassword.png"></a>]]>
    </line>
    <line>
      <![CDATA[<a title= "title" href="Login-TCinvalidLoginWithEmptyUsernameEmptyPassword.png"><img width="700" height="550" src="Login-TCinvalidLoginWithEmptyUsernameEmptyPassword.png"></a>]]>
    </line>
    <line>
      <![CDATA[======================Performing Login Test with invalid credentials======================]]>
    </line>
    <line>
      <![CDATA[======================Login Test with invalid credentials completed successfully======================]]>
    </line>
    <line>
      <![CDATA[<a title= "title" href="Login-TCinvalidLoginWithInvalidUsernameinvalidPassword.png"><img width="700" height="550" src="Login-TCinvalidLoginWithInvalidUsernameinvalidPassword.png"></a>]]>
    </line>
    <line>
      <![CDATA[<a title= "title" href="Login-TCinvalidLoginWithInvalidUsernameinvalidPassword.png"><img width="700" height="550" src="Login-TCinvalidLoginWithInvalidUsernameinvalidPassword.png"></a>]]>
    </line>
    <line>
      <![CDATA[======================Performing Login Test with valid credentials======================]]>
    </line>
    <line>
      <![CDATA[======================Login Test with valid credentials completed successfully======================]]>
    </line>
    <line>
      <![CDATA[<a title= "title" href="Login-TCvalidLogin.png"><img width="700" height="550" src="Login-TCvalidLogin.png"></a>]]>
    </line>
    <line>
      <![CDATA[<a title= "title" href="Login-TCvalidLogin.png"><img width="700" height="550" src="Login-TCvalidLogin.png"></a>]]>
    </line>
    <line>
      <![CDATA[======================set the dates to get the details======================]]>
    </line>
    <line>
      <![CDATA[<a title= "title" href="HeaderWidgetsentDates.png"><img width="700" height="550" src="HeaderWidgetsentDates.png"></a>]]>
    </line>
    <line>
      <![CDATA[<a title= "title" href="HeaderWidgetsentDates.png"><img width="700" height="550" src="HeaderWidgetsentDates.png"></a>]]>
    </line>
    <line>
      <![CDATA[======================get the revnue text======================]]>
    </line>
    <line>
      <![CDATA[Actual value : REVENUE]]>
    </line>
    <line>
      <![CDATA[Expected value : REVENUE]]>
    </line>
    <line>
      <![CDATA[<a title= "title" href="HeaderWidgetisHeaderRevenueTextPresent.png"><img width="700" height="550" src="HeaderWidgetisHeaderRevenueTextPresent.png"></a>]]>
    </line>
    <line>
      <![CDATA[<a title= "title" href="HeaderWidgetisHeaderRevenueTextPresent.png"><img width="700" height="550" src="HeaderWidgetisHeaderRevenueTextPresent.png"></a>]]>
    </line>
    <line>
      <![CDATA[======================get the revnue value======================]]>
    </line>
    <line>
      <![CDATA[Actual value : $635.9M]]>
    </line>
    <line>
      <![CDATA[Expected value : $635.9M]]>
    </line>
    <line>
      <![CDATA[<a title= "title" href="HeaderWidgetgetRevenueValueInDollars.png"><img width="700" height="550" src="HeaderWidgetgetRevenueValueInDollars.png"></a>]]>
    </line>
    <line>
      <![CDATA[<a title= "title" href="HeaderWidgetgetRevenueValueInDollars.png"><img width="700" height="550" src="HeaderWidgetgetRevenueValueInDollars.png"></a>]]>
    </line>
    <line>
      <![CDATA[======================get the revnue yoy value======================]]>
    </line>
    <line>
      <![CDATA[Actual value : 30.78%]]>
    </line>
    <line>
      <![CDATA[Expected value : 30%]]>
    </line>
    <line>
      <![CDATA[<a title= "title" href="HeaderWidgetgetRevenuePercentYoY.png"><img width="700" height="550" src="HeaderWidgetgetRevenuePercentYoY.png"></a>]]>
    </line>
    <line>
      <![CDATA[<a title= "title" href="HeaderWidgetgetRevenuePercentYoY.png"><img width="700" height="550" src="HeaderWidgetgetRevenuePercentYoY.png"></a>]]>
    </line>
    <line>
      <![CDATA[======================get the revnue pvp value======================]]>
    </line>
    <line>
      <![CDATA[Actual value : 22.58%]]>
    </line>
    <line>
      <![CDATA[Expected value : 2.9%]]>
    </line>
    <line>
      <![CDATA[<a title= "title" href="HeaderWidgetgetRevenuePercentPvP.png"><img width="700" height="550" src="HeaderWidgetgetRevenuePercentPvP.png"></a>]]>
    </line>
    <line>
      <![CDATA[<a title= "title" href="HeaderWidgetgetRevenuePercentPvP.png"><img width="700" height="550" src="HeaderWidgetgetRevenuePercentPvP.png"></a>]]>
    </line>
    <line>
      <![CDATA[======================get the margin text======================]]>
    </line>
    <line>
      <![CDATA[Actual value : MARGIN]]>
    </line>
    <line>
      <![CDATA[Expected value : MARGIN]]>
    </line>
    <line>
      <![CDATA[<a title= "title" href="HeaderWidgetisHeaderMarginTextPresent.png"><img width="700" height="550" src="HeaderWidgetisHeaderMarginTextPresent.png"></a>]]>
    </line>
    <line>
      <![CDATA[<a title= "title" href="HeaderWidgetisHeaderMarginTextPresent.png"><img width="700" height="550" src="HeaderWidgetisHeaderMarginTextPresent.png"></a>]]>
    </line>
    <line>
      <![CDATA[======================get the margin value======================]]>
    </line>
    <line>
      <![CDATA[Expected value : $65.1M]]>
    </line>
    <line>
      <![CDATA[<a title= "title" href="HeaderWidgetgetMarginValueInDollars.png"><img width="700" height="550" src="HeaderWidgetgetMarginValueInDollars.png"></a>]]>
    </line>
    <line>
      <![CDATA[<a title= "title" href="HeaderWidgetgetMarginValueInDollars.png"><img width="700" height="550" src="HeaderWidgetgetMarginValueInDollars.png"></a>]]>
    </line>
    <line>
      <![CDATA[======================get the margin yoy value======================]]>
    </line>
    <line>
      <![CDATA[Actual value : 36.39%]]>
    </line>
    <line>
      <![CDATA[Expected value : 44.1%]]>
    </line>
    <line>
      <![CDATA[<a title= "title" href="HeaderWidgetgetMarginPercentYoY.png"><img width="700" height="550" src="HeaderWidgetgetMarginPercentYoY.png"></a>]]>
    </line>
    <line>
      <![CDATA[<a title= "title" href="HeaderWidgetgetMarginPercentYoY.png"><img width="700" height="550" src="HeaderWidgetgetMarginPercentYoY.png"></a>]]>
    </line>
    <line>
      <![CDATA[======================get the margin pvp value======================]]>
    </line>
    <line>
      <![CDATA[Actual value : -33.71%]]>
    </line>
    <line>
      <![CDATA[Expected value : 33.7%]]>
    </line>
    <line>
      <![CDATA[<a title= "title" href="HeaderWidgetgetMarginPercentPvP.png"><img width="700" height="550" src="HeaderWidgetgetMarginPercentPvP.png"></a>]]>
    </line>
    <line>
      <![CDATA[<a title= "title" href="HeaderWidgetgetMarginPercentPvP.png"><img width="700" height="550" src="HeaderWidgetgetMarginPercentPvP.png"></a>]]>
    </line>
    <line>
      <![CDATA[======================set the dates to get the details======================]]>
    </line>
    <line>
      <![CDATA[<a title= "title" href="ScoreboardWidgetsentDates.png"><img width="700" height="550" src="ScoreboardWidgetsentDates.png"></a>]]>
    </line>
    <line>
      <![CDATA[<a title= "title" href="ScoreboardWidgetsentDates.png"><img width="700" height="550" src="ScoreboardWidgetsentDates.png"></a>]]>
    </line>
    <line>
      <![CDATA[======================get the scoreboard margin text ======================]]>
    </line>
    <line>
      <![CDATA[Actual data :MARGIN]]>
    </line>
    <line>
      <![CDATA[Expected data :MARGIN]]>
    </line>
    <line>
      <![CDATA[<a title= "title" href="ScoreboardWidgetisMarginTextPresent.png"><img width="700" height="550" src="ScoreboardWidgetisMarginTextPresent.png"></a>]]>
    </line>
    <line>
      <![CDATA[<a title= "title" href="ScoreboardWidgetisMarginTextPresent.png"><img width="700" height="550" src="ScoreboardWidgetisMarginTextPresent.png"></a>]]>
    </line>
    <line>
      <![CDATA[======================get the scoreboard margin value======================]]>
    </line>
    <line>
      <![CDATA[Expected value : $65.1M]]>
    </line>
    <line>
      <![CDATA[<a title= "title" href="ScoreboardWidgetgetMarginValue.png"><img width="700" height="550" src="ScoreboardWidgetgetMarginValue.png"></a>]]>
    </line>
    <line>
      <![CDATA[<a title= "title" href="ScoreboardWidgetgetMarginValue.png"><img width="700" height="550" src="ScoreboardWidgetgetMarginValue.png"></a>]]>
    </line>
    <line>
      <![CDATA[======================get the scoreboard margin yoy value======================]]>
    </line>
    <line>
      <![CDATA[Actual value : 44.1%]]>
    </line>
    <line>
      <![CDATA[Expected value : 44.1%]]>
    </line>
    <line>
      <![CDATA[<a title= "title" href="ScoreboardWidgetgetMarginYoYPercent.png"><img width="700" height="550" src="ScoreboardWidgetgetMarginYoYPercent.png"></a>]]>
    </line>
    <line>
      <![CDATA[<a title= "title" href="ScoreboardWidgetgetMarginYoYPercent.png"><img width="700" height="550" src="ScoreboardWidgetgetMarginYoYPercent.png"></a>]]>
    </line>
    <line>
      <![CDATA[======================get the scoreboard margin pvp value======================]]>
    </line>
    <line>
      <![CDATA[Actual value : 33.7%]]>
    </line>
    <line>
      <![CDATA[Expected value : 33.7%]]>
    </line>
    <line>
      <![CDATA[<a title= "title" href="ScoreboardWidgetgetMarginPVPPercent.png"><img width="700" height="550" src="ScoreboardWidgetgetMarginPVPPercent.png"></a>]]>
    </line>
    <line>
      <![CDATA[<a title= "title" href="ScoreboardWidgetgetMarginPVPPercent.png"><img width="700" height="550" src="ScoreboardWidgetgetMarginPVPPercent.png"></a>]]>
    </line>
    <line>
      <![CDATA[======================get the scoreboard revnue text======================]]>
    </line>
    <line>
      <![CDATA[Actual data : REVENUE]]>
    </line>
    <line>
      <![CDATA[Expected data : REVENUE]]>
    </line>
    <line>
      <![CDATA[<a title= "title" href="ScoreboardWidgetisRevenueTextPresent.png"><img width="700" height="550" src="ScoreboardWidgetisRevenueTextPresent.png"></a>]]>
    </line>
    <line>
      <![CDATA[<a title= "title" href="ScoreboardWidgetisRevenueTextPresent.png"><img width="700" height="550" src="ScoreboardWidgetisRevenueTextPresent.png"></a>]]>
    </line>
    <line>
      <![CDATA[======================get the scoreboard revnue value======================]]>
    </line>
    <line>
      <![CDATA[Expected value : $635.9M]]>
    </line>
    <line>
      <![CDATA[<a title= "title" href="ScoreboardWidgetgetRevenueValue.png"><img width="700" height="550" src="ScoreboardWidgetgetRevenueValue.png"></a>]]>
    </line>
    <line>
      <![CDATA[<a title= "title" href="ScoreboardWidgetgetRevenueValue.png"><img width="700" height="550" src="ScoreboardWidgetgetRevenueValue.png"></a>]]>
    </line>
    <line>
      <![CDATA[======================get the scoeboard revnue yoy value======================]]>
    </line>
    <line>
      <![CDATA[Actual value : 30%]]>
    </line>
    <line>
      <![CDATA[Expected value : 30%]]>
    </line>
    <line>
      <![CDATA[<a title= "title" href="ScoreboardWidgetgetRevenueYoYPercent.png"><img width="700" height="550" src="ScoreboardWidgetgetRevenueYoYPercent.png"></a>]]>
    </line>
    <line>
      <![CDATA[<a title= "title" href="ScoreboardWidgetgetRevenueYoYPercent.png"><img width="700" height="550" src="ScoreboardWidgetgetRevenueYoYPercent.png"></a>]]>
    </line>
    <line>
      <![CDATA[======================get the scoreboard revnue pvp value======================]]>
    </line>
    <line>
      <![CDATA[Actual value : 2.9%]]>
    </line>
    <line>
      <![CDATA[Expected value : 2.9%]]>
    </line>
    <line>
      <![CDATA[<a title= "title" href="ScoreboardWidgetgetRevenuePvPPercent.png"><img width="700" height="550" src="ScoreboardWidgetgetRevenuePvPPercent.png"></a>]]>
    </line>
    <line>
      <![CDATA[<a title= "title" href="ScoreboardWidgetgetRevenuePvPPercent.png"><img width="700" height="550" src="ScoreboardWidgetgetRevenuePvPPercent.png"></a>]]>
    </line>
    <line>
      <![CDATA[======================get the scoreboard unit text======================]]>
    </line>
    <line>
      <![CDATA[Actual data : UNITS]]>
    </line>
    <line>
      <![CDATA[Expected data : UNITS]]>
    </line>
    <line>
      <![CDATA[<a title= "title" href="ScoreboardWidgetisUnitsTextPresent.png"><img width="700" height="550" src="ScoreboardWidgetisUnitsTextPresent.png"></a>]]>
    </line>
    <line>
      <![CDATA[<a title= "title" href="ScoreboardWidgetisUnitsTextPresent.png"><img width="700" height="550" src="ScoreboardWidgetisUnitsTextPresent.png"></a>]]>
    </line>
    <line>
      <![CDATA[======================get the scoreboard unit value======================]]>
    </line>
    <line>
      <![CDATA[Actaul value : 22.3M]]>
    </line>
    <line>
      <![CDATA[Expected value :22.3M]]>
    </line>
    <line>
      <![CDATA[<a title= "title" href="ScoreboardWidgetgetUnitsValue.png"><img width="700" height="550" src="ScoreboardWidgetgetUnitsValue.png"></a>]]>
    </line>
    <line>
      <![CDATA[<a title= "title" href="ScoreboardWidgetgetUnitsValue.png"><img width="700" height="550" src="ScoreboardWidgetgetUnitsValue.png"></a>]]>
    </line>
    <line>
      <![CDATA[======================get the scoreboard unit yoy value======================]]>
    </line>
    <line>
      <![CDATA[Actual value : 31%]]>
    </line>
    <line>
      <![CDATA[Expected value : 31%]]>
    </line>
    <line>
      <![CDATA[<a title= "title" href="ScoreboardWidgetgetUnitsYoYPercent.png"><img width="700" height="550" src="ScoreboardWidgetgetUnitsYoYPercent.png"></a>]]>
    </line>
    <line>
      <![CDATA[<a title= "title" href="ScoreboardWidgetgetUnitsYoYPercent.png"><img width="700" height="550" src="ScoreboardWidgetgetUnitsYoYPercent.png"></a>]]>
    </line>
    <line>
      <![CDATA[======================get the scoreboard unit pvp value======================]]>
    </line>
    <line>
      <![CDATA[Actual value : 8.1%]]>
    </line>
    <line>
      <![CDATA[Expected value : 8.1%]]>
    </line>
    <line>
      <![CDATA[<a title= "title" href="ScoreboardWidgetgetUnitsPvPPercent.png"><img width="700" height="550" src="ScoreboardWidgetgetUnitsPvPPercent.png"></a>]]>
    </line>
    <line>
      <![CDATA[<a title= "title" href="ScoreboardWidgetgetUnitsPvPPercent.png"><img width="700" height="550" src="ScoreboardWidgetgetUnitsPvPPercent.png"></a>]]>
    </line>
    <line>
      <![CDATA[======================get the scoreboard Avg saale price text======================]]>
    </line>
    <line>
      <![CDATA[Actual data : AVG SALE PRICE]]>
    </line>
    <line>
      <![CDATA[Expected data : AVG SALE PRICE]]>
    </line>
    <line>
      <![CDATA[<a title= "title" href="ScoreboardWidgetisAvgSalePriceTextPresent.png"><img width="700" height="550" src="ScoreboardWidgetisAvgSalePriceTextPresent.png"></a>]]>
    </line>
    <line>
      <![CDATA[<a title= "title" href="ScoreboardWidgetisAvgSalePriceTextPresent.png"><img width="700" height="550" src="ScoreboardWidgetisAvgSalePriceTextPresent.png"></a>]]>
    </line>
    <line>
      <![CDATA[======================get the scoreboard Avg sale price value======================]]>
    </line>
    <line>
      <![CDATA[Actual value : $28.5]]>
    </line>
    <line>
      <![CDATA[Expected value : $28.5]]>
    </line>
    <line>
      <![CDATA[<a title= "title" href="ScoreboardWidgetgetAvgSalePriceValue.png"><img width="700" height="550" src="ScoreboardWidgetgetAvgSalePriceValue.png"></a>]]>
    </line>
    <line>
      <![CDATA[<a title= "title" href="ScoreboardWidgetgetAvgSalePriceValue.png"><img width="700" height="550" src="ScoreboardWidgetgetAvgSalePriceValue.png"></a>]]>
    </line>
    <line>
      <![CDATA[======================get the scoreboard Avg sale price yoy value======================]]>
    </line>
    <line>
      <![CDATA[Actual value : 1.5%]]>
    </line>
    <line>
      <![CDATA[Expected value : 1.5%]]>
    </line>
    <line>
      <![CDATA[<a title= "title" href="ScoreboardWidgetgetAvgSalePriceYoYPercent.png"><img width="700" height="550" src="ScoreboardWidgetgetAvgSalePriceYoYPercent.png"></a>]]>
    </line>
    <line>
      <![CDATA[<a title= "title" href="ScoreboardWidgetgetAvgSalePriceYoYPercent.png"><img width="700" height="550" src="ScoreboardWidgetgetAvgSalePriceYoYPercent.png"></a>]]>
    </line>
    <line>
      <![CDATA[======================get the scoreboard Avg sale price pvp value======================]]>
    </line>
    <line>
      <![CDATA[Actual value : 12%]]>
    </line>
    <line>
      <![CDATA[Expected value : 12%]]>
    </line>
    <line>
      <![CDATA[<a title= "title" href="ScoreboardWidgetgetAvgSalePricePvPPercent.png"><img width="700" height="550" src="ScoreboardWidgetgetAvgSalePricePvPPercent.png"></a>]]>
    </line>
    <line>
      <![CDATA[<a title= "title" href="ScoreboardWidgetgetAvgSalePricePvPPercent.png"><img width="700" height="550" src="ScoreboardWidgetgetAvgSalePricePvPPercent.png"></a>]]>
    </line>
    <line>
      <![CDATA[======================get the scoreboard conversion text======================]]>
    </line>
    <line>
      <![CDATA[Actual data : CONVERSION]]>
    </line>
    <line>
      <![CDATA[Expected data : CONVERSION]]>
    </line>
    <line>
      <![CDATA[<a title= "title" href="ScoreboardWidgetisConversionPresent.png"><img width="700" height="550" src="ScoreboardWidgetisConversionPresent.png"></a>]]>
    </line>
    <line>
      <![CDATA[<a title= "title" href="ScoreboardWidgetisConversionPresent.png"><img width="700" height="550" src="ScoreboardWidgetisConversionPresent.png"></a>]]>
    </line>
    <line>
      <![CDATA[======================get the scoreboard conversion value======================]]>
    </line>
    <line>
      <![CDATA[Actual value :21%]]>
    </line>
    <line>
      <![CDATA[Expected value :21%]]>
    </line>
    <line>
      <![CDATA[<a title= "title" href="ScoreboardWidgetgetConversionValue.png"><img width="700" height="550" src="ScoreboardWidgetgetConversionValue.png"></a>]]>
    </line>
    <line>
      <![CDATA[<a title= "title" href="ScoreboardWidgetgetConversionValue.png"><img width="700" height="550" src="ScoreboardWidgetgetConversionValue.png"></a>]]>
    </line>
    <line>
      <![CDATA[======================get the scoreboard conversion yoy value======================]]>
    </line>
    <line>
      <![CDATA[Actual value : 6.7%]]>
    </line>
    <line>
      <![CDATA[Expected value : 6.7%]]>
    </line>
    <line>
      <![CDATA[<a title= "title" href="ScoreboardWidgetgetConversionYoYPercent.png"><img width="700" height="550" src="ScoreboardWidgetgetConversionYoYPercent.png"></a>]]>
    </line>
    <line>
      <![CDATA[<a title= "title" href="ScoreboardWidgetgetConversionYoYPercent.png"><img width="700" height="550" src="ScoreboardWidgetgetConversionYoYPercent.png"></a>]]>
    </line>
    <line>
      <![CDATA[======================get the scoreboard conversion pvp value======================]]>
    </line>
    <line>
      <![CDATA[Actual value : 0.3%]]>
    </line>
    <line>
      <![CDATA[Expected value : 0.3%]]>
    </line>
    <line>
      <![CDATA[<a title= "title" href="ScoreboardWidgetgetConversionPvPPercent.png"><img width="700" height="550" src="ScoreboardWidgetgetConversionPvPPercent.png"></a>]]>
    </line>
    <line>
      <![CDATA[<a title= "title" href="ScoreboardWidgetgetConversionPvPPercent.png"><img width="700" height="550" src="ScoreboardWidgetgetConversionPvPPercent.png"></a>]]>
    </line>
    <line>
      <![CDATA[======================get the scoreboard pageview text======================]]>
    </line>
    <line>
      <![CDATA[Actual data : PAGEVIEWS]]>
    </line>
    <line>
      <![CDATA[Expected data : PAGEVIEWS]]>
    </line>
    <line>
      <![CDATA[<a title= "title" href="ScoreboardWidgetisPageViewsPresent.png"><img width="700" height="550" src="ScoreboardWidgetisPageViewsPresent.png"></a>]]>
    </line>
    <line>
      <![CDATA[<a title= "title" href="ScoreboardWidgetisPageViewsPresent.png"><img width="700" height="550" src="ScoreboardWidgetisPageViewsPresent.png"></a>]]>
    </line>
    <line>
      <![CDATA[======================get the scoreboard pageview value======================]]>
    </line>
    <line>
      <![CDATA[Actual value :57.4M]]>
    </line>
    <line>
      <![CDATA[Expected value :57.4M]]>
    </line>
    <line>
      <![CDATA[<a title= "title" href="ScoreboardWidgetgetPageViewsValue.png"><img width="700" height="550" src="ScoreboardWidgetgetPageViewsValue.png"></a>]]>
    </line>
    <line>
      <![CDATA[<a title= "title" href="ScoreboardWidgetgetPageViewsValue.png"><img width="700" height="550" src="ScoreboardWidgetgetPageViewsValue.png"></a>]]>
    </line>
    <line>
      <![CDATA[======================get the scoreboard conversion yoy value======================]]>
    </line>
    <line>
      <![CDATA[Actual value : 33.3%]]>
    </line>
    <line>
      <![CDATA[Expected value : 33.3%]]>
    </line>
    <line>
      <![CDATA[<a title= "title" href="ScoreboardWidgetgetPageViewsYoYPercent.png"><img width="700" height="550" src="ScoreboardWidgetgetPageViewsYoYPercent.png"></a>]]>
    </line>
    <line>
      <![CDATA[<a title= "title" href="ScoreboardWidgetgetPageViewsYoYPercent.png"><img width="700" height="550" src="ScoreboardWidgetgetPageViewsYoYPercent.png"></a>]]>
    </line>
    <line>
      <![CDATA[======================get the scoreboard conversion pvp value======================]]>
    </line>
    <line>
      <![CDATA[Actual value : 0.5%]]>
    </line>
    <line>
      <![CDATA[Expected value : 0.5%]]>
    </line>
    <line>
      <![CDATA[<a title= "title" href="ScoreboardWidgetgetPageViewsPvPPercent.png"><img width="700" height="550" src="ScoreboardWidgetgetPageViewsPvPPercent.png"></a>]]>
    </line>
    <line>
      <![CDATA[<a title= "title" href="ScoreboardWidgetgetPageViewsPvPPercent.png"><img width="700" height="550" src="ScoreboardWidgetgetPageViewsPvPPercent.png"></a>]]>
    </line>
    <line>
      <![CDATA[======================get the scoreboard units per order text======================]]>
    </line>
    <line>
      <![CDATA[Actual data : UNITS PER ORDER]]>
    </line>
    <line>
      <![CDATA[Expected data : UNITS PER ORDER]]>
    </line>
    <line>
      <![CDATA[<a title= "title" href="ScoreboardWidgetisUnitsPerOrder.png"><img width="700" height="550" src="ScoreboardWidgetisUnitsPerOrder.png"></a>]]>
    </line>
    <line>
      <![CDATA[<a title= "title" href="ScoreboardWidgetisUnitsPerOrder.png"><img width="700" height="550" src="ScoreboardWidgetisUnitsPerOrder.png"></a>]]>
    </line>
    <line>
      <![CDATA[======================get the scoreboard units per order value======================]]>
    </line>
    <line>
      <![CDATA[Actual value : 1.9X]]>
    </line>
    <line>
      <![CDATA[Expected value : 1.9X]]>
    </line>
    <line>
      <![CDATA[<a title= "title" href="ScoreboardWidgetgetUnitsPerOrderValue.png"><img width="700" height="550" src="ScoreboardWidgetgetUnitsPerOrderValue.png"></a>]]>
    </line>
    <line>
      <![CDATA[<a title= "title" href="ScoreboardWidgetgetUnitsPerOrderValue.png"><img width="700" height="550" src="ScoreboardWidgetgetUnitsPerOrderValue.png"></a>]]>
    </line>
    <line>
      <![CDATA[======================get the scoreboard units per order yoy value======================]]>
    </line>
    <line>
      <![CDATA[Actual value : 3%]]>
    </line>
    <line>
      <![CDATA[Expected value : 3%]]>
    </line>
    <line>
      <![CDATA[<a title= "title" href="ScoreboardWidgetgetUnitsPerOrderYoYPercent.png"><img width="700" height="550" src="ScoreboardWidgetgetUnitsPerOrderYoYPercent.png"></a>]]>
    </line>
    <line>
      <![CDATA[<a title= "title" href="ScoreboardWidgetgetUnitsPerOrderYoYPercent.png"><img width="700" height="550" src="ScoreboardWidgetgetUnitsPerOrderYoYPercent.png"></a>]]>
    </line>
    <line>
      <![CDATA[======================get the scoreboard units per order pvp value======================]]>
    </line>
    <line>
      <![CDATA[Actual value : 7.4%]]>
    </line>
    <line>
      <![CDATA[Expected value : 7.4%]]>
    </line>
    <line>
      <![CDATA[<a title= "title" href="ScoreboardWidgetgetUnitsPerOrderPvPPercent.png"><img width="700" height="550" src="ScoreboardWidgetgetUnitsPerOrderPvPPercent.png"></a>]]>
    </line>
    <line>
      <![CDATA[<a title= "title" href="ScoreboardWidgetgetUnitsPerOrderPvPPercent.png"><img width="700" height="550" src="ScoreboardWidgetgetUnitsPerOrderPvPPercent.png"></a>]]>
    </line>
    <line>
      <![CDATA[======================set the dates to get the details======================]]>
    </line>
    <line>
      <![CDATA[<a title= "title" href="BigMoverssentDates.png"><img width="700" height="550" src="BigMoverssentDates.png"></a>]]>
    </line>
    <line>
      <![CDATA[<a title= "title" href="BigMoverssentDates.png"><img width="700" height="550" src="BigMoverssentDates.png"></a>]]>
    </line>
    <line>
      <![CDATA[======================get the bigmovers text======================]]>
    </line>
    <line>
      <![CDATA[Actual data : BIG MOVERS]]>
    </line>
    <line>
      <![CDATA[Expected data : BIG MOVERS]]>
    </line>
    <line>
      <![CDATA[<a title= "title" href="BigMoversisBigmoversTextpresent.png"><img width="700" height="550" src="BigMoversisBigmoversTextpresent.png"></a>]]>
    </line>
    <line>
      <![CDATA[<a title= "title" href="BigMoversisBigmoversTextpresent.png"><img width="700" height="550" src="BigMoversisBigmoversTextpresent.png"></a>]]>
    </line>
    <line>
      <![CDATA[======================get the bigmovers all text======================]]>
    </line>
    <line>
      <![CDATA[Actual data : ALL]]>
    </line>
    <line>
      <![CDATA[Expected data : ALL]]>
    </line>
    <line>
      <![CDATA[<a title= "title" href="BigMoversisBigmoversAllTextpresent.png"><img width="700" height="550" src="BigMoversisBigmoversAllTextpresent.png"></a>]]>
    </line>
    <line>
      <![CDATA[<a title= "title" href="BigMoversisBigmoversAllTextpresent.png"><img width="700" height="550" src="BigMoversisBigmoversAllTextpresent.png"></a>]]>
    </line>
    <line>
      <![CDATA[======================get the bigmovers winners text======================]]>
    </line>
    <line>
      <![CDATA[Actual data : WINNERS]]>
    </line>
    <line>
      <![CDATA[Expected data : WINNERS]]>
    </line>
    <line>
      <![CDATA[<a title= "title" href="BigMoversisBigmoversWinnnersTextpresent.png"><img width="700" height="550" src="BigMoversisBigmoversWinnnersTextpresent.png"></a>]]>
    </line>
    <line>
      <![CDATA[<a title= "title" href="BigMoversisBigmoversWinnnersTextpresent.png"><img width="700" height="550" src="BigMoversisBigmoversWinnnersTextpresent.png"></a>]]>
    </line>
    <line>
      <![CDATA[======================get the bigmovers loosers text======================]]>
    </line>
    <line>
      <![CDATA[Actual data : LOSERS]]>
    </line>
    <line>
      <![CDATA[Expected data : LOSERS]]>
    </line>
    <line>
      <![CDATA[<a title= "title" href="BigMoversisBigmoversLosersTextpresent.png"><img width="700" height="550" src="BigMoversisBigmoversLosersTextpresent.png"></a>]]>
    </line>
    <line>
      <![CDATA[<a title= "title" href="BigMoversisBigmoversLosersTextpresent.png"><img width="700" height="550" src="BigMoversisBigmoversLosersTextpresent.png"></a>]]>
    </line>
    <line>
      <![CDATA[======================get the bigmovers categories text======================]]>
    </line>
    <line>
      <![CDATA[Actual data : CATEGORIES]]>
    </line>
    <line>
      <![CDATA[Expected data : CATEGORIES]]>
    </line>
    <line>
      <![CDATA[<a title= "title" href="BigMoversisBigmoversCategoriesTextpresent.png"><img width="700" height="550" src="BigMoversisBigmoversCategoriesTextpresent.png"></a>]]>
    </line>
    <line>
      <![CDATA[<a title= "title" href="BigMoversisBigmoversCategoriesTextpresent.png"><img width="700" height="550" src="BigMoversisBigmoversCategoriesTextpresent.png"></a>]]>
    </line>
    <line>
      <![CDATA[======================get the bigmovers brand text======================]]>
    </line>
    <line>
      <![CDATA[Actual data : BRANDS]]>
    </line>
    <line>
      <![CDATA[Expected data : BRANDS]]>
    </line>
    <line>
      <![CDATA[<a title= "title" href="BigMoversisBigmoversBrandsTextpresent.png"><img width="700" height="550" src="BigMoversisBigmoversBrandsTextpresent.png"></a>]]>
    </line>
    <line>
      <![CDATA[<a title= "title" href="BigMoversisBigmoversBrandsTextpresent.png"><img width="700" height="550" src="BigMoversisBigmoversBrandsTextpresent.png"></a>]]>
    </line>
    <line>
      <![CDATA[======================get the bigmovers all losers list======================]]>
    </line>
    <line>
      <![CDATA[Actual categories data : overstock]]>
    </line>
    <line>
      <![CDATA[Expected categories data : overstock]]>
    </line>
    <line>
      <![CDATA[<a title= "title" href="BigMoversgetbigmoversallLosersdata.png"><img width="700" height="550" src="BigMoversgetbigmoversallLosersdata.png"></a>]]>
    </line>
    <line>
      <![CDATA[<a title= "title" href="BigMoversgetbigmoversallLosersdata.png"><img width="700" height="550" src="BigMoversgetbigmoversallLosersdata.png"></a>]]>
    </line>
    <line>
      <![CDATA[======================get the bigmovers all winners list======================]]>
    </line>
    <line>
      <![CDATA[No items present in this list]]>
    </line>
    <line>
      <![CDATA[<a title= "title" href="BigMoversgetbigmoversallWinnersdata.png"><img width="700" height="550" src="BigMoversgetbigmoversallWinnersdata.png"></a>]]>
    </line>
    <line>
      <![CDATA[<a title= "title" href="BigMoversgetbigmoversallWinnersdata.png"><img width="700" height="550" src="BigMoversgetbigmoversallWinnersdata.png"></a>]]>
    </line>
    <line>
      <![CDATA[======================get the bigmovers winners categories list======================]]>
    </line>
    <line>
      <![CDATA[No items present in this list]]>
    </line>
    <line>
      <![CDATA[<a title= "title" href="BigMoversgetbigmoversCategoriesWinnersdata.png"><img width="700" height="550" src="BigMoversgetbigmoversCategoriesWinnersdata.png"></a>]]>
    </line>
    <line>
      <![CDATA[<a title= "title" href="BigMoversgetbigmoversCategoriesWinnersdata.png"><img width="700" height="550" src="BigMoversgetbigmoversCategoriesWinnersdata.png"></a>]]>
    </line>
    <line>
      <![CDATA[======================get the bigmovers winners brands list======================]]>
    </line>
    <line>
      <![CDATA[No items present in this list]]>
    </line>
    <line>
      <![CDATA[<a title= "title" href="BigMoversgetbigmoversBrandsWinnersdata.png"><img width="700" height="550" src="BigMoversgetbigmoversBrandsWinnersdata.png"></a>]]>
    </line>
    <line>
      <![CDATA[<a title= "title" href="BigMoversgetbigmoversBrandsWinnersdata.png"><img width="700" height="550" src="BigMoversgetbigmoversBrandsWinnersdata.png"></a>]]>
    </line>
    <line>
      <![CDATA[======================get the bigmovers losers categories list======================]]>
    </line>
    <line>
      <![CDATA[Actual categories data : ink]]>
    </line>
    <line>
      <![CDATA[Expected categories data : ink]]>
    </line>
    <line>
      <![CDATA[<a title= "title" href="BigMoversgetbigmoversCategoriesLosersdata.png"><img width="700" height="550" src="BigMoversgetbigmoversCategoriesLosersdata.png"></a>]]>
    </line>
    <line>
      <![CDATA[<a title= "title" href="BigMoversgetbigmoversCategoriesLosersdata.png"><img width="700" height="550" src="BigMoversgetbigmoversCategoriesLosersdata.png"></a>]]>
    </line>
    <line>
      <![CDATA[======================get the bigmovers losers brands list======================]]>
    </line>
    <line>
      <![CDATA[Actual categories data : overstock]]>
    </line>
    <line>
      <![CDATA[Expected categories data : overstock]]>
    </line>
    <line>
      <![CDATA[<a title= "title" href="BigMoversgetbigmoversBrandsLosersdata.png"><img width="700" height="550" src="BigMoversgetbigmoversBrandsLosersdata.png"></a>]]>
    </line>
    <line>
      <![CDATA[<a title= "title" href="BigMoversgetbigmoversBrandsLosersdata.png"><img width="700" height="550" src="BigMoversgetbigmoversBrandsLosersdata.png"></a>]]>
    </line>
    <line>
      <![CDATA[======================get the bigmovers Losers all yoy list======================]]>
    </line>
    <line>
      <![CDATA[<a title= "title" href="BigMoversgetBigmoversLosersallYOYvalue.png"><img width="700" height="550" src="BigMoversgetBigmoversLosersallYOYvalue.png"></a>]]>
    </line>
    <line>
      <![CDATA[<a title= "title" href="BigMoversgetBigmoversLosersallYOYvalue.png"><img width="700" height="550" src="BigMoversgetBigmoversLosersallYOYvalue.png"></a>]]>
    </line>
    <line>
      <![CDATA[======================get the bigmovers losers categories yoy list======================]]>
    </line>
    <line>
      <![CDATA[Actual data : 169.8]]>
    </line>
    <line>
      <![CDATA[Expected data : 169.8]]>
    </line>
    <line>
      <![CDATA[<a title= "title" href="BigMoversgetBigmoversLoserscategoriesYOYvalue.png"><img width="700" height="550" src="BigMoversgetBigmoversLoserscategoriesYOYvalue.png"></a>]]>
    </line>
    <line>
      <![CDATA[<a title= "title" href="BigMoversgetBigmoversLoserscategoriesYOYvalue.png"><img width="700" height="550" src="BigMoversgetBigmoversLoserscategoriesYOYvalue.png"></a>]]>
    </line>
    <line>
      <![CDATA[======================get the bigmovers losers brands yoy list======================]]>
    </line>
    <line>
      <![CDATA[Actual data : 25]]>
    </line>
    <line>
      <![CDATA[Expected data : 25]]>
    </line>
    <line>
      <![CDATA[<a title= "title" href="BigMoversgetBigmoversLosersbrandsYOYvalue.png"><img width="700" height="550" src="BigMoversgetBigmoversLosersbrandsYOYvalue.png"></a>]]>
    </line>
    <line>
      <![CDATA[<a title= "title" href="BigMoversgetBigmoversLosersbrandsYOYvalue.png"><img width="700" height="550" src="BigMoversgetBigmoversLosersbrandsYOYvalue.png"></a>]]>
    </line>
    <line>
      <![CDATA[======================get the bigmovers winners all yoy list======================]]>
    </line>
    <line>
      <![CDATA[No items present in this list]]>
    </line>
    <line>
      <![CDATA[<a title= "title" href="BigMoversgetBigmoversWinnersallYOYvalue.png"><img width="700" height="550" src="BigMoversgetBigmoversWinnersallYOYvalue.png"></a>]]>
    </line>
    <line>
      <![CDATA[<a title= "title" href="BigMoversgetBigmoversWinnersallYOYvalue.png"><img width="700" height="550" src="BigMoversgetBigmoversWinnersallYOYvalue.png"></a>]]>
    </line>
    <line>
      <![CDATA[======================get the bigmovers winners categories yoy list======================]]>
    </line>
    <line>
      <![CDATA[Actual data : 24.8]]>
    </line>
    <line>
      <![CDATA[Expected data : 24.8]]>
    </line>
    <line>
      <![CDATA[<a title= "title" href="BigMoversgetBigmoversWinnerscategoriesYOYvalue.png"><img width="700" height="550" src="BigMoversgetBigmoversWinnerscategoriesYOYvalue.png"></a>]]>
    </line>
    <line>
      <![CDATA[<a title= "title" href="BigMoversgetBigmoversWinnerscategoriesYOYvalue.png"><img width="700" height="550" src="BigMoversgetBigmoversWinnerscategoriesYOYvalue.png"></a>]]>
    </line>
    <line>
      <![CDATA[======================get the bigmovers winners brands yoy list======================]]>
    </line>
    <line>
      <![CDATA[No items present in this list]]>
    </line>
    <line>
      <![CDATA[<a title= "title" href="BigMoversgetBigmoversWinnersbrandsYOYvalue.png"><img width="700" height="550" src="BigMoversgetBigmoversWinnersbrandsYOYvalue.png"></a>]]>
    </line>
    <line>
      <![CDATA[<a title= "title" href="BigMoversgetBigmoversWinnersbrandsYOYvalue.png"><img width="700" height="550" src="BigMoversgetBigmoversWinnersbrandsYOYvalue.png"></a>]]>
    </line>
    <line>
      <![CDATA[======================get the bigmovers losers all pvp list======================]]>
    </line>
    <line>
      <![CDATA[<a title= "title" href="BigMoversgetBigmoversLosersallPVPvalue.png"><img width="700" height="550" src="BigMoversgetBigmoversLosersallPVPvalue.png"></a>]]>
    </line>
    <line>
      <![CDATA[<a title= "title" href="BigMoversgetBigmoversLosersallPVPvalue.png"><img width="700" height="550" src="BigMoversgetBigmoversLosersallPVPvalue.png"></a>]]>
    </line>
    <line>
      <![CDATA[======================get the bigmovers losers categories pvp list======================]]>
    </line>
    <line>
      <![CDATA[Actual data : 24.1]]>
    </line>
    <line>
      <![CDATA[Expected data : 24.1]]>
    </line>
    <line>
      <![CDATA[<a title= "title" href="BigMoversgetBigmoversLoserscategoriesPVPvalue.png"><img width="700" height="550" src="BigMoversgetBigmoversLoserscategoriesPVPvalue.png"></a>]]>
    </line>
    <line>
      <![CDATA[<a title= "title" href="BigMoversgetBigmoversLoserscategoriesPVPvalue.png"><img width="700" height="550" src="BigMoversgetBigmoversLoserscategoriesPVPvalue.png"></a>]]>
    </line>
    <line>
      <![CDATA[======================get the bigmovers losers brands pvp list======================]]>
    </line>
    <line>
      <![CDATA[Actual data : 23.4]]>
    </line>
    <line>
      <![CDATA[Expected data : 23.4]]>
    </line>
    <line>
      <![CDATA[<a title= "title" href="BigMoversgetBigmoversLosersbrandsPVPvalue.png"><img width="700" height="550" src="BigMoversgetBigmoversLosersbrandsPVPvalue.png"></a>]]>
    </line>
    <line>
      <![CDATA[<a title= "title" href="BigMoversgetBigmoversLosersbrandsPVPvalue.png"><img width="700" height="550" src="BigMoversgetBigmoversLosersbrandsPVPvalue.png"></a>]]>
    </line>
    <line>
      <![CDATA[======================get the bigmovers winners all pvp list======================]]>
    </line>
    <line>
      <![CDATA[No items present in this list]]>
    </line>
    <line>
      <![CDATA[<a title= "title" href="BigMoversgetBigmoversWinnersallPVPvalue.png"><img width="700" height="550" src="BigMoversgetBigmoversWinnersallPVPvalue.png"></a>]]>
    </line>
    <line>
      <![CDATA[<a title= "title" href="BigMoversgetBigmoversWinnersallPVPvalue.png"><img width="700" height="550" src="BigMoversgetBigmoversWinnersallPVPvalue.png"></a>]]>
    </line>
    <line>
      <![CDATA[======================get the bigmovers winners categories pvp list======================]]>
    </line>
    <line>
      <![CDATA[Actual data : 3]]>
    </line>
    <line>
      <![CDATA[Expected data : 3]]>
    </line>
    <line>
      <![CDATA[<a title= "title" href="BigMoversgetBigmoversWinnerscategoriesPVPvalue.png"><img width="700" height="550" src="BigMoversgetBigmoversWinnerscategoriesPVPvalue.png"></a>]]>
    </line>
    <line>
      <![CDATA[<a title= "title" href="BigMoversgetBigmoversWinnerscategoriesPVPvalue.png"><img width="700" height="550" src="BigMoversgetBigmoversWinnerscategoriesPVPvalue.png"></a>]]>
    </line>
    <line>
      <![CDATA[======================get the bigmovers winners brands pvp list======================]]>
    </line>
    <line>
      <![CDATA[No items present in this list]]>
    </line>
    <line>
      <![CDATA[<a title= "title" href="BigMoversgetBigmoversWinnersbrandsPVPvalue.png"><img width="700" height="550" src="BigMoversgetBigmoversWinnersbrandsPVPvalue.png"></a>]]>
    </line>
    <line>
      <![CDATA[<a title= "title" href="BigMoversgetBigmoversWinnersbrandsPVPvalue.png"><img width="700" height="550" src="BigMoversgetBigmoversWinnersbrandsPVPvalue.png"></a>]]>
    </line>
  </reporter-output>
  <suite name="HeaderWidget" duration-ms="46439" started-at="2017-04-03T10:01:33Z" finished-at="2017-04-03T10:02:20Z">
    <groups>
    </groups>
    <test name="sentDates" duration-ms="10108" started-at="2017-04-03T10:01:33Z" finished-at="2017-04-03T10:01:44Z">
      <class name="com.boomerang.canvas.suite.Testcases">
        <test-method status="PASS" signature="createreport(org.testng.ITestContext, java.lang.String)[pri:0, instance:com.boomerang.canvas.suite.Testcases@1c33c17b]" name="createreport" is-config="true" duration-ms="0" started-at="2017-04-03T15:31:33Z" finished-at="2017-04-03T15:31:33Z">
          <params>
            <param index="0">
              <value>
                <![CDATA[org.testng.TestRunner@5e7abaf7]]>
              </value>
            </param>
            <param index="1">
              <value>
                <![CDATA[HeaderWidget]]>
              </value>
            </param>
          </params>
          <reporter-output>
          </reporter-output>
        </test-method> <!-- createreport -->
        <test-method status="PASS" signature="sentDates(java.lang.String, java.lang.String)[pri:0, instance:com.boomerang.canvas.suite.Testcases@1c33c17b]" name="sentDates" duration-ms="6422" started-at="2017-04-03T15:31:33Z" description="Sending the strat and end dates to get the dashbaord related data" finished-at="2017-04-03T15:31:40Z">
          <params>
            <param index="0">
              <value>
                <![CDATA[11/21/2016]]>
              </value>
            </param>
            <param index="1">
              <value>
                <![CDATA[04/18/2017]]>
              </value>
            </param>
          </params>
          <reporter-output>
            <line>
              <![CDATA[======================set the dates to get the details======================]]>
            </line>
            <line>
              <![CDATA[<a title= "title" href="HeaderWidgetsentDates.png"><img width="700" height="550" src="HeaderWidgetsentDates.png"></a>]]>
            </line>
          </reporter-output>
        </test-method> <!-- sentDates -->
        <test-method status="PASS" signature="screenshot(org.testng.ITestResult, java.lang.String, java.lang.reflect.Method)[pri:0, instance:com.boomerang.canvas.suite.Testcases@1c33c17b]" name="screenshot" is-config="true" duration-ms="3685" started-at="2017-04-03T15:31:40Z" finished-at="2017-04-03T15:31:44Z">
          <params>
            <param index="0">
              <value>
                <![CDATA[[TestResult name=sentDates status=SUCCESS method=Testcases.sentDates(java.lang.String, java.lang.String)[pri:0, instance:com.boomerang.canvas.suite.Testcases@1c33c17b] output=======================set the dates to get the details======================]]]>
              </value>
            </param>
            <param index="1">
              <value>
                <![CDATA[HeaderWidget]]>
              </value>
            </param>
            <param index="2">
              <value>
                <![CDATA[public void com.boomerang.canvas.suite.Testcases.sentDates(java.lang.String,java.lang.String) throws java.lang.Exception]]>
              </value>
            </param>
          </params>
          <reporter-output>
            <line>
              <![CDATA[<a title= "title" href="HeaderWidgetsentDates.png"><img width="700" height="550" src="HeaderWidgetsentDates.png"></a>]]>
            </line>
          </reporter-output>
        </test-method> <!-- screenshot -->
      </class> <!-- com.boomerang.canvas.suite.Testcases -->
    </test> <!-- sentDates -->
    <test name="isHeaderRevenueTextPresent" duration-ms="3822" started-at="2017-04-03T10:01:44Z" finished-at="2017-04-03T10:01:47Z">
      <class name="com.boomerang.canvas.suite.Testcases">
        <test-method status="PASS" signature="isHeaderRevenueTextPresent(java.lang.String)[pri:0, instance:com.boomerang.canvas.suite.Testcases@54e7df6a]" name="isHeaderRevenueTextPresent" duration-ms="78" started-at="2017-04-03T15:31:44Z" description="Verifying the Revenue text is present in header widget or not" finished-at="2017-04-03T15:31:44Z">
          <params>
            <param index="0">
              <value>
                <![CDATA[REVENUE]]>
              </value>
            </param>
          </params>
          <reporter-output>
            <line>
              <![CDATA[======================get the revnue text======================]]>
            </line>
            <line>
              <![CDATA[Actual value : REVENUE]]>
            </line>
            <line>
              <![CDATA[Expected value : REVENUE]]>
            </line>
            <line>
              <![CDATA[<a title= "title" href="HeaderWidgetisHeaderRevenueTextPresent.png"><img width="700" height="550" src="HeaderWidgetisHeaderRevenueTextPresent.png"></a>]]>
            </line>
          </reporter-output>
        </test-method> <!-- isHeaderRevenueTextPresent -->
        <test-method status="PASS" signature="createreport(org.testng.ITestContext, java.lang.String)[pri:0, instance:com.boomerang.canvas.suite.Testcases@54e7df6a]" name="createreport" is-config="true" duration-ms="0" started-at="2017-04-03T15:31:44Z" finished-at="2017-04-03T15:31:44Z">
          <params>
            <param index="0">
              <value>
                <![CDATA[org.testng.TestRunner@353f472a]]>
              </value>
            </param>
            <param index="1">
              <value>
                <![CDATA[HeaderWidget]]>
              </value>
            </param>
          </params>
          <reporter-output>
          </reporter-output>
        </test-method> <!-- createreport -->
        <test-method status="PASS" signature="screenshot(org.testng.ITestResult, java.lang.String, java.lang.reflect.Method)[pri:0, instance:com.boomerang.canvas.suite.Testcases@54e7df6a]" name="screenshot" is-config="true" duration-ms="3744" started-at="2017-04-03T15:31:44Z" finished-at="2017-04-03T15:31:47Z">
          <params>
            <param index="0">
              <value>
                <![CDATA[[TestResult name=isHeaderRevenueTextPresent status=SUCCESS method=Testcases.isHeaderRevenueTextPresent(java.lang.String)[pri:0, instance:com.boomerang.canvas.suite.Testcases@54e7df6a] output=======================get the revnue text======================]]]>
              </value>
            </param>
            <param index="1">
              <value>
                <![CDATA[HeaderWidget]]>
              </value>
            </param>
            <param index="2">
              <value>
                <![CDATA[public void com.boomerang.canvas.suite.Testcases.isHeaderRevenueTextPresent(java.lang.String) throws java.lang.Exception]]>
              </value>
            </param>
          </params>
          <reporter-output>
            <line>
              <![CDATA[<a title= "title" href="HeaderWidgetisHeaderRevenueTextPresent.png"><img width="700" height="550" src="HeaderWidgetisHeaderRevenueTextPresent.png"></a>]]>
            </line>
          </reporter-output>
        </test-method> <!-- screenshot -->
      </class> <!-- com.boomerang.canvas.suite.Testcases -->
    </test> <!-- isHeaderRevenueTextPresent -->
    <test name="getRevenueValueInDollars" duration-ms="12127" started-at="2017-04-03T10:01:47Z" finished-at="2017-04-03T10:02:00Z">
      <class name="com.boomerang.canvas.suite.Testcases">
        <test-method status="PASS" signature="getRevenueValueInDollars()[pri:0, instance:com.boomerang.canvas.suite.Testcases@764faa6]" name="getRevenueValueInDollars" duration-ms="121" started-at="2017-04-03T15:31:47Z" description="Verifying the Revenue value from Header Widget across Revenue value which is comming from Backend" finished-at="2017-04-03T15:31:48Z">
          <reporter-output>
            <line>
              <![CDATA[======================get the revnue value======================]]>
            </line>
            <line>
              <![CDATA[Actual value : $635.9M]]>
            </line>
            <line>
              <![CDATA[Expected value : $635.9M]]>
            </line>
            <line>
              <![CDATA[<a title= "title" href="HeaderWidgetgetRevenueValueInDollars.png"><img width="700" height="550" src="HeaderWidgetgetRevenueValueInDollars.png"></a>]]>
            </line>
          </reporter-output>
        </test-method> <!-- getRevenueValueInDollars -->
        <test-method status="PASS" signature="createreport(org.testng.ITestContext, java.lang.String)[pri:0, instance:com.boomerang.canvas.suite.Testcases@764faa6]" name="createreport" is-config="true" duration-ms="0" started-at="2017-04-03T15:31:47Z" finished-at="2017-04-03T15:31:47Z">
          <params>
            <param index="0">
              <value>
                <![CDATA[org.testng.TestRunner@63bfdbcb]]>
              </value>
            </param>
            <param index="1">
              <value>
                <![CDATA[HeaderWidget]]>
              </value>
            </param>
          </params>
          <reporter-output>
          </reporter-output>
        </test-method> <!-- createreport -->
        <test-method status="PASS" signature="screenshot(org.testng.ITestResult, java.lang.String, java.lang.reflect.Method)[pri:0, instance:com.boomerang.canvas.suite.Testcases@764faa6]" name="screenshot" is-config="true" duration-ms="12006" started-at="2017-04-03T15:31:48Z" finished-at="2017-04-03T15:32:00Z">
          <params>
            <param index="0">
              <value>
                <![CDATA[[TestResult name=getRevenueValueInDollars status=SUCCESS method=Testcases.getRevenueValueInDollars()[pri:0, instance:com.boomerang.canvas.suite.Testcases@764faa6] output=======================get the revnue value======================]]]>
              </value>
            </param>
            <param index="1">
              <value>
                <![CDATA[HeaderWidget]]>
              </value>
            </param>
            <param index="2">
              <value>
                <![CDATA[public void com.boomerang.canvas.suite.Testcases.getRevenueValueInDollars() throws java.lang.Exception]]>
              </value>
            </param>
          </params>
          <reporter-output>
            <line>
              <![CDATA[<a title= "title" href="HeaderWidgetgetRevenueValueInDollars.png"><img width="700" height="550" src="HeaderWidgetgetRevenueValueInDollars.png"></a>]]>
            </line>
          </reporter-output>
        </test-method> <!-- screenshot -->
      </class> <!-- com.boomerang.canvas.suite.Testcases -->
    </test> <!-- getRevenueValueInDollars -->
    <test name="getRevenuePercentYoY" duration-ms="3185" started-at="2017-04-03T10:02:00Z" finished-at="2017-04-03T10:02:03Z">
      <class name="com.boomerang.canvas.suite.Testcases">
        <test-method status="PASS" signature="createreport(org.testng.ITestContext, java.lang.String)[pri:0, instance:com.boomerang.canvas.suite.Testcases@484094a5]" name="createreport" is-config="true" duration-ms="0" started-at="2017-04-03T15:32:00Z" finished-at="2017-04-03T15:32:00Z">
          <params>
            <param index="0">
              <value>
                <![CDATA[org.testng.TestRunner@7af0affa]]>
              </value>
            </param>
            <param index="1">
              <value>
                <![CDATA[HeaderWidget]]>
              </value>
            </param>
          </params>
          <reporter-output>
          </reporter-output>
        </test-method> <!-- createreport -->
        <test-method status="FAIL" signature="getRevenuePercentYoY()[pri:0, instance:com.boomerang.canvas.suite.Testcases@484094a5]" name="getRevenuePercentYoY" duration-ms="71" started-at="2017-04-03T15:32:00Z" description="Verifying the Revenue YOY value from Header Widget across Revenue YOY value which is comming from Backend" finished-at="2017-04-03T15:32:00Z">
          <exception class="java.lang.AssertionError">
            <message>
              <![CDATA[expected [30%] but found [30.78%]]]>
            </message>
            <full-stacktrace>
              <![CDATA[java.lang.AssertionError: expected [30%] but found [30.78%]
	at org.testng.Assert.fail(Assert.java:94)
	at org.testng.Assert.failNotEquals(Assert.java:496)
	at org.testng.Assert.assertEquals(Assert.java:125)
	at org.testng.Assert.assertEquals(Assert.java:178)
	at org.testng.Assert.assertEquals(Assert.java:188)
	at com.boomerang.canvas.genericlibrary.Genericlib.getYOYandPVPvalues(Genericlib.java:171)
	at com.boomerang.canvas.suite.Testcases.getRevenuePercentYoY(Testcases.java:168)
	at sun.reflect.NativeMethodAccessorImpl.invoke0(Native Method)
	at sun.reflect.NativeMethodAccessorImpl.invoke(NativeMethodAccessorImpl.java:62)
	at sun.reflect.DelegatingMethodAccessorImpl.invoke(DelegatingMethodAccessorImpl.java:43)
	at java.lang.reflect.Method.invoke(Method.java:498)
	at org.testng.internal.MethodInvocationHelper.invokeMethod(MethodInvocationHelper.java:85)
	at org.testng.internal.Invoker.invokeMethod(Invoker.java:659)
	at org.testng.internal.Invoker.invokeTestMethod(Invoker.java:845)
	at org.testng.internal.Invoker.invokeTestMethods(Invoker.java:1153)
	at org.testng.internal.TestMethodWorker.invokeTestMethods(TestMethodWorker.java:125)
	at org.testng.internal.TestMethodWorker.run(TestMethodWorker.java:108)
	at org.testng.TestRunner.privateRun(TestRunner.java:771)
	at org.testng.TestRunner.run(TestRunner.java:621)
	at org.testng.SuiteRunner.runTest(SuiteRunner.java:357)
	at org.testng.SuiteRunner.runSequentially(SuiteRunner.java:352)
	at org.testng.SuiteRunner.privateRun(SuiteRunner.java:310)
	at org.testng.SuiteRunner.run(SuiteRunner.java:259)
	at org.testng.SuiteRunnerWorker.runSuite(SuiteRunnerWorker.java:52)
	at org.testng.SuiteRunnerWorker.run(SuiteRunnerWorker.java:86)
	at org.testng.TestNG.runSuitesSequentially(TestNG.java:1199)
	at org.testng.TestNG.runSuitesLocally(TestNG.java:1124)
	at org.testng.TestNG.run(TestNG.java:1032)
	at com.boomerang.canvas.suite.Testsuite.runTests(Testsuite.java:85)
	at com.boomerang.canvas.suite.Testsuite.suitetest(Testsuite.java:98)
	at com.boomerang.canvas.suite.Testsuite.main(Testsuite.java:106)
]]>
            </full-stacktrace>
          </exception> <!-- java.lang.AssertionError -->
          <reporter-output>
            <line>
              <![CDATA[======================get the revnue yoy value======================]]>
            </line>
            <line>
              <![CDATA[Actual value : 30.78%]]>
            </line>
            <line>
              <![CDATA[Expected value : 30%]]>
            </line>
            <line>
              <![CDATA[<a title= "title" href="HeaderWidgetgetRevenuePercentYoY.png"><img width="700" height="550" src="HeaderWidgetgetRevenuePercentYoY.png"></a>]]>
            </line>
          </reporter-output>
        </test-method> <!-- getRevenuePercentYoY -->
        <test-method status="PASS" signature="screenshot(org.testng.ITestResult, java.lang.String, java.lang.reflect.Method)[pri:0, instance:com.boomerang.canvas.suite.Testcases@484094a5]" name="screenshot" is-config="true" duration-ms="3111" started-at="2017-04-03T15:32:00Z" finished-at="2017-04-03T15:32:03Z">
          <params>
            <param index="0">
              <value>
                <![CDATA[[TestResult name=getRevenuePercentYoY status=FAILURE method=Testcases.getRevenuePercentYoY()[pri:0, instance:com.boomerang.canvas.suite.Testcases@484094a5] output=======================get the revnue yoy value======================]]]>
              </value>
            </param>
            <param index="1">
              <value>
                <![CDATA[HeaderWidget]]>
              </value>
            </param>
            <param index="2">
              <value>
                <![CDATA[public void com.boomerang.canvas.suite.Testcases.getRevenuePercentYoY() throws java.lang.Exception]]>
              </value>
            </param>
          </params>
          <reporter-output>
            <line>
              <![CDATA[<a title= "title" href="HeaderWidgetgetRevenuePercentYoY.png"><img width="700" height="550" src="HeaderWidgetgetRevenuePercentYoY.png"></a>]]>
            </line>
          </reporter-output>
        </test-method> <!-- screenshot -->
      </class> <!-- com.boomerang.canvas.suite.Testcases -->
    </test> <!-- getRevenuePercentYoY -->
    <test name="getRevenuePercentPvP" duration-ms="3160" started-at="2017-04-03T10:02:03Z" finished-at="2017-04-03T10:02:06Z">
      <class name="com.boomerang.canvas.suite.Testcases">
        <test-method status="FAIL" signature="getRevenuePercentPvP()[pri:0, instance:com.boomerang.canvas.suite.Testcases@32c726ee]" name="getRevenuePercentPvP" duration-ms="69" started-at="2017-04-03T15:32:03Z" description="Verifying the Revenue PVP value from Header Widget across Revenue PVP value which is comming from Backend" finished-at="2017-04-03T15:32:03Z">
          <exception class="java.lang.AssertionError">
            <message>
              <![CDATA[expected [2.9%] but found [22.58%]]]>
            </message>
            <full-stacktrace>
              <![CDATA[java.lang.AssertionError: expected [2.9%] but found [22.58%]
	at org.testng.Assert.fail(Assert.java:94)
	at org.testng.Assert.failNotEquals(Assert.java:496)
	at org.testng.Assert.assertEquals(Assert.java:125)
	at org.testng.Assert.assertEquals(Assert.java:178)
	at org.testng.Assert.assertEquals(Assert.java:188)
	at com.boomerang.canvas.genericlibrary.Genericlib.getYOYandPVPvalues(Genericlib.java:171)
	at com.boomerang.canvas.suite.Testcases.getRevenuePercentPvP(Testcases.java:174)
	at sun.reflect.NativeMethodAccessorImpl.invoke0(Native Method)
	at sun.reflect.NativeMethodAccessorImpl.invoke(NativeMethodAccessorImpl.java:62)
	at sun.reflect.DelegatingMethodAccessorImpl.invoke(DelegatingMethodAccessorImpl.java:43)
	at java.lang.reflect.Method.invoke(Method.java:498)
	at org.testng.internal.MethodInvocationHelper.invokeMethod(MethodInvocationHelper.java:85)
	at org.testng.internal.Invoker.invokeMethod(Invoker.java:659)
	at org.testng.internal.Invoker.invokeTestMethod(Invoker.java:845)
	at org.testng.internal.Invoker.invokeTestMethods(Invoker.java:1153)
	at org.testng.internal.TestMethodWorker.invokeTestMethods(TestMethodWorker.java:125)
	at org.testng.internal.TestMethodWorker.run(TestMethodWorker.java:108)
	at org.testng.TestRunner.privateRun(TestRunner.java:771)
	at org.testng.TestRunner.run(TestRunner.java:621)
	at org.testng.SuiteRunner.runTest(SuiteRunner.java:357)
	at org.testng.SuiteRunner.runSequentially(SuiteRunner.java:352)
	at org.testng.SuiteRunner.privateRun(SuiteRunner.java:310)
	at org.testng.SuiteRunner.run(SuiteRunner.java:259)
	at org.testng.SuiteRunnerWorker.runSuite(SuiteRunnerWorker.java:52)
	at org.testng.SuiteRunnerWorker.run(SuiteRunnerWorker.java:86)
	at org.testng.TestNG.runSuitesSequentially(TestNG.java:1199)
	at org.testng.TestNG.runSuitesLocally(TestNG.java:1124)
	at org.testng.TestNG.run(TestNG.java:1032)
	at com.boomerang.canvas.suite.Testsuite.runTests(Testsuite.java:85)
	at com.boomerang.canvas.suite.Testsuite.suitetest(Testsuite.java:98)
	at com.boomerang.canvas.suite.Testsuite.main(Testsuite.java:106)
]]>
            </full-stacktrace>
          </exception> <!-- java.lang.AssertionError -->
          <reporter-output>
            <line>
              <![CDATA[======================get the revnue pvp value======================]]>
            </line>
            <line>
              <![CDATA[Actual value : 22.58%]]>
            </line>
            <line>
              <![CDATA[Expected value : 2.9%]]>
            </line>
            <line>
              <![CDATA[<a title= "title" href="HeaderWidgetgetRevenuePercentPvP.png"><img width="700" height="550" src="HeaderWidgetgetRevenuePercentPvP.png"></a>]]>
            </line>
          </reporter-output>
        </test-method> <!-- getRevenuePercentPvP -->
        <test-method status="PASS" signature="createreport(org.testng.ITestContext, java.lang.String)[pri:0, instance:com.boomerang.canvas.suite.Testcases@32c726ee]" name="createreport" is-config="true" duration-ms="0" started-at="2017-04-03T15:32:03Z" finished-at="2017-04-03T15:32:03Z">
          <params>
            <param index="0">
              <value>
                <![CDATA[org.testng.TestRunner@71560f51]]>
              </value>
            </param>
            <param index="1">
              <value>
                <![CDATA[HeaderWidget]]>
              </value>
            </param>
          </params>
          <reporter-output>
          </reporter-output>
        </test-method> <!-- createreport -->
        <test-method status="PASS" signature="screenshot(org.testng.ITestResult, java.lang.String, java.lang.reflect.Method)[pri:0, instance:com.boomerang.canvas.suite.Testcases@32c726ee]" name="screenshot" is-config="true" duration-ms="3091" started-at="2017-04-03T15:32:03Z" finished-at="2017-04-03T15:32:06Z">
          <params>
            <param index="0">
              <value>
                <![CDATA[[TestResult name=getRevenuePercentPvP status=FAILURE method=Testcases.getRevenuePercentPvP()[pri:0, instance:com.boomerang.canvas.suite.Testcases@32c726ee] output=======================get the revnue pvp value======================]]]>
              </value>
            </param>
            <param index="1">
              <value>
                <![CDATA[HeaderWidget]]>
              </value>
            </param>
            <param index="2">
              <value>
                <![CDATA[public void com.boomerang.canvas.suite.Testcases.getRevenuePercentPvP() throws java.lang.Exception]]>
              </value>
            </param>
          </params>
          <reporter-output>
            <line>
              <![CDATA[<a title= "title" href="HeaderWidgetgetRevenuePercentPvP.png"><img width="700" height="550" src="HeaderWidgetgetRevenuePercentPvP.png"></a>]]>
            </line>
          </reporter-output>
        </test-method> <!-- screenshot -->
      </class> <!-- com.boomerang.canvas.suite.Testcases -->
    </test> <!-- getRevenuePercentPvP -->
    <test name="isHeaderMarginTextPresent" duration-ms="2977" started-at="2017-04-03T10:02:06Z" finished-at="2017-04-03T10:02:09Z">
      <class name="com.boomerang.canvas.suite.Testcases">
        <test-method status="PASS" signature="createreport(org.testng.ITestContext, java.lang.String)[pri:0, instance:com.boomerang.canvas.suite.Testcases@2c4d1ac]" name="createreport" is-config="true" duration-ms="0" started-at="2017-04-03T15:32:06Z" finished-at="2017-04-03T15:32:06Z">
          <params>
            <param index="0">
              <value>
                <![CDATA[org.testng.TestRunner@3e1f1046]]>
              </value>
            </param>
            <param index="1">
              <value>
                <![CDATA[HeaderWidget]]>
              </value>
            </param>
          </params>
          <reporter-output>
          </reporter-output>
        </test-method> <!-- createreport -->
        <test-method status="PASS" signature="isHeaderMarginTextPresent(java.lang.String)[pri:0, instance:com.boomerang.canvas.suite.Testcases@2c4d1ac]" name="isHeaderMarginTextPresent" duration-ms="69" started-at="2017-04-03T15:32:06Z" description="Verifying the Margin text is present in header widget or not" finished-at="2017-04-03T15:32:06Z">
          <params>
            <param index="0">
              <value>
                <![CDATA[MARGIN]]>
              </value>
            </param>
          </params>
          <reporter-output>
            <line>
              <![CDATA[======================get the margin text======================]]>
            </line>
            <line>
              <![CDATA[Actual value : MARGIN]]>
            </line>
            <line>
              <![CDATA[Expected value : MARGIN]]>
            </line>
            <line>
              <![CDATA[<a title= "title" href="HeaderWidgetisHeaderMarginTextPresent.png"><img width="700" height="550" src="HeaderWidgetisHeaderMarginTextPresent.png"></a>]]>
            </line>
          </reporter-output>
        </test-method> <!-- isHeaderMarginTextPresent -->
        <test-method status="PASS" signature="screenshot(org.testng.ITestResult, java.lang.String, java.lang.reflect.Method)[pri:0, instance:com.boomerang.canvas.suite.Testcases@2c4d1ac]" name="screenshot" is-config="true" duration-ms="2908" started-at="2017-04-03T15:32:06Z" finished-at="2017-04-03T15:32:09Z">
          <params>
            <param index="0">
              <value>
                <![CDATA[[TestResult name=isHeaderMarginTextPresent status=SUCCESS method=Testcases.isHeaderMarginTextPresent(java.lang.String)[pri:0, instance:com.boomerang.canvas.suite.Testcases@2c4d1ac] output=======================get the margin text======================]]]>
              </value>
            </param>
            <param index="1">
              <value>
                <![CDATA[HeaderWidget]]>
              </value>
            </param>
            <param index="2">
              <value>
                <![CDATA[public void com.boomerang.canvas.suite.Testcases.isHeaderMarginTextPresent(java.lang.String) throws java.lang.Exception]]>
              </value>
            </param>
          </params>
          <reporter-output>
            <line>
              <![CDATA[<a title= "title" href="HeaderWidgetisHeaderMarginTextPresent.png"><img width="700" height="550" src="HeaderWidgetisHeaderMarginTextPresent.png"></a>]]>
            </line>
          </reporter-output>
        </test-method> <!-- screenshot -->
      </class> <!-- com.boomerang.canvas.suite.Testcases -->
    </test> <!-- isHeaderMarginTextPresent -->
    <test name="getMarginValueInDollars" duration-ms="3980" started-at="2017-04-03T10:02:09Z" finished-at="2017-04-03T10:02:13Z">
      <class name="com.boomerang.canvas.suite.Testcases">
        <test-method status="PASS" signature="createreport(org.testng.ITestContext, java.lang.String)[pri:0, instance:com.boomerang.canvas.suite.Testcases@49ff7d8c]" name="createreport" is-config="true" duration-ms="0" started-at="2017-04-03T15:32:09Z" finished-at="2017-04-03T15:32:09Z">
          <params>
            <param index="0">
              <value>
                <![CDATA[org.testng.TestRunner@23e3f5cd]]>
              </value>
            </param>
            <param index="1">
              <value>
                <![CDATA[HeaderWidget]]>
              </value>
            </param>
          </params>
          <reporter-output>
          </reporter-output>
        </test-method> <!-- createreport -->
        <test-method status="PASS" signature="getMarginValueInDollars()[pri:0, instance:com.boomerang.canvas.suite.Testcases@49ff7d8c]" name="getMarginValueInDollars" duration-ms="65" started-at="2017-04-03T15:32:09Z" description="Verifying the Margin value from Header Widget across Margin value which is comming from Backend" finished-at="2017-04-03T15:32:09Z">
          <reporter-output>
            <line>
              <![CDATA[======================get the margin value======================]]>
            </line>
            <line>
              <![CDATA[Expected value : $65.1M]]>
            </line>
            <line>
              <![CDATA[<a title= "title" href="HeaderWidgetgetMarginValueInDollars.png"><img width="700" height="550" src="HeaderWidgetgetMarginValueInDollars.png"></a>]]>
            </line>
          </reporter-output>
        </test-method> <!-- getMarginValueInDollars -->
        <test-method status="PASS" signature="screenshot(org.testng.ITestResult, java.lang.String, java.lang.reflect.Method)[pri:0, instance:com.boomerang.canvas.suite.Testcases@49ff7d8c]" name="screenshot" is-config="true" duration-ms="3913" started-at="2017-04-03T15:32:09Z" finished-at="2017-04-03T15:32:13Z">
          <params>
            <param index="0">
              <value>
                <![CDATA[[TestResult name=getMarginValueInDollars status=SUCCESS method=Testcases.getMarginValueInDollars()[pri:0, instance:com.boomerang.canvas.suite.Testcases@49ff7d8c] output=======================get the margin value======================]]]>
              </value>
            </param>
            <param index="1">
              <value>
                <![CDATA[HeaderWidget]]>
              </value>
            </param>
            <param index="2">
              <value>
                <![CDATA[public void com.boomerang.canvas.suite.Testcases.getMarginValueInDollars() throws java.lang.Exception]]>
              </value>
            </param>
          </params>
          <reporter-output>
            <line>
              <![CDATA[<a title= "title" href="HeaderWidgetgetMarginValueInDollars.png"><img width="700" height="550" src="HeaderWidgetgetMarginValueInDollars.png"></a>]]>
            </line>
          </reporter-output>
        </test-method> <!-- screenshot -->
      </class> <!-- com.boomerang.canvas.suite.Testcases -->
    </test> <!-- getMarginValueInDollars -->
    <test name="getMarginPercentYoY" duration-ms="3715" started-at="2017-04-03T10:02:13Z" finished-at="2017-04-03T10:02:17Z">
      <class name="com.boomerang.canvas.suite.Testcases">
        <test-method status="PASS" signature="createreport(org.testng.ITestContext, java.lang.String)[pri:0, instance:com.boomerang.canvas.suite.Testcases@58be6e8]" name="createreport" is-config="true" duration-ms="0" started-at="2017-04-03T15:32:13Z" finished-at="2017-04-03T15:32:13Z">
          <params>
            <param index="0">
              <value>
                <![CDATA[org.testng.TestRunner@5c931134]]>
              </value>
            </param>
            <param index="1">
              <value>
                <![CDATA[HeaderWidget]]>
              </value>
            </param>
          </params>
          <reporter-output>
          </reporter-output>
        </test-method> <!-- createreport -->
        <test-method status="FAIL" signature="getMarginPercentYoY()[pri:0, instance:com.boomerang.canvas.suite.Testcases@58be6e8]" name="getMarginPercentYoY" duration-ms="66" started-at="2017-04-03T15:32:13Z" description="Verifying the Margin YOY value from Header Widget across Margin YOY value which is comming from Backend" finished-at="2017-04-03T15:32:13Z">
          <exception class="java.lang.AssertionError">
            <message>
              <![CDATA[expected [44.1%] but found [36.39%]]]>
            </message>
            <full-stacktrace>
              <![CDATA[java.lang.AssertionError: expected [44.1%] but found [36.39%]
	at org.testng.Assert.fail(Assert.java:94)
	at org.testng.Assert.failNotEquals(Assert.java:496)
	at org.testng.Assert.assertEquals(Assert.java:125)
	at org.testng.Assert.assertEquals(Assert.java:178)
	at org.testng.Assert.assertEquals(Assert.java:188)
	at com.boomerang.canvas.genericlibrary.Genericlib.getYOYandPVPvalues(Genericlib.java:171)
	at com.boomerang.canvas.suite.Testcases.getMarginPercentYoY(Testcases.java:199)
	at sun.reflect.NativeMethodAccessorImpl.invoke0(Native Method)
	at sun.reflect.NativeMethodAccessorImpl.invoke(NativeMethodAccessorImpl.java:62)
	at sun.reflect.DelegatingMethodAccessorImpl.invoke(DelegatingMethodAccessorImpl.java:43)
	at java.lang.reflect.Method.invoke(Method.java:498)
	at org.testng.internal.MethodInvocationHelper.invokeMethod(MethodInvocationHelper.java:85)
	at org.testng.internal.Invoker.invokeMethod(Invoker.java:659)
	at org.testng.internal.Invoker.invokeTestMethod(Invoker.java:845)
	at org.testng.internal.Invoker.invokeTestMethods(Invoker.java:1153)
	at org.testng.internal.TestMethodWorker.invokeTestMethods(TestMethodWorker.java:125)
	at org.testng.internal.TestMethodWorker.run(TestMethodWorker.java:108)
	at org.testng.TestRunner.privateRun(TestRunner.java:771)
	at org.testng.TestRunner.run(TestRunner.java:621)
	at org.testng.SuiteRunner.runTest(SuiteRunner.java:357)
	at org.testng.SuiteRunner.runSequentially(SuiteRunner.java:352)
	at org.testng.SuiteRunner.privateRun(SuiteRunner.java:310)
	at org.testng.SuiteRunner.run(SuiteRunner.java:259)
	at org.testng.SuiteRunnerWorker.runSuite(SuiteRunnerWorker.java:52)
	at org.testng.SuiteRunnerWorker.run(SuiteRunnerWorker.java:86)
	at org.testng.TestNG.runSuitesSequentially(TestNG.java:1199)
	at org.testng.TestNG.runSuitesLocally(TestNG.java:1124)
	at org.testng.TestNG.run(TestNG.java:1032)
	at com.boomerang.canvas.suite.Testsuite.runTests(Testsuite.java:85)
	at com.boomerang.canvas.suite.Testsuite.suitetest(Testsuite.java:98)
	at com.boomerang.canvas.suite.Testsuite.main(Testsuite.java:106)
]]>
            </full-stacktrace>
          </exception> <!-- java.lang.AssertionError -->
          <reporter-output>
            <line>
              <![CDATA[======================get the margin yoy value======================]]>
            </line>
            <line>
              <![CDATA[Actual value : 36.39%]]>
            </line>
            <line>
              <![CDATA[Expected value : 44.1%]]>
            </line>
            <line>
              <![CDATA[<a title= "title" href="HeaderWidgetgetMarginPercentYoY.png"><img width="700" height="550" src="HeaderWidgetgetMarginPercentYoY.png"></a>]]>
            </line>
          </reporter-output>
        </test-method> <!-- getMarginPercentYoY -->
        <test-method status="PASS" signature="screenshot(org.testng.ITestResult, java.lang.String, java.lang.reflect.Method)[pri:0, instance:com.boomerang.canvas.suite.Testcases@58be6e8]" name="screenshot" is-config="true" duration-ms="3649" started-at="2017-04-03T15:32:13Z" finished-at="2017-04-03T15:32:17Z">
          <params>
            <param index="0">
              <value>
                <![CDATA[[TestResult name=getMarginPercentYoY status=FAILURE method=Testcases.getMarginPercentYoY()[pri:0, instance:com.boomerang.canvas.suite.Testcases@58be6e8] output=======================get the margin yoy value======================]]]>
              </value>
            </param>
            <param index="1">
              <value>
                <![CDATA[HeaderWidget]]>
              </value>
            </param>
            <param index="2">
              <value>
                <![CDATA[public void com.boomerang.canvas.suite.Testcases.getMarginPercentYoY() throws java.lang.Exception]]>
              </value>
            </param>
          </params>
          <reporter-output>
            <line>
              <![CDATA[<a title= "title" href="HeaderWidgetgetMarginPercentYoY.png"><img width="700" height="550" src="HeaderWidgetgetMarginPercentYoY.png"></a>]]>
            </line>
          </reporter-output>
        </test-method> <!-- screenshot -->
      </class> <!-- com.boomerang.canvas.suite.Testcases -->
    </test> <!-- getMarginPercentYoY -->
    <test name="getMarginPercentPvP" duration-ms="3343" started-at="2017-04-03T10:02:17Z" finished-at="2017-04-03T10:02:20Z">
      <class name="com.boomerang.canvas.suite.Testcases">
        <test-method status="PASS" signature="createreport(org.testng.ITestContext, java.lang.String)[pri:0, instance:com.boomerang.canvas.suite.Testcases@e70f13a]" name="createreport" is-config="true" duration-ms="1" started-at="2017-04-03T15:32:17Z" finished-at="2017-04-03T15:32:17Z">
          <params>
            <param index="0">
              <value>
                <![CDATA[org.testng.TestRunner@1d7eb170]]>
              </value>
            </param>
            <param index="1">
              <value>
                <![CDATA[HeaderWidget]]>
              </value>
            </param>
          </params>
          <reporter-output>
          </reporter-output>
        </test-method> <!-- createreport -->
        <test-method status="FAIL" signature="getMarginPercentPvP()[pri:0, instance:com.boomerang.canvas.suite.Testcases@e70f13a]" name="getMarginPercentPvP" duration-ms="66" started-at="2017-04-03T15:32:17Z" description="Verifying the Margin PVP value from Header Widget across Margin PVP value which is comming from Backend" finished-at="2017-04-03T15:32:17Z">
          <exception class="java.lang.AssertionError">
            <message>
              <![CDATA[expected [33.7%] but found [-33.71%]]]>
            </message>
            <full-stacktrace>
              <![CDATA[java.lang.AssertionError: expected [33.7%] but found [-33.71%]
	at org.testng.Assert.fail(Assert.java:94)
	at org.testng.Assert.failNotEquals(Assert.java:496)
	at org.testng.Assert.assertEquals(Assert.java:125)
	at org.testng.Assert.assertEquals(Assert.java:178)
	at org.testng.Assert.assertEquals(Assert.java:188)
	at com.boomerang.canvas.genericlibrary.Genericlib.getYOYandPVPvalues(Genericlib.java:171)
	at com.boomerang.canvas.suite.Testcases.getMarginPercentPvP(Testcases.java:205)
	at sun.reflect.NativeMethodAccessorImpl.invoke0(Native Method)
	at sun.reflect.NativeMethodAccessorImpl.invoke(NativeMethodAccessorImpl.java:62)
	at sun.reflect.DelegatingMethodAccessorImpl.invoke(DelegatingMethodAccessorImpl.java:43)
	at java.lang.reflect.Method.invoke(Method.java:498)
	at org.testng.internal.MethodInvocationHelper.invokeMethod(MethodInvocationHelper.java:85)
	at org.testng.internal.Invoker.invokeMethod(Invoker.java:659)
	at org.testng.internal.Invoker.invokeTestMethod(Invoker.java:845)
	at org.testng.internal.Invoker.invokeTestMethods(Invoker.java:1153)
	at org.testng.internal.TestMethodWorker.invokeTestMethods(TestMethodWorker.java:125)
	at org.testng.internal.TestMethodWorker.run(TestMethodWorker.java:108)
	at org.testng.TestRunner.privateRun(TestRunner.java:771)
	at org.testng.TestRunner.run(TestRunner.java:621)
	at org.testng.SuiteRunner.runTest(SuiteRunner.java:357)
	at org.testng.SuiteRunner.runSequentially(SuiteRunner.java:352)
	at org.testng.SuiteRunner.privateRun(SuiteRunner.java:310)
	at org.testng.SuiteRunner.run(SuiteRunner.java:259)
	at org.testng.SuiteRunnerWorker.runSuite(SuiteRunnerWorker.java:52)
	at org.testng.SuiteRunnerWorker.run(SuiteRunnerWorker.java:86)
	at org.testng.TestNG.runSuitesSequentially(TestNG.java:1199)
	at org.testng.TestNG.runSuitesLocally(TestNG.java:1124)
	at org.testng.TestNG.run(TestNG.java:1032)
	at com.boomerang.canvas.suite.Testsuite.runTests(Testsuite.java:85)
	at com.boomerang.canvas.suite.Testsuite.suitetest(Testsuite.java:98)
	at com.boomerang.canvas.suite.Testsuite.main(Testsuite.java:106)
]]>
            </full-stacktrace>
          </exception> <!-- java.lang.AssertionError -->
          <reporter-output>
            <line>
              <![CDATA[======================get the margin pvp value======================]]>
            </line>
            <line>
              <![CDATA[Actual value : -33.71%]]>
            </line>
            <line>
              <![CDATA[Expected value : 33.7%]]>
            </line>
            <line>
[...]
            </line>
          </reporter-output>
        </test-method> <!-- getPageViewsYoYPercent -->
        <test-method status="PASS" signature="createreport(org.testng.ITestContext, java.lang.String)[pri:0, instance:com.boomerang.canvas.suite.Testcases@1afdd473]" name="createreport" is-config="true" duration-ms="0" started-at="2017-04-03T15:34:01Z" finished-at="2017-04-03T15:34:01Z">
          <params>
            <param index="0">
              <value>
                <![CDATA[org.testng.TestRunner@6c33da7a]]>
              </value>
            </param>
            <param index="1">
              <value>
                <![CDATA[ScoreboardWidget]]>
              </value>
            </param>
          </params>
          <reporter-output>
          </reporter-output>
        </test-method> <!-- createreport -->
        <test-method status="PASS" signature="screenshot(org.testng.ITestResult, java.lang.String, java.lang.reflect.Method)[pri:0, instance:com.boomerang.canvas.suite.Testcases@1afdd473]" name="screenshot" is-config="true" duration-ms="3137" started-at="2017-04-03T15:34:01Z" finished-at="2017-04-03T15:34:04Z">
          <params>
            <param index="0">
              <value>
                <![CDATA[[TestResult name=getPageViewsYoYPercent status=SUCCESS method=Testcases.getPageViewsYoYPercent()[pri:0, instance:com.boomerang.canvas.suite.Testcases@1afdd473] output=======================get the scoreboard conversion yoy value======================]]]>
              </value>
            </param>
            <param index="1">
              <value>
                <![CDATA[ScoreboardWidget]]>
              </value>
            </param>
            <param index="2">
              <value>
                <![CDATA[public void com.boomerang.canvas.suite.Testcases.getPageViewsYoYPercent() throws java.lang.Exception]]>
              </value>
            </param>
          </params>
          <reporter-output>
            <line>
              <![CDATA[<a title= "title" href="ScoreboardWidgetgetPageViewsYoYPercent.png"><img width="700" height="550" src="ScoreboardWidgetgetPageViewsYoYPercent.png"></a>]]>
            </line>
          </reporter-output>
        </test-method> <!-- screenshot -->
      </class> <!-- com.boomerang.canvas.suite.Testcases -->
    </test> <!-- getPageViewsYoYPercent -->
    <test name="getPageViewsPvPPercent" duration-ms="3281" started-at="2017-04-03T10:04:04Z" finished-at="2017-04-03T10:04:08Z">
      <class name="com.boomerang.canvas.suite.Testcases">
        <test-method status="PASS" signature="createreport(org.testng.ITestContext, java.lang.String)[pri:0, instance:com.boomerang.canvas.suite.Testcases@6a55299e]" name="createreport" is-config="true" duration-ms="0" started-at="2017-04-03T15:34:04Z" finished-at="2017-04-03T15:34:04Z">
          <params>
            <param index="0">
              <value>
                <![CDATA[org.testng.TestRunner@69aabcb0]]>
              </value>
            </param>
            <param index="1">
              <value>
                <![CDATA[ScoreboardWidget]]>
              </value>
            </param>
          </params>
          <reporter-output>
          </reporter-output>
        </test-method> <!-- createreport -->
        <test-method status="PASS" signature="getPageViewsPvPPercent()[pri:0, instance:com.boomerang.canvas.suite.Testcases@6a55299e]" name="getPageViewsPvPPercent" duration-ms="66" started-at="2017-04-03T15:34:04Z" description="Verifying the Page views PVP value from Scoreboard Widget across Page views PVP value which is comming from Backend" finished-at="2017-04-03T15:34:04Z">
          <reporter-output>
            <line>
              <![CDATA[======================get the scoreboard conversion pvp value======================]]>
            </line>
            <line>
              <![CDATA[Actual value : 0.5%]]>
            </line>
            <line>
              <![CDATA[Expected value : 0.5%]]>
            </line>
            <line>
              <![CDATA[<a title= "title" href="ScoreboardWidgetgetPageViewsPvPPercent.png"><img width="700" height="550" src="ScoreboardWidgetgetPageViewsPvPPercent.png"></a>]]>
            </line>
          </reporter-output>
        </test-method> <!-- getPageViewsPvPPercent -->
        <test-method status="PASS" signature="screenshot(org.testng.ITestResult, java.lang.String, java.lang.reflect.Method)[pri:0, instance:com.boomerang.canvas.suite.Testcases@6a55299e]" name="screenshot" is-config="true" duration-ms="3215" started-at="2017-04-03T15:34:04Z" finished-at="2017-04-03T15:34:08Z">
          <params>
            <param index="0">
              <value>
                <![CDATA[[TestResult name=getPageViewsPvPPercent status=SUCCESS method=Testcases.getPageViewsPvPPercent()[pri:0, instance:com.boomerang.canvas.suite.Testcases@6a55299e] output=======================get the scoreboard conversion pvp value======================]]]>
              </value>
            </param>
            <param index="1">
              <value>
                <![CDATA[ScoreboardWidget]]>
              </value>
            </param>
            <param index="2">
              <value>
                <![CDATA[public void com.boomerang.canvas.suite.Testcases.getPageViewsPvPPercent() throws java.lang.Exception]]>
              </value>
            </param>
          </params>
          <reporter-output>
            <line>
              <![CDATA[<a title= "title" href="ScoreboardWidgetgetPageViewsPvPPercent.png"><img width="700" height="550" src="ScoreboardWidgetgetPageViewsPvPPercent.png"></a>]]>
            </line>
          </reporter-output>
        </test-method> <!-- screenshot -->
      </class> <!-- com.boomerang.canvas.suite.Testcases -->
    </test> <!-- getPageViewsPvPPercent -->
    <test name="isUnitsPerOrder" duration-ms="3164" started-at="2017-04-03T10:04:08Z" finished-at="2017-04-03T10:04:11Z">
      <class name="com.boomerang.canvas.suite.Testcases">
        <test-method status="PASS" signature="createreport(org.testng.ITestContext, java.lang.String)[pri:0, instance:com.boomerang.canvas.suite.Testcases@289710d9]" name="createreport" is-config="true" duration-ms="0" started-at="2017-04-03T15:34:08Z" finished-at="2017-04-03T15:34:08Z">
          <params>
            <param index="0">
              <value>
                <![CDATA[org.testng.TestRunner@32a72c4]]>
              </value>
            </param>
            <param index="1">
              <value>
                <![CDATA[ScoreboardWidget]]>
              </value>
            </param>
          </params>
          <reporter-output>
          </reporter-output>
        </test-method> <!-- createreport -->
        <test-method status="PASS" signature="isUnitsPerOrder(java.lang.String)[pri:0, instance:com.boomerang.canvas.suite.Testcases@289710d9]" name="isUnitsPerOrder" duration-ms="63" started-at="2017-04-03T15:34:08Z" description="Verifying the Units per order text is present in Scoreboard Widget or not" finished-at="2017-04-03T15:34:08Z">
          <params>
            <param index="0">
              <value>
                <![CDATA[UNITS PER ORDER]]>
              </value>
            </param>
          </params>
          <reporter-output>
            <line>
              <![CDATA[======================get the scoreboard units per order text======================]]>
            </line>
            <line>
              <![CDATA[Actual data : UNITS PER ORDER]]>
            </line>
            <line>
              <![CDATA[Expected data : UNITS PER ORDER]]>
            </line>
            <line>
              <![CDATA[<a title= "title" href="ScoreboardWidgetisUnitsPerOrder.png"><img width="700" height="550" src="ScoreboardWidgetisUnitsPerOrder.png"></a>]]>
            </line>
          </reporter-output>
        </test-method> <!-- isUnitsPerOrder -->
        <test-method status="PASS" signature="screenshot(org.testng.ITestResult, java.lang.String, java.lang.reflect.Method)[pri:0, instance:com.boomerang.canvas.suite.Testcases@289710d9]" name="screenshot" is-config="true" duration-ms="3100" started-at="2017-04-03T15:34:08Z" finished-at="2017-04-03T15:34:11Z">
          <params>
            <param index="0">
              <value>
                <![CDATA[[TestResult name=isUnitsPerOrder status=SUCCESS method=Testcases.isUnitsPerOrder(java.lang.String)[pri:0, instance:com.boomerang.canvas.suite.Testcases@289710d9] output=======================get the scoreboard units per order text======================]]]>
              </value>
            </param>
            <param index="1">
              <value>
                <![CDATA[ScoreboardWidget]]>
              </value>
            </param>
            <param index="2">
              <value>
                <![CDATA[public void com.boomerang.canvas.suite.Testcases.isUnitsPerOrder(java.lang.String) throws java.lang.Exception]]>
              </value>
            </param>
          </params>
          <reporter-output>
            <line>
              <![CDATA[<a title= "title" href="ScoreboardWidgetisUnitsPerOrder.png"><img width="700" height="550" src="ScoreboardWidgetisUnitsPerOrder.png"></a>]]>
            </line>
          </reporter-output>
        </test-method> <!-- screenshot -->
      </class> <!-- com.boomerang.canvas.suite.Testcases -->
    </test> <!-- isUnitsPerOrder -->
    <test name="getUnitsPerOrderValue" duration-ms="3277" started-at="2017-04-03T10:04:11Z" finished-at="2017-04-03T10:04:14Z">
      <class name="com.boomerang.canvas.suite.Testcases">
        <test-method status="PASS" signature="getUnitsPerOrderValue()[pri:0, instance:com.boomerang.canvas.suite.Testcases@6995bf68]" name="getUnitsPerOrderValue" duration-ms="65" started-at="2017-04-03T15:34:11Z" description="Verifying the Units per order value from Scoreboard Widget across Units per order value which is comming from Backend" finished-at="2017-04-03T15:34:11Z">
          <reporter-output>
            <line>
              <![CDATA[======================get the scoreboard units per order value======================]]>
            </line>
            <line>
              <![CDATA[Actual value : 1.9X]]>
            </line>
            <line>
              <![CDATA[Expected value : 1.9X]]>
            </line>
            <line>
              <![CDATA[<a title= "title" href="ScoreboardWidgetgetUnitsPerOrderValue.png"><img width="700" height="550" src="ScoreboardWidgetgetUnitsPerOrderValue.png"></a>]]>
            </line>
          </reporter-output>
        </test-method> <!-- getUnitsPerOrderValue -->
        <test-method status="PASS" signature="createreport(org.testng.ITestContext, java.lang.String)[pri:0, instance:com.boomerang.canvas.suite.Testcases@6995bf68]" name="createreport" is-config="true" duration-ms="0" started-at="2017-04-03T15:34:11Z" finished-at="2017-04-03T15:34:11Z">
          <params>
            <param index="0">
              <value>
                <![CDATA[org.testng.TestRunner@15986dd5]]>
              </value>
            </param>
            <param index="1">
              <value>
                <![CDATA[ScoreboardWidget]]>
              </value>
            </param>
          </params>
          <reporter-output>
          </reporter-output>
        </test-method> <!-- createreport -->
        <test-method status="PASS" signature="screenshot(org.testng.ITestResult, java.lang.String, java.lang.reflect.Method)[pri:0, instance:com.boomerang.canvas.suite.Testcases@6995bf68]" name="screenshot" is-config="true" duration-ms="3212" started-at="2017-04-03T15:34:11Z" finished-at="2017-04-03T15:34:14Z">
          <params>
            <param index="0">
              <value>
                <![CDATA[[TestResult name=getUnitsPerOrderValue status=SUCCESS method=Testcases.getUnitsPerOrderValue()[pri:0, instance:com.boomerang.canvas.suite.Testcases@6995bf68] output=======================get the scoreboard units per order value======================]]]>
              </value>
            </param>
            <param index="1">
              <value>
                <![CDATA[ScoreboardWidget]]>
              </value>
            </param>
            <param index="2">
              <value>
                <![CDATA[public void com.boomerang.canvas.suite.Testcases.getUnitsPerOrderValue() throws java.lang.Exception]]>
              </value>
            </param>
          </params>
          <reporter-output>
            <line>
              <![CDATA[<a title= "title" href="ScoreboardWidgetgetUnitsPerOrderValue.png"><img width="700" height="550" src="ScoreboardWidgetgetUnitsPerOrderValue.png"></a>]]>
            </line>
          </reporter-output>
        </test-method> <!-- screenshot -->
      </class> <!-- com.boomerang.canvas.suite.Testcases -->
    </test> <!-- getUnitsPerOrderValue -->
    <test name="getUnitsPerOrderYoYPercent" duration-ms="3224" started-at="2017-04-03T10:04:14Z" finished-at="2017-04-03T10:04:17Z">
      <class name="com.boomerang.canvas.suite.Testcases">
        <test-method status="PASS" signature="createreport(org.testng.ITestContext, java.lang.String)[pri:0, instance:com.boomerang.canvas.suite.Testcases@5b1ebf56]" name="createreport" is-config="true" duration-ms="0" started-at="2017-04-03T15:34:14Z" finished-at="2017-04-03T15:34:14Z">
          <params>
            <param index="0">
              <value>
                <![CDATA[org.testng.TestRunner@678a9516]]>
              </value>
            </param>
            <param index="1">
              <value>
                <![CDATA[ScoreboardWidget]]>
              </value>
            </param>
          </params>
          <reporter-output>
          </reporter-output>
        </test-method> <!-- createreport -->
        <test-method status="PASS" signature="getUnitsPerOrderYoYPercent()[pri:0, instance:com.boomerang.canvas.suite.Testcases@5b1ebf56]" name="getUnitsPerOrderYoYPercent" duration-ms="68" started-at="2017-04-03T15:34:14Z" description="Verifying the Units per order YOY value from Scoreboard Widget across Units per order YOY value which is comming from Backend" finished-at="2017-04-03T15:34:14Z">
          <reporter-output>
            <line>
              <![CDATA[======================get the scoreboard units per order yoy value======================]]>
            </line>
            <line>
              <![CDATA[Actual value : 3%]]>
            </line>
            <line>
              <![CDATA[Expected value : 3%]]>
            </line>
            <line>
              <![CDATA[<a title= "title" href="ScoreboardWidgetgetUnitsPerOrderYoYPercent.png"><img width="700" height="550" src="ScoreboardWidgetgetUnitsPerOrderYoYPercent.png"></a>]]>
            </line>
          </reporter-output>
        </test-method> <!-- getUnitsPerOrderYoYPercent -->
        <test-method status="PASS" signature="screenshot(org.testng.ITestResult, java.lang.String, java.lang.reflect.Method)[pri:0, instance:com.boomerang.canvas.suite.Testcases@5b1ebf56]" name="screenshot" is-config="true" duration-ms="3156" started-at="2017-04-03T15:34:14Z" finished-at="2017-04-03T15:34:17Z">
          <params>
            <param index="0">
              <value>
                <![CDATA[[TestResult name=getUnitsPerOrderYoYPercent status=SUCCESS method=Testcases.getUnitsPerOrderYoYPercent()[pri:0, instance:com.boomerang.canvas.suite.Testcases@5b1ebf56] output=======================get the scoreboard units per order yoy value======================]]]>
              </value>
            </param>
            <param index="1">
              <value>
                <![CDATA[ScoreboardWidget]]>
              </value>
            </param>
            <param index="2">
              <value>
                <![CDATA[public void com.boomerang.canvas.suite.Testcases.getUnitsPerOrderYoYPercent() throws java.lang.Exception]]>
              </value>
            </param>
          </params>
          <reporter-output>
            <line>
              <![CDATA[<a title= "title" href="ScoreboardWidgetgetUnitsPerOrderYoYPercent.png"><img width="700" height="550" src="ScoreboardWidgetgetUnitsPerOrderYoYPercent.png"></a>]]>
            </line>
          </reporter-output>
        </test-method> <!-- screenshot -->
      </class> <!-- com.boomerang.canvas.suite.Testcases -->
    </test> <!-- getUnitsPerOrderYoYPercent -->
    <test name="getUnitsPerOrderPvPPercent" duration-ms="3631" started-at="2017-04-03T10:04:17Z" finished-at="2017-04-03T10:04:21Z">
      <class name="com.boomerang.canvas.suite.Testcases">
        <test-method status="PASS" signature="createreport(org.testng.ITestContext, java.lang.String)[pri:0, instance:com.boomerang.canvas.suite.Testcases@6fb365ed]" name="createreport" is-config="true" duration-ms="0" started-at="2017-04-03T15:34:17Z" finished-at="2017-04-03T15:34:17Z">
          <params>
            <param index="0">
              <value>
                <![CDATA[org.testng.TestRunner@5bf9ea6b]]>
              </value>
            </param>
            <param index="1">
              <value>
                <![CDATA[ScoreboardWidget]]>
              </value>
            </param>
          </params>
          <reporter-output>
          </reporter-output>
        </test-method> <!-- createreport -->
        <test-method status="PASS" signature="getUnitsPerOrderPvPPercent()[pri:0, instance:com.boomerang.canvas.suite.Testcases@6fb365ed]" name="getUnitsPerOrderPvPPercent" duration-ms="66" started-at="2017-04-03T15:34:17Z" description="Verifying the Units per order PVP value from Scoreboard Widget across Units per order PVP value which is comming from Backend" finished-at="2017-04-03T15:34:17Z">
          <reporter-output>
            <line>
              <![CDATA[======================get the scoreboard units per order pvp value======================]]>
            </line>
            <line>
              <![CDATA[Actual value : 7.4%]]>
            </line>
            <line>
              <![CDATA[Expected value : 7.4%]]>
            </line>
            <line>
              <![CDATA[<a title= "title" href="ScoreboardWidgetgetUnitsPerOrderPvPPercent.png"><img width="700" height="550" src="ScoreboardWidgetgetUnitsPerOrderPvPPercent.png"></a>]]>
            </line>
          </reporter-output>
        </test-method> <!-- getUnitsPerOrderPvPPercent -->
        <test-method status="PASS" signature="screenshot(org.testng.ITestResult, java.lang.String, java.lang.reflect.Method)[pri:0, instance:com.boomerang.canvas.suite.Testcases@6fb365ed]" name="screenshot" is-config="true" duration-ms="3564" started-at="2017-04-03T15:34:17Z" finished-at="2017-04-03T15:34:21Z">
          <params>
            <param index="0">
              <value>
                <![CDATA[[TestResult name=getUnitsPerOrderPvPPercent status=SUCCESS method=Testcases.getUnitsPerOrderPvPPercent()[pri:0, instance:com.boomerang.canvas.suite.Testcases@6fb365ed] output=======================get the scoreboard units per order pvp value======================]]]>
              </value>
            </param>
            <param index="1">
              <value>
                <![CDATA[ScoreboardWidget]]>
              </value>
            </param>
            <param index="2">
              <value>
                <![CDATA[public void com.boomerang.canvas.suite.Testcases.getUnitsPerOrderPvPPercent() throws java.lang.Exception]]>
              </value>
            </param>
          </params>
          <reporter-output>
            <line>
              <![CDATA[<a title= "title" href="ScoreboardWidgetgetUnitsPerOrderPvPPercent.png"><img width="700" height="550" src="ScoreboardWidgetgetUnitsPerOrderPvPPercent.png"></a>]]>
            </line>
          </reporter-output>
        </test-method> <!-- screenshot -->
      </class> <!-- com.boomerang.canvas.suite.Testcases -->
    </test> <!-- getUnitsPerOrderPvPPercent -->
  </suite> <!-- ScoreboardWidget -->
</testng-results>
