<?xml version="1.0" encoding="UTF-8"?>
<testng-results skipped="0" failed="9" total="67" passed="58">
  <reporter-output>
    <line>
      <![CDATA[======================Performing Login Test with invalid credentials======================]]>
    </line>
    <line>
      <![CDATA[======================Login Test with invalid credentials completed successfully======================]]>
    </line>
    <line>
      <![CDATA[<a title= "title" href="Login-TCinvalidLoginWithvalidUsernameEmptyPassword.png"><img width="700" height="550" src="Login-TCinvalidLoginWithvalidUsernameEmptyPassword.png"></a>]]>
    </line>
    <line>
      <![CDATA[<a title= "title" href="Login-TCinvalidLoginWithvalidUsernameEmptyPassword.png"><img width="700" height="550" src="Login-TCinvalidLoginWithvalidUsernameEmptyPassword.png"></a>]]>
    </line>
    <line>
      <![CDATA[======================Performing Login Test with invalid credentials======================]]>
    </line>
    <line>
      <![CDATA[======================Login Test with invalid credentials completed successfully======================]]>
    </line>
    <line>
      <![CDATA[<a title= "title" href="Login-TCinvalidLoginWithEmptyUsernameEmptyPassword.png"><img width="700" height="550" src="Login-TCinvalidLoginWithEmptyUsernameEmptyPassword.png"></a>]]>
    </line>
    <line>
      <![CDATA[<a title= "title" href="Login-TCinvalidLoginWithEmptyUsernameEmptyPassword.png"><img width="700" height="550" src="Login-TCinvalidLoginWithEmptyUsernameEmptyPassword.png"></a>]]>
    </line>
    <line>
      <![CDATA[======================Performing Login Test with invalid credentials======================]]>
    </line>
    <line>
      <![CDATA[======================Login Test with invalid credentials completed successfully======================]]>
    </line>
    <line>
      <![CDATA[<a title= "title" href="Login-TCinvalidLoginWithInvalidUsernameinvalidPassword.png"><img width="700" height="550" src="Login-TCinvalidLoginWithInvalidUsernameinvalidPassword.png"></a>]]>
    </line>
    <line>
      <![CDATA[<a title= "title" href="Login-TCinvalidLoginWithInvalidUsernameinvalidPassword.png"><img width="700" height="550" src="Login-TCinvalidLoginWithInvalidUsernameinvalidPassword.png"></a>]]>
    </line>
    <line>
      <![CDATA[======================Performing Login Test with valid credentials======================]]>
    </line>
    <line>
      <![CDATA[======================Login Test with valid credentials completed successfully======================]]>
    </line>
    <line>
      <![CDATA[<a title= "title" href="Login-TCvalidLogin.png"><img width="700" height="550" src="Login-TCvalidLogin.png"></a>]]>
    </line>
    <line>
      <![CDATA[<a title= "title" href="Login-TCvalidLogin.png"><img width="700" height="550" src="Login-TCvalidLogin.png"></a>]]>
    </line>
    <line>
      <![CDATA[======================set the dates to get the details======================]]>
    </line>
    <line>
      <![CDATA[<a title= "title" href="HeaderWidgetsentDates.png"><img width="700" height="550" src="HeaderWidgetsentDates.png"></a>]]>
    </line>
    <line>
      <![CDATA[<a title= "title" href="HeaderWidgetsentDates.png"><img width="700" height="550" src="HeaderWidgetsentDates.png"></a>]]>
    </line>
    <line>
      <![CDATA[======================get the revnue text======================]]>
    </line>
    <line>
      <![CDATA[Actual value : REVENUE]]>
    </line>
    <line>
      <![CDATA[Expected value : REVENUE]]>
    </line>
    <line>
      <![CDATA[<a title= "title" href="HeaderWidgetisHeaderRevenueTextPresent.png"><img width="700" height="550" src="HeaderWidgetisHeaderRevenueTextPresent.png"></a>]]>
    </line>
    <line>
      <![CDATA[<a title= "title" href="HeaderWidgetisHeaderRevenueTextPresent.png"><img width="700" height="550" src="HeaderWidgetisHeaderRevenueTextPresent.png"></a>]]>
    </line>
    <line>
      <![CDATA[======================get the revnue value======================]]>
    </line>
    <line>
      <![CDATA[Actual value : $382M]]>
    </line>
    <line>
      <![CDATA[Expected value : $635.9M]]>
    </line>
    <line>
      <![CDATA[<a title= "title" href="HeaderWidgetgetRevenueValueInDollars.png"><img width="700" height="550" src="HeaderWidgetgetRevenueValueInDollars.png"></a>]]>
    </line>
    <line>
      <![CDATA[<a title= "title" href="HeaderWidgetgetRevenueValueInDollars.png"><img width="700" height="550" src="HeaderWidgetgetRevenueValueInDollars.png"></a>]]>
    </line>
    <line>
      <![CDATA[======================get the revnue yoy value======================]]>
    </line>
    <line>
      <![CDATA[Actual value : 30.78%]]>
    </line>
    <line>
      <![CDATA[Expected value : 30%]]>
    </line>
    <line>
      <![CDATA[<a title= "title" href="HeaderWidgetgetRevenuePercentYoY.png"><img width="700" height="550" src="HeaderWidgetgetRevenuePercentYoY.png"></a>]]>
    </line>
    <line>
      <![CDATA[<a title= "title" href="HeaderWidgetgetRevenuePercentYoY.png"><img width="700" height="550" src="HeaderWidgetgetRevenuePercentYoY.png"></a>]]>
    </line>
    <line>
      <![CDATA[======================get the revnue pvp value======================]]>
    </line>
    <line>
      <![CDATA[Actual value : 22.58%]]>
    </line>
    <line>
      <![CDATA[Expected value : 2.9%]]>
    </line>
    <line>
      <![CDATA[<a title= "title" href="HeaderWidgetgetRevenuePercentPvP.png"><img width="700" height="550" src="HeaderWidgetgetRevenuePercentPvP.png"></a>]]>
    </line>
    <line>
      <![CDATA[<a title= "title" href="HeaderWidgetgetRevenuePercentPvP.png"><img width="700" height="550" src="HeaderWidgetgetRevenuePercentPvP.png"></a>]]>
    </line>
    <line>
      <![CDATA[======================get the margin text======================]]>
    </line>
    <line>
      <![CDATA[Actual value : MARGIN]]>
    </line>
    <line>
      <![CDATA[Expected value : MARGIN]]>
    </line>
    <line>
      <![CDATA[<a title= "title" href="HeaderWidgetisHeaderMarginTextPresent.png"><img width="700" height="550" src="HeaderWidgetisHeaderMarginTextPresent.png"></a>]]>
    </line>
    <line>
      <![CDATA[<a title= "title" href="HeaderWidgetisHeaderMarginTextPresent.png"><img width="700" height="550" src="HeaderWidgetisHeaderMarginTextPresent.png"></a>]]>
    </line>
    <line>
      <![CDATA[======================get the margin value======================]]>
    </line>
    <line>
      <![CDATA[Expected value : $65.1M]]>
    </line>
    <line>
      <![CDATA[<a title= "title" href="HeaderWidgetgetMarginValueInDollars.png"><img width="700" height="550" src="HeaderWidgetgetMarginValueInDollars.png"></a>]]>
    </line>
    <line>
      <![CDATA[<a title= "title" href="HeaderWidgetgetMarginValueInDollars.png"><img width="700" height="550" src="HeaderWidgetgetMarginValueInDollars.png"></a>]]>
    </line>
    <line>
      <![CDATA[======================get the margin yoy value======================]]>
    </line>
    <line>
      <![CDATA[Actual value : 36.39%]]>
    </line>
    <line>
      <![CDATA[Expected value : 44.1%]]>
    </line>
    <line>
      <![CDATA[<a title= "title" href="HeaderWidgetgetMarginPercentYoY.png"><img width="700" height="550" src="HeaderWidgetgetMarginPercentYoY.png"></a>]]>
    </line>
    <line>
      <![CDATA[<a title= "title" href="HeaderWidgetgetMarginPercentYoY.png"><img width="700" height="550" src="HeaderWidgetgetMarginPercentYoY.png"></a>]]>
    </line>
    <line>
      <![CDATA[======================get the margin pvp value======================]]>
    </line>
    <line>
      <![CDATA[Actual value : 5.75%]]>
    </line>
    <line>
      <![CDATA[Expected value : 33.7%]]>
    </line>
    <line>
      <![CDATA[<a title= "title" href="HeaderWidgetgetMarginPercentPvP.png"><img width="700" height="550" src="HeaderWidgetgetMarginPercentPvP.png"></a>]]>
    </line>
    <line>
      <![CDATA[<a title= "title" href="HeaderWidgetgetMarginPercentPvP.png"><img width="700" height="550" src="HeaderWidgetgetMarginPercentPvP.png"></a>]]>
    </line>
    <line>
      <![CDATA[======================set the dates to get the details======================]]>
    </line>
    <line>
      <![CDATA[<a title= "title" href="ScoreboardWidgetsentDates.png"><img width="700" height="550" src="ScoreboardWidgetsentDates.png"></a>]]>
    </line>
    <line>
      <![CDATA[<a title= "title" href="ScoreboardWidgetsentDates.png"><img width="700" height="550" src="ScoreboardWidgetsentDates.png"></a>]]>
    </line>
    <line>
      <![CDATA[======================get the scoreboard margin text ======================]]>
    </line>
    <line>
      <![CDATA[Actual data :MARGIN]]>
    </line>
    <line>
      <![CDATA[Expected data :MARGIN]]>
    </line>
    <line>
      <![CDATA[<a title= "title" href="ScoreboardWidgetisMarginTextPresent.png"><img width="700" height="550" src="ScoreboardWidgetisMarginTextPresent.png"></a>]]>
    </line>
    <line>
      <![CDATA[<a title= "title" href="ScoreboardWidgetisMarginTextPresent.png"><img width="700" height="550" src="ScoreboardWidgetisMarginTextPresent.png"></a>]]>
    </line>
    <line>
      <![CDATA[======================get the scoreboard margin value======================]]>
    </line>
    <line>
      <![CDATA[Expected value : $65.1M]]>
    </line>
    <line>
      <![CDATA[<a title= "title" href="ScoreboardWidgetgetMarginValue.png"><img width="700" height="550" src="ScoreboardWidgetgetMarginValue.png"></a>]]>
    </line>
    <line>
      <![CDATA[<a title= "title" href="ScoreboardWidgetgetMarginValue.png"><img width="700" height="550" src="ScoreboardWidgetgetMarginValue.png"></a>]]>
    </line>
    <line>
      <![CDATA[======================get the scoreboard margin yoy value======================]]>
    </line>
    <line>
      <![CDATA[Actual value : 44.1%]]>
    </line>
    <line>
      <![CDATA[Expected value : 44.1%]]>
    </line>
    <line>
      <![CDATA[<a title= "title" href="ScoreboardWidgetgetMarginYoYPercent.png"><img width="700" height="550" src="ScoreboardWidgetgetMarginYoYPercent.png"></a>]]>
    </line>
    <line>
      <![CDATA[<a title= "title" href="ScoreboardWidgetgetMarginYoYPercent.png"><img width="700" height="550" src="ScoreboardWidgetgetMarginYoYPercent.png"></a>]]>
    </line>
    <line>
      <![CDATA[======================get the scoreboard margin pvp value======================]]>
    </line>
    <line>
      <![CDATA[Actual value : 33.7%]]>
    </line>
    <line>
      <![CDATA[Expected value : 33.7%]]>
    </line>
    <line>
      <![CDATA[<a title= "title" href="ScoreboardWidgetgetMarginPVPPercent.png"><img width="700" height="550" src="ScoreboardWidgetgetMarginPVPPercent.png"></a>]]>
    </line>
    <line>
      <![CDATA[<a title= "title" href="ScoreboardWidgetgetMarginPVPPercent.png"><img width="700" height="550" src="ScoreboardWidgetgetMarginPVPPercent.png"></a>]]>
    </line>
    <line>
      <![CDATA[======================get the scoreboard revnue text======================]]>
    </line>
    <line>
      <![CDATA[Actual data : REVENUE]]>
    </line>
    <line>
      <![CDATA[Expected data : REVENUE]]>
    </line>
    <line>
      <![CDATA[<a title= "title" href="ScoreboardWidgetisRevenueTextPresent.png"><img width="700" height="550" src="ScoreboardWidgetisRevenueTextPresent.png"></a>]]>
    </line>
    <line>
      <![CDATA[<a title= "title" href="ScoreboardWidgetisRevenueTextPresent.png"><img width="700" height="550" src="ScoreboardWidgetisRevenueTextPresent.png"></a>]]>
    </line>
    <line>
      <![CDATA[======================get the scoreboard revnue value======================]]>
    </line>
    <line>
      <![CDATA[Expected value : $635.9M]]>
    </line>
    <line>
      <![CDATA[<a title= "title" href="ScoreboardWidgetgetRevenueValue.png"><img width="700" height="550" src="ScoreboardWidgetgetRevenueValue.png"></a>]]>
    </line>
    <line>
      <![CDATA[<a title= "title" href="ScoreboardWidgetgetRevenueValue.png"><img width="700" height="550" src="ScoreboardWidgetgetRevenueValue.png"></a>]]>
    </line>
    <line>
      <![CDATA[======================get the scoeboard revnue yoy value======================]]>
    </line>
    <line>
      <![CDATA[Actual value : 30%]]>
    </line>
    <line>
      <![CDATA[Expected value : 30%]]>
    </line>
    <line>
      <![CDATA[<a title= "title" href="ScoreboardWidgetgetRevenueYoYPercent.png"><img width="700" height="550" src="ScoreboardWidgetgetRevenueYoYPercent.png"></a>]]>
    </line>
    <line>
      <![CDATA[<a title= "title" href="ScoreboardWidgetgetRevenueYoYPercent.png"><img width="700" height="550" src="ScoreboardWidgetgetRevenueYoYPercent.png"></a>]]>
    </line>
    <line>
      <![CDATA[======================get the scoreboard revnue pvp value======================]]>
    </line>
    <line>
      <![CDATA[Actual value : 2.9%]]>
    </line>
    <line>
      <![CDATA[Expected value : 2.9%]]>
    </line>
    <line>
      <![CDATA[<a title= "title" href="ScoreboardWidgetgetRevenuePvPPercent.png"><img width="700" height="550" src="ScoreboardWidgetgetRevenuePvPPercent.png"></a>]]>
    </line>
    <line>
      <![CDATA[<a title= "title" href="ScoreboardWidgetgetRevenuePvPPercent.png"><img width="700" height="550" src="ScoreboardWidgetgetRevenuePvPPercent.png"></a>]]>
    </line>
    <line>
      <![CDATA[======================get the scoreboard unit text======================]]>
    </line>
    <line>
      <![CDATA[Actual data : UNITS]]>
    </line>
    <line>
      <![CDATA[Expected data : UNITS]]>
    </line>
    <line>
      <![CDATA[<a title= "title" href="ScoreboardWidgetisUnitsTextPresent.png"><img width="700" height="550" src="ScoreboardWidgetisUnitsTextPresent.png"></a>]]>
    </line>
    <line>
      <![CDATA[<a title= "title" href="ScoreboardWidgetisUnitsTextPresent.png"><img width="700" height="550" src="ScoreboardWidgetisUnitsTextPresent.png"></a>]]>
    </line>
    <line>
      <![CDATA[======================get the scoreboard unit value======================]]>
    </line>
    <line>
      <![CDATA[Actaul value : 22.3M]]>
    </line>
    <line>
      <![CDATA[Expected value :22.3M]]>
    </line>
    <line>
      <![CDATA[<a title= "title" href="ScoreboardWidgetgetUnitsValue.png"><img width="700" height="550" src="ScoreboardWidgetgetUnitsValue.png"></a>]]>
    </line>
    <line>
      <![CDATA[<a title= "title" href="ScoreboardWidgetgetUnitsValue.png"><img width="700" height="550" src="ScoreboardWidgetgetUnitsValue.png"></a>]]>
    </line>
    <line>
      <![CDATA[======================get the scoreboard unit yoy value======================]]>
    </line>
    <line>
      <![CDATA[Actual value : 31%]]>
    </line>
    <line>
      <![CDATA[Expected value : 31%]]>
    </line>
    <line>
      <![CDATA[<a title= "title" href="ScoreboardWidgetgetUnitsYoYPercent.png"><img width="700" height="550" src="ScoreboardWidgetgetUnitsYoYPercent.png"></a>]]>
    </line>
    <line>
      <![CDATA[<a title= "title" href="ScoreboardWidgetgetUnitsYoYPercent.png"><img width="700" height="550" src="ScoreboardWidgetgetUnitsYoYPercent.png"></a>]]>
    </line>
    <line>
      <![CDATA[======================get the scoreboard unit pvp value======================]]>
    </line>
    <line>
      <![CDATA[Actual value : 8.1%]]>
    </line>
    <line>
      <![CDATA[Expected value : 8.1%]]>
    </line>
    <line>
      <![CDATA[<a title= "title" href="ScoreboardWidgetgetUnitsPvPPercent.png"><img width="700" height="550" src="ScoreboardWidgetgetUnitsPvPPercent.png"></a>]]>
    </line>
    <line>
      <![CDATA[<a title= "title" href="ScoreboardWidgetgetUnitsPvPPercent.png"><img width="700" height="550" src="ScoreboardWidgetgetUnitsPvPPercent.png"></a>]]>
    </line>
    <line>
      <![CDATA[======================get the scoreboard Avg saale price text======================]]>
    </line>
    <line>
      <![CDATA[Actual data : AVG SALE PRICE]]>
    </line>
    <line>
      <![CDATA[Expected data : AVG SALE PRICE]]>
    </line>
    <line>
      <![CDATA[<a title= "title" href="ScoreboardWidgetisAvgSalePriceTextPresent.png"><img width="700" height="550" src="ScoreboardWidgetisAvgSalePriceTextPresent.png"></a>]]>
    </line>
    <line>
      <![CDATA[<a title= "title" href="ScoreboardWidgetisAvgSalePriceTextPresent.png"><img width="700" height="550" src="ScoreboardWidgetisAvgSalePriceTextPresent.png"></a>]]>
    </line>
    <line>
      <![CDATA[======================get the scoreboard Avg sale price value======================]]>
    </line>
    <line>
      <![CDATA[Actual value : $28.5]]>
    </line>
    <line>
      <![CDATA[Expected value : $28.5]]>
    </line>
    <line>
      <![CDATA[<a title= "title" href="ScoreboardWidgetgetAvgSalePriceValue.png"><img width="700" height="550" src="ScoreboardWidgetgetAvgSalePriceValue.png"></a>]]>
    </line>
    <line>
      <![CDATA[<a title= "title" href="ScoreboardWidgetgetAvgSalePriceValue.png"><img width="700" height="550" src="ScoreboardWidgetgetAvgSalePriceValue.png"></a>]]>
    </line>
    <line>
      <![CDATA[======================get the scoreboard Avg sale price yoy value======================]]>
    </line>
    <line>
      <![CDATA[Actual value : 1.5%]]>
    </line>
    <line>
      <![CDATA[Expected value : 1.5%]]>
    </line>
    <line>
      <![CDATA[<a title= "title" href="ScoreboardWidgetgetAvgSalePriceYoYPercent.png"><img width="700" height="550" src="ScoreboardWidgetgetAvgSalePriceYoYPercent.png"></a>]]>
    </line>
    <line>
      <![CDATA[<a title= "title" href="ScoreboardWidgetgetAvgSalePriceYoYPercent.png"><img width="700" height="550" src="ScoreboardWidgetgetAvgSalePriceYoYPercent.png"></a>]]>
    </line>
    <line>
      <![CDATA[======================get the scoreboard Avg sale price pvp value======================]]>
    </line>
    <line>
      <![CDATA[Actual value : 12%]]>
    </line>
    <line>
      <![CDATA[Expected value : 12%]]>
    </line>
    <line>
      <![CDATA[<a title= "title" href="ScoreboardWidgetgetAvgSalePricePvPPercent.png"><img width="700" height="550" src="ScoreboardWidgetgetAvgSalePricePvPPercent.png"></a>]]>
    </line>
    <line>
      <![CDATA[<a title= "title" href="ScoreboardWidgetgetAvgSalePricePvPPercent.png"><img width="700" height="550" src="ScoreboardWidgetgetAvgSalePricePvPPercent.png"></a>]]>
    </line>
    <line>
      <![CDATA[======================get the scoreboard conversion text======================]]>
    </line>
    <line>
      <![CDATA[Actual data : CONVERSION]]>
    </line>
    <line>
      <![CDATA[Expected data : CONVERSION]]>
    </line>
    <line>
      <![CDATA[<a title= "title" href="ScoreboardWidgetisConversionPresent.png"><img width="700" height="550" src="ScoreboardWidgetisConversionPresent.png"></a>]]>
    </line>
    <line>
      <![CDATA[<a title= "title" href="ScoreboardWidgetisConversionPresent.png"><img width="700" height="550" src="ScoreboardWidgetisConversionPresent.png"></a>]]>
    </line>
    <line>
      <![CDATA[======================get the scoreboard conversion value======================]]>
    </line>
    <line>
      <![CDATA[Actual value :21%]]>
    </line>
    <line>
      <![CDATA[Expected value :21%]]>
    </line>
    <line>
      <![CDATA[<a title= "title" href="ScoreboardWidgetgetConversionValue.png"><img width="700" height="550" src="ScoreboardWidgetgetConversionValue.png"></a>]]>
    </line>
    <line>
      <![CDATA[<a title= "title" href="ScoreboardWidgetgetConversionValue.png"><img width="700" height="550" src="ScoreboardWidgetgetConversionValue.png"></a>]]>
    </line>
    <line>
      <![CDATA[======================get the scoreboard conversion yoy value======================]]>
    </line>
    <line>
      <![CDATA[Actual value : 6.7%]]>
    </line>
    <line>
      <![CDATA[Expected value : 6.7%]]>
    </line>
    <line>
      <![CDATA[<a title= "title" href="ScoreboardWidgetgetConversionYoYPercent.png"><img width="700" height="550" src="ScoreboardWidgetgetConversionYoYPercent.png"></a>]]>
    </line>
    <line>
      <![CDATA[<a title= "title" href="ScoreboardWidgetgetConversionYoYPercent.png"><img width="700" height="550" src="ScoreboardWidgetgetConversionYoYPercent.png"></a>]]>
    </line>
    <line>
      <![CDATA[======================get the scoreboard conversion pvp value======================]]>
    </line>
    <line>
      <![CDATA[Actual value : 0.3%]]>
    </line>
    <line>
      <![CDATA[Expected value : 0.3%]]>
    </line>
    <line>
      <![CDATA[<a title= "title" href="ScoreboardWidgetgetConversionPvPPercent.png"><img width="700" height="550" src="ScoreboardWidgetgetConversionPvPPercent.png"></a>]]>
    </line>
    <line>
      <![CDATA[<a title= "title" href="ScoreboardWidgetgetConversionPvPPercent.png"><img width="700" height="550" src="ScoreboardWidgetgetConversionPvPPercent.png"></a>]]>
    </line>
    <line>
      <![CDATA[======================get the scoreboard pageview text======================]]>
    </line>
    <line>
      <![CDATA[Actual data : PAGEVIEWS]]>
    </line>
    <line>
      <![CDATA[Expected data : PAGEVIEWS]]>
    </line>
    <line>
      <![CDATA[<a title= "title" href="ScoreboardWidgetisPageViewsPresent.png"><img width="700" height="550" src="ScoreboardWidgetisPageViewsPresent.png"></a>]]>
    </line>
    <line>
      <![CDATA[<a title= "title" href="ScoreboardWidgetisPageViewsPresent.png"><img width="700" height="550" src="ScoreboardWidgetisPageViewsPresent.png"></a>]]>
    </line>
    <line>
      <![CDATA[======================get the scoreboard pageview value======================]]>
    </line>
    <line>
      <![CDATA[Actual value :57.4M]]>
    </line>
    <line>
      <![CDATA[Expected value :57.4M]]>
    </line>
    <line>
      <![CDATA[<a title= "title" href="ScoreboardWidgetgetPageViewsValue.png"><img width="700" height="550" src="ScoreboardWidgetgetPageViewsValue.png"></a>]]>
    </line>
    <line>
      <![CDATA[<a title= "title" href="ScoreboardWidgetgetPageViewsValue.png"><img width="700" height="550" src="ScoreboardWidgetgetPageViewsValue.png"></a>]]>
    </line>
    <line>
      <![CDATA[======================get the scoreboard conversion yoy value======================]]>
    </line>
    <line>
      <![CDATA[Actual value : 33.3%]]>
    </line>
    <line>
      <![CDATA[Expected value : 33.3%]]>
    </line>
    <line>
      <![CDATA[<a title= "title" href="ScoreboardWidgetgetPageViewsYoYPercent.png"><img width="700" height="550" src="ScoreboardWidgetgetPageViewsYoYPercent.png"></a>]]>
    </line>
    <line>
      <![CDATA[<a title= "title" href="ScoreboardWidgetgetPageViewsYoYPercent.png"><img width="700" height="550" src="ScoreboardWidgetgetPageViewsYoYPercent.png"></a>]]>
    </line>
    <line>
      <![CDATA[======================get the scoreboard conversion pvp value======================]]>
    </line>
    <line>
      <![CDATA[Actual value : 0.5%]]>
    </line>
    <line>
      <![CDATA[Expected value : 0.5%]]>
    </line>
    <line>
      <![CDATA[<a title= "title" href="ScoreboardWidgetgetPageViewsPvPPercent.png"><img width="700" height="550" src="ScoreboardWidgetgetPageViewsPvPPercent.png"></a>]]>
    </line>
    <line>
      <![CDATA[<a title= "title" href="ScoreboardWidgetgetPageViewsPvPPercent.png"><img width="700" height="550" src="ScoreboardWidgetgetPageViewsPvPPercent.png"></a>]]>
    </line>
    <line>
      <![CDATA[======================get the scoreboard units per order text======================]]>
    </line>
    <line>
      <![CDATA[Actual data : UNITS PER ORDER]]>
    </line>
    <line>
      <![CDATA[Expected data : UNITS PER ORDER]]>
    </line>
    <line>
      <![CDATA[<a title= "title" href="ScoreboardWidgetisUnitsPerOrder.png"><img width="700" height="550" src="ScoreboardWidgetisUnitsPerOrder.png"></a>]]>
    </line>
    <line>
      <![CDATA[<a title= "title" href="ScoreboardWidgetisUnitsPerOrder.png"><img width="700" height="550" src="ScoreboardWidgetisUnitsPerOrder.png"></a>]]>
    </line>
    <line>
      <![CDATA[======================get the scoreboard units per order value======================]]>
    </line>
    <line>
      <![CDATA[Actual value : 1.9X]]>
    </line>
    <line>
      <![CDATA[Expected value : 1.9X]]>
    </line>
    <line>
      <![CDATA[<a title= "title" href="ScoreboardWidgetgetUnitsPerOrderValue.png"><img width="700" height="550" src="ScoreboardWidgetgetUnitsPerOrderValue.png"></a>]]>
    </line>
    <line>
      <![CDATA[<a title= "title" href="ScoreboardWidgetgetUnitsPerOrderValue.png"><img width="700" height="550" src="ScoreboardWidgetgetUnitsPerOrderValue.png"></a>]]>
    </line>
    <line>
      <![CDATA[======================get the scoreboard units per order yoy value======================]]>
    </line>
    <line>
      <![CDATA[Actual value : 3%]]>
    </line>
    <line>
      <![CDATA[Expected value : 3%]]>
    </line>
    <line>
      <![CDATA[<a title= "title" href="ScoreboardWidgetgetUnitsPerOrderYoYPercent.png"><img width="700" height="550" src="ScoreboardWidgetgetUnitsPerOrderYoYPercent.png"></a>]]>
    </line>
    <line>
      <![CDATA[<a title= "title" href="ScoreboardWidgetgetUnitsPerOrderYoYPercent.png"><img width="700" height="550" src="ScoreboardWidgetgetUnitsPerOrderYoYPercent.png"></a>]]>
    </line>
    <line>
      <![CDATA[======================get the scoreboard units per order pvp value======================]]>
    </line>
    <line>
      <![CDATA[Actual value : 7.4%]]>
    </line>
    <line>
      <![CDATA[Expected value : 7.4%]]>
    </line>
    <line>
      <![CDATA[<a title= "title" href="ScoreboardWidgetgetUnitsPerOrderPvPPercent.png"><img width="700" height="550" src="ScoreboardWidgetgetUnitsPerOrderPvPPercent.png"></a>]]>
    </line>
    <line>
      <![CDATA[<a title= "title" href="ScoreboardWidgetgetUnitsPerOrderPvPPercent.png"><img width="700" height="550" src="ScoreboardWidgetgetUnitsPerOrderPvPPercent.png"></a>]]>
    </line>
    <line>
      <![CDATA[======================set the dates to get the details======================]]>
    </line>
    <line>
      <![CDATA[<a title= "title" href="BigMoverssentDates.png"><img width="700" height="550" src="BigMoverssentDates.png"></a>]]>
    </line>
    <line>
      <![CDATA[<a title= "title" href="BigMoverssentDates.png"><img width="700" height="550" src="BigMoverssentDates.png"></a>]]>
    </line>
    <line>
      <![CDATA[======================get the bigmovers text======================]]>
    </line>
    <line>
      <![CDATA[Actual data : BIG MOVERS]]>
    </line>
    <line>
      <![CDATA[Expected data : BIG MOVERS]]>
    </line>
    <line>
      <![CDATA[<a title= "title" href="BigMoversisBigmoversTextpresent.png"><img width="700" height="550" src="BigMoversisBigmoversTextpresent.png"></a>]]>
    </line>
    <line>
      <![CDATA[<a title= "title" href="BigMoversisBigmoversTextpresent.png"><img width="700" height="550" src="BigMoversisBigmoversTextpresent.png"></a>]]>
    </line>
    <line>
      <![CDATA[======================get the bigmovers all text======================]]>
    </line>
    <line>
      <![CDATA[Actual data : ALL]]>
    </line>
    <line>
      <![CDATA[Expected data : ALL]]>
    </line>
    <line>
      <![CDATA[<a title= "title" href="BigMoversisBigmoversAllTextpresent.png"><img width="700" height="550" src="BigMoversisBigmoversAllTextpresent.png"></a>]]>
    </line>
    <line>
      <![CDATA[<a title= "title" href="BigMoversisBigmoversAllTextpresent.png"><img width="700" height="550" src="BigMoversisBigmoversAllTextpresent.png"></a>]]>
    </line>
    <line>
      <![CDATA[======================get the bigmovers winners text======================]]>
    </line>
    <line>
      <![CDATA[Actual data : WINNERS]]>
    </line>
    <line>
      <![CDATA[Expected data : WINNERS]]>
    </line>
    <line>
      <![CDATA[<a title= "title" href="BigMoversisBigmoversWinnnersTextpresent.png"><img width="700" height="550" src="BigMoversisBigmoversWinnnersTextpresent.png"></a>]]>
    </line>
    <line>
      <![CDATA[<a title= "title" href="BigMoversisBigmoversWinnnersTextpresent.png"><img width="700" height="550" src="BigMoversisBigmoversWinnnersTextpresent.png"></a>]]>
    </line>
    <line>
      <![CDATA[======================get the bigmovers loosers text======================]]>
    </line>
    <line>
      <![CDATA[Actual data : LOSERS]]>
    </line>
    <line>
      <![CDATA[Expected data : LOSERS]]>
    </line>
    <line>
      <![CDATA[<a title= "title" href="BigMoversisBigmoversLosersTextpresent.png"><img width="700" height="550" src="BigMoversisBigmoversLosersTextpresent.png"></a>]]>
    </line>
    <line>
      <![CDATA[<a title= "title" href="BigMoversisBigmoversLosersTextpresent.png"><img width="700" height="550" src="BigMoversisBigmoversLosersTextpresent.png"></a>]]>
    </line>
    <line>
      <![CDATA[======================get the bigmovers categories text======================]]>
    </line>
    <line>
      <![CDATA[Actual data : CATEGORIES]]>
    </line>
    <line>
      <![CDATA[Expected data : CATEGORIES]]>
    </line>
    <line>
      <![CDATA[<a title= "title" href="BigMoversisBigmoversCategoriesTextpresent.png"><img width="700" height="550" src="BigMoversisBigmoversCategoriesTextpresent.png"></a>]]>
    </line>
    <line>
      <![CDATA[<a title= "title" href="BigMoversisBigmoversCategoriesTextpresent.png"><img width="700" height="550" src="BigMoversisBigmoversCategoriesTextpresent.png"></a>]]>
    </line>
    <line>
      <![CDATA[======================get the bigmovers brand text======================]]>
    </line>
    <line>
      <![CDATA[Actual data : BRANDS]]>
    </line>
    <line>
      <![CDATA[Expected data : BRANDS]]>
    </line>
    <line>
      <![CDATA[<a title= "title" href="BigMoversisBigmoversBrandsTextpresent.png"><img width="700" height="550" src="BigMoversisBigmoversBrandsTextpresent.png"></a>]]>
    </line>
    <line>
      <![CDATA[<a title= "title" href="BigMoversisBigmoversBrandsTextpresent.png"><img width="700" height="550" src="BigMoversisBigmoversBrandsTextpresent.png"></a>]]>
    </line>
    <line>
      <![CDATA[======================get the bigmovers all losers list======================]]>
    </line>
    <line>
      <![CDATA[Actual categories data : overstock]]>
    </line>
    <line>
      <![CDATA[Expected categories data : overstock]]>
    </line>
    <line>
      <![CDATA[<a title= "title" href="BigMoversgetbigmoversallLosersdata.png"><img width="700" height="550" src="BigMoversgetbigmoversallLosersdata.png"></a>]]>
    </line>
    <line>
      <![CDATA[<a title= "title" href="BigMoversgetbigmoversallLosersdata.png"><img width="700" height="550" src="BigMoversgetbigmoversallLosersdata.png"></a>]]>
    </line>
    <line>
      <![CDATA[======================get the bigmovers all winners list======================]]>
    </line>
    <line>
      <![CDATA[No items present in this list]]>
    </line>
    <line>
      <![CDATA[<a title= "title" href="BigMoversgetbigmoversallWinnersdata.png"><img width="700" height="550" src="BigMoversgetbigmoversallWinnersdata.png"></a>]]>
    </line>
    <line>
      <![CDATA[<a title= "title" href="BigMoversgetbigmoversallWinnersdata.png"><img width="700" height="550" src="BigMoversgetbigmoversallWinnersdata.png"></a>]]>
    </line>
    <line>
      <![CDATA[======================get the bigmovers winners categories list======================]]>
    </line>
    <line>
      <![CDATA[Actual categories data : machines]]>
    </line>
    <line>
      <![CDATA[Expected categories data : machines]]>
    </line>
    <line>
      <![CDATA[<a title= "title" href="BigMoversgetbigmoversCategoriesWinnersdata.png"><img width="700" height="550" src="BigMoversgetbigmoversCategoriesWinnersdata.png"></a>]]>
    </line>
    <line>
      <![CDATA[<a title= "title" href="BigMoversgetbigmoversCategoriesWinnersdata.png"><img width="700" height="550" src="BigMoversgetbigmoversCategoriesWinnersdata.png"></a>]]>
    </line>
    <line>
      <![CDATA[======================get the bigmovers winners brands list======================]]>
    </line>
    <line>
      <![CDATA[No items present in this list]]>
    </line>
    <line>
      <![CDATA[<a title= "title" href="BigMoversgetbigmoversBrandsWinnersdata.png"><img width="700" height="550" src="BigMoversgetbigmoversBrandsWinnersdata.png"></a>]]>
    </line>
    <line>
      <![CDATA[<a title= "title" href="BigMoversgetbigmoversBrandsWinnersdata.png"><img width="700" height="550" src="BigMoversgetbigmoversBrandsWinnersdata.png"></a>]]>
    </line>
    <line>
      <![CDATA[======================get the bigmovers losers categories list======================]]>
    </line>
    <line>
      <![CDATA[Actual categories data : ink]]>
    </line>
    <line>
      <![CDATA[Expected categories data : ink]]>
    </line>
    <line>
      <![CDATA[<a title= "title" href="BigMoversgetbigmoversCategoriesLosersdata.png"><img width="700" height="550" src="BigMoversgetbigmoversCategoriesLosersdata.png"></a>]]>
    </line>
    <line>
      <![CDATA[<a title= "title" href="BigMoversgetbigmoversCategoriesLosersdata.png"><img width="700" height="550" src="BigMoversgetbigmoversCategoriesLosersdata.png"></a>]]>
    </line>
    <line>
      <![CDATA[======================get the bigmovers losers brands list======================]]>
    </line>
    <line>
      <![CDATA[Actual categories data : overstock]]>
    </line>
    <line>
      <![CDATA[Expected categories data : overstock]]>
    </line>
    <line>
      <![CDATA[<a title= "title" href="BigMoversgetbigmoversBrandsLosersdata.png"><img width="700" height="550" src="BigMoversgetbigmoversBrandsLosersdata.png"></a>]]>
    </line>
    <line>
      <![CDATA[<a title= "title" href="BigMoversgetbigmoversBrandsLosersdata.png"><img width="700" height="550" src="BigMoversgetbigmoversBrandsLosersdata.png"></a>]]>
    </line>
    <line>
      <![CDATA[======================get the bigmovers Losers all yoy list======================]]>
    </line>
    <line>
      <![CDATA[<a title= "title" href="BigMoversgetBigmoversLosersallYOYvalue.png"><img width="700" height="550" src="BigMoversgetBigmoversLosersallYOYvalue.png"></a>]]>
    </line>
    <line>
      <![CDATA[<a title= "title" href="BigMoversgetBigmoversLosersallYOYvalue.png"><img width="700" height="550" src="BigMoversgetBigmoversLosersallYOYvalue.png"></a>]]>
    </line>
    <line>
      <![CDATA[======================get the bigmovers losers categories yoy list======================]]>
    </line>
    <line>
      <![CDATA[Actual data : 169.8]]>
    </line>
    <line>
      <![CDATA[Expected data : 169.8]]>
    </line>
    <line>
      <![CDATA[<a title= "title" href="BigMoversgetBigmoversLoserscategoriesYOYvalue.png"><img width="700" height="550" src="BigMoversgetBigmoversLoserscategoriesYOYvalue.png"></a>]]>
    </line>
    <line>
      <![CDATA[<a title= "title" href="BigMoversgetBigmoversLoserscategoriesYOYvalue.png"><img width="700" height="550" src="BigMoversgetBigmoversLoserscategoriesYOYvalue.png"></a>]]>
    </line>
    <line>
      <![CDATA[======================get the bigmovers losers brands yoy list======================]]>
    </line>
    <line>
      <![CDATA[Actual data : 25]]>
    </line>
    <line>
      <![CDATA[Expected data : 25]]>
    </line>
    <line>
      <![CDATA[<a title= "title" href="BigMoversgetBigmoversLosersbrandsYOYvalue.png"><img width="700" height="550" src="BigMoversgetBigmoversLosersbrandsYOYvalue.png"></a>]]>
    </line>
    <line>
      <![CDATA[<a title= "title" href="BigMoversgetBigmoversLosersbrandsYOYvalue.png"><img width="700" height="550" src="BigMoversgetBigmoversLosersbrandsYOYvalue.png"></a>]]>
    </line>
    <line>
      <![CDATA[======================get the bigmovers winners all yoy list======================]]>
    </line>
    <line>
      <![CDATA[No items present in this list]]>
    </line>
    <line>
      <![CDATA[<a title= "title" href="BigMoversgetBigmoversWinnersallYOYvalue.png"><img width="700" height="550" src="BigMoversgetBigmoversWinnersallYOYvalue.png"></a>]]>
    </line>
    <line>
      <![CDATA[<a title= "title" href="BigMoversgetBigmoversWinnersallYOYvalue.png"><img width="700" height="550" src="BigMoversgetBigmoversWinnersallYOYvalue.png"></a>]]>
    </line>
    <line>
      <![CDATA[======================get the bigmovers winners categories yoy list======================]]>
    </line>
    <line>
      <![CDATA[Actual data : 24.8]]>
    </line>
    <line>
      <![CDATA[Expected data : 24.8]]>
    </line>
    <line>
      <![CDATA[<a title= "title" href="BigMoversgetBigmoversWinnerscategoriesYOYvalue.png"><img width="700" height="550" src="BigMoversgetBigmoversWinnerscategoriesYOYvalue.png"></a>]]>
    </line>
    <line>
      <![CDATA[<a title= "title" href="BigMoversgetBigmoversWinnerscategoriesYOYvalue.png"><img width="700" height="550" src="BigMoversgetBigmoversWinnerscategoriesYOYvalue.png"></a>]]>
    </line>
    <line>
      <![CDATA[======================get the bigmovers winners brands yoy list======================]]>
    </line>
    <line>
      <![CDATA[No items present in this list]]>
    </line>
    <line>
      <![CDATA[<a title= "title" href="BigMoversgetBigmoversWinnersbrandsYOYvalue.png"><img width="700" height="550" src="BigMoversgetBigmoversWinnersbrandsYOYvalue.png"></a>]]>
    </line>
    <line>
      <![CDATA[<a title= "title" href="BigMoversgetBigmoversWinnersbrandsYOYvalue.png"><img width="700" height="550" src="BigMoversgetBigmoversWinnersbrandsYOYvalue.png"></a>]]>
    </line>
    <line>
      <![CDATA[======================get the bigmovers losers all pvp list======================]]>
    </line>
    <line>
      <![CDATA[<a title= "title" href="BigMoversgetBigmoversLosersallPVPvalue.png"><img width="700" height="550" src="BigMoversgetBigmoversLosersallPVPvalue.png"></a>]]>
    </line>
    <line>
      <![CDATA[<a title= "title" href="BigMoversgetBigmoversLosersallPVPvalue.png"><img width="700" height="550" src="BigMoversgetBigmoversLosersallPVPvalue.png"></a>]]>
    </line>
    <line>
      <![CDATA[======================get the bigmovers losers categories pvp list======================]]>
    </line>
    <line>
      <![CDATA[Actual data : 24.1]]>
    </line>
    <line>
      <![CDATA[Expected data : 24.1]]>
    </line>
    <line>
      <![CDATA[<a title= "title" href="BigMoversgetBigmoversLoserscategoriesPVPvalue.png"><img width="700" height="550" src="BigMoversgetBigmoversLoserscategoriesPVPvalue.png"></a>]]>
    </line>
    <line>
      <![CDATA[<a title= "title" href="BigMoversgetBigmoversLoserscategoriesPVPvalue.png"><img width="700" height="550" src="BigMoversgetBigmoversLoserscategoriesPVPvalue.png"></a>]]>
    </line>
    <line>
      <![CDATA[======================get the bigmovers losers brands pvp list======================]]>
    </line>
    <line>
      <![CDATA[Actual data : 23.4]]>
    </line>
    <line>
      <![CDATA[Expected data : 23.4]]>
    </line>
    <line>
      <![CDATA[<a title= "title" href="BigMoversgetBigmoversLosersbrandsPVPvalue.png"><img width="700" height="550" src="BigMoversgetBigmoversLosersbrandsPVPvalue.png"></a>]]>
    </line>
    <line>
      <![CDATA[<a title= "title" href="BigMoversgetBigmoversLosersbrandsPVPvalue.png"><img width="700" height="550" src="BigMoversgetBigmoversLosersbrandsPVPvalue.png"></a>]]>
    </line>
    <line>
      <![CDATA[======================get the bigmovers winners all pvp list======================]]>
    </line>
    <line>
      <![CDATA[No items present in this list]]>
    </line>
    <line>
      <![CDATA[<a title= "title" href="BigMoversgetBigmoversWinnersallPVPvalue.png"><img width="700" height="550" src="BigMoversgetBigmoversWinnersallPVPvalue.png"></a>]]>
    </line>
    <line>
      <![CDATA[<a title= "title" href="BigMoversgetBigmoversWinnersallPVPvalue.png"><img width="700" height="550" src="BigMoversgetBigmoversWinnersallPVPvalue.png"></a>]]>
    </line>
    <line>
      <![CDATA[======================get the bigmovers winners categories pvp list======================]]>
    </line>
    <line>
      <![CDATA[Actual data : 3]]>
    </line>
    <line>
      <![CDATA[Expected data : 3]]>
    </line>
    <line>
      <![CDATA[<a title= "title" href="BigMoversgetBigmoversWinnerscategoriesPVPvalue.png"><img width="700" height="550" src="BigMoversgetBigmoversWinnerscategoriesPVPvalue.png"></a>]]>
    </line>
    <line>
      <![CDATA[<a title= "title" href="BigMoversgetBigmoversWinnerscategoriesPVPvalue.png"><img width="700" height="550" src="BigMoversgetBigmoversWinnerscategoriesPVPvalue.png"></a>]]>
    </line>
    <line>
      <![CDATA[======================get the bigmovers winners brands pvp list======================]]>
    </line>
    <line>
      <![CDATA[No items present in this list]]>
    </line>
    <line>
      <![CDATA[<a title= "title" href="BigMoversgetBigmoversWinnersbrandsPVPvalue.png"><img width="700" height="550" src="BigMoversgetBigmoversWinnersbrandsPVPvalue.png"></a>]]>
    </line>
    <line>
      <![CDATA[<a title= "title" href="BigMoversgetBigmoversWinnersbrandsPVPvalue.png"><img width="700" height="550" src="BigMoversgetBigmoversWinnersbrandsPVPvalue.png"></a>]]>
    </line>
  </reporter-output>
  <suite name="HeaderWidget" duration-ms="7348" started-at="2017-04-03T13:52:36Z" finished-at="2017-04-03T13:52:43Z">
    <groups>
    </groups>
    <test name="sentDates" duration-ms="2484" started-at="2017-04-03T13:52:36Z" finished-at="2017-04-03T13:52:38Z">
      <class name="com.boomerang.canvas.suite.Testcases">
        <test-method status="PASS" signature="createreport(org.testng.ITestContext, java.lang.String)[pri:0, instance:com.boomerang.canvas.suite.Testcases@4f80542f]" name="createreport" is-config="true" duration-ms="0" started-at="2017-04-03T19:22:36Z" finished-at="2017-04-03T19:22:36Z">
          <params>
            <param index="0">
              <value>
                <![CDATA[org.testng.TestRunner@f27ea3]]>
              </value>
            </param>
            <param index="1">
              <value>
                <![CDATA[HeaderWidget]]>
              </value>
            </param>
          </params>
          <reporter-output>
          </reporter-output>
        </test-method> <!-- createreport -->
        <test-method status="FAIL" signature="sentDates(java.lang.String, java.lang.String)[pri:0, instance:com.boomerang.canvas.suite.Testcases@4f80542f]" name="sentDates" duration-ms="2111" started-at="2017-04-03T19:22:36Z" description="Sending the strat and end dates to get the dashbaord related data" finished-at="2017-04-03T19:22:38Z">
          <params>
            <param index="0">
              <value>
                <![CDATA[11/21/2016]]>
              </value>
            </param>
            <param index="1">
              <value>
                <![CDATA[04/18/2017]]>
              </value>
            </param>
          </params>
          <exception class="org.openqa.selenium.WebDriverException">
            <message>
              <![CDATA[unknown error: Element <input type="text" id="datePlaceholder" class="form-control" readonly="true"> is not clickable at point (125, 39). Other element would receive the click: <div class="spinner1 busyIndicator">...</div>
  (Session info: chrome=57.0.2987.133)
  (Driver info: chromedriver=2.28.455517 (2c6d2707d8ea850c862f04ac066724273981e88f),platform=Mac OS X 10.11.6 x86_64) (WARNING: The server did not provide any stacktrace information)
Command duration or timeout: 54 milliseconds
Build info: version: 'unknown', revision: 'unknown', time: 'unknown'
System info: host: 'Boomerangs-MacBook-Pro.local', ip: '192.168.0.86', os.name: 'Mac OS X', os.arch: 'x86_64', os.version: '10.11.6', java.version: '1.8.0_74'
Driver info: org.openqa.selenium.chrome.ChromeDriver
Capabilities [{applicationCacheEnabled=false, rotatable=false, mobileEmulationEnabled=false, networkConnectionEnabled=false, chrome={chromedriverVersion=2.28.455517 (2c6d2707d8ea850c862f04ac066724273981e88f), userDataDir=/var/folders/qk/987w364n4_v2kg3skqg6wl3r0000gn/T/.org.chromium.Chromium.gkGJHh}, takesHeapSnapshot=true, pageLoadStrategy=normal, databaseEnabled=false, handlesAlerts=true, hasTouchScreen=false, version=57.0.2987.133, platform=MAC, browserConnectionEnabled=false, nativeEvents=true, acceptSslCerts=true, locationContextEnabled=true, webStorageEnabled=true, browserName=chrome, takesScreenshot=true, javascriptEnabled=true, cssSelectorsEnabled=true, unexpectedAlertBehaviour=}]
Session ID: 5c23c3deb2f91d158d464a4b370855c7]]>
            </message>
            <full-stacktrace>
              <![CDATA[org.openqa.selenium.WebDriverException: unknown error: Element <input type="text" id="datePlaceholder" class="form-control" readonly="true"> is not clickable at point (125, 39). Other element would receive the click: <div class="spinner1 busyIndicator">...</div>
  (Session info: chrome=57.0.2987.133)
  (Driver info: chromedriver=2.28.455517 (2c6d2707d8ea850c862f04ac066724273981e88f),platform=Mac OS X 10.11.6 x86_64) (WARNING: The server did not provide any stacktrace information)
Command duration or timeout: 54 milliseconds
Build info: version: 'unknown', revision: 'unknown', time: 'unknown'
System info: host: 'Boomerangs-MacBook-Pro.local', ip: '192.168.0.86', os.name: 'Mac OS X', os.arch: 'x86_64', os.version: '10.11.6', java.version: '1.8.0_74'
Driver info: org.openqa.selenium.chrome.ChromeDriver
Capabilities [{applicationCacheEnabled=false, rotatable=false, mobileEmulationEnabled=false, networkConnectionEnabled=false, chrome={chromedriverVersion=2.28.455517 (2c6d2707d8ea850c862f04ac066724273981e88f), userDataDir=/var/folders/qk/987w364n4_v2kg3skqg6wl3r0000gn/T/.org.chromium.Chromium.gkGJHh}, takesHeapSnapshot=true, pageLoadStrategy=normal, databaseEnabled=false, handlesAlerts=true, hasTouchScreen=false, version=57.0.2987.133, platform=MAC, browserConnectionEnabled=false, nativeEvents=true, acceptSslCerts=true, locationContextEnabled=true, webStorageEnabled=true, browserName=chrome, takesScreenshot=true, javascriptEnabled=true, cssSelectorsEnabled=true, unexpectedAlertBehaviour=}]
Session ID: 5c23c3deb2f91d158d464a4b370855c7
	at sun.reflect.NativeConstructorAccessorImpl.newInstance0(Native Method)
	at sun.reflect.NativeConstructorAccessorImpl.newInstance(NativeConstructorAccessorImpl.java:62)
	at sun.reflect.DelegatingConstructorAccessorImpl.newInstance(DelegatingConstructorAccessorImpl.java:45)
	at java.lang.reflect.Constructor.newInstance(Constructor.java:423)
	at org.openqa.selenium.remote.ErrorHandler.createThrowable(ErrorHandler.java:204)
	at org.openqa.selenium.remote.ErrorHandler.throwIfResponseFailed(ErrorHandler.java:156)
	at org.openqa.selenium.remote.RemoteWebDriver.execute(RemoteWebDriver.java:605)
	at org.openqa.selenium.remote.RemoteWebElement.execute(RemoteWebElement.java:269)
	at org.openqa.selenium.remote.RemoteWebElement.click(RemoteWebElement.java:80)
	at com.boomerang.canvas.pageactions.Headerwidget.sentDates(Headerwidget.java:13)
	at com.boomerang.canvas.suite.Testcases.sentDates(Testcases.java:141)
	at sun.reflect.NativeMethodAccessorImpl.invoke0(Native Method)
	at sun.reflect.NativeMethodAccessorImpl.invoke(NativeMethodAccessorImpl.java:62)
	at sun.reflect.DelegatingMethodAccessorImpl.invoke(DelegatingMethodAccessorImpl.java:43)
	at java.lang.reflect.Method.invoke(Method.java:498)
	at org.testng.internal.MethodInvocationHelper.invokeMethod(MethodInvocationHelper.java:85)
	at org.testng.internal.Invoker.invokeMethod(Invoker.java:659)
	at org.testng.internal.Invoker.invokeTestMethod(Invoker.java:845)
	at org.testng.internal.Invoker.invokeTestMethods(Invoker.java:1153)
	at org.testng.internal.TestMethodWorker.invokeTestMethods(TestMethodWorker.java:125)
	at org.testng.internal.TestMethodWorker.run(TestMethodWorker.java:108)
	at org.testng.TestRunner.privateRun(TestRunner.java:771)
	at org.testng.TestRunner.run(TestRunner.java:621)
	at org.testng.SuiteRunner.runTest(SuiteRunner.java:357)
	at org.testng.SuiteRunner.runSequentially(SuiteRunner.java:352)
	at org.testng.SuiteRunner.privateRun(SuiteRunner.java:310)
	at org.testng.SuiteRunner.run(SuiteRunner.java:259)
	at org.testng.SuiteRunnerWorker.runSuite(SuiteRunnerWorker.java:52)
	at org.testng.SuiteRunnerWorker.run(SuiteRunnerWorker.java:86)
	at org.testng.TestNG.runSuitesSequentially(TestNG.java:1199)
	at org.testng.TestNG.runSuitesLocally(TestNG.java:1124)
	at org.testng.TestNG.run(TestNG.java:1032)
	at com.boomerang.canvas.suite.Testsuite.runTests(Testsuite.java:85)
	at com.boomerang.canvas.suite.Testsuite.suitetest(Testsuite.java:98)
	at com.boomerang.canvas.suite.Testsuite.main(Testsuite.java:106)
]]>
            </full-stacktrace>
          </exception> <!-- org.openqa.selenium.WebDriverException -->
          <reporter-output>
            <line>
              <![CDATA[======================set the dates to get the details======================]]>
            </line>
            <line>
              <![CDATA[<a title= "title" href="HeaderWidgetsentDates.png"><img width="700" height="550" src="HeaderWidgetsentDates.png"></a>]]>
            </line>
          </reporter-output>
        </test-method> <!-- sentDates -->
        <test-method status="PASS" signature="screenshot(org.testng.ITestResult, java.lang.String, java.lang.reflect.Method)[pri:0, instance:com.boomerang.canvas.suite.Testcases@4f80542f]" name="screenshot" is-config="true" duration-ms="370" started-at="2017-04-03T19:22:38Z" finished-at="2017-04-03T19:22:38Z">
          <params>
            <param index="0">
              <value>
                <![CDATA[[TestResult name=sentDates status=FAILURE method=Testcases.sentDates(java.lang.String, java.lang.String)[pri:0, instance:com.boomerang.canvas.suite.Testcases@4f80542f] output=======================set the dates to get the details======================]]]>
              </value>
            </param>
            <param index="1">
              <value>
                <![CDATA[HeaderWidget]]>
              </value>
            </param>
            <param index="2">
              <value>
                <![CDATA[public void com.boomerang.canvas.suite.Testcases.sentDates(java.lang.String,java.lang.String) throws java.lang.Exception]]>
              </value>
            </param>
          </params>
          <reporter-output>
            <line>
              <![CDATA[<a title= "title" href="HeaderWidgetsentDates.png"><img width="700" height="550" src="HeaderWidgetsentDates.png"></a>]]>
            </line>
          </reporter-output>
        </test-method> <!-- screenshot -->
      </class> <!-- com.boomerang.canvas.suite.Testcases -->
    </test> <!-- sentDates -->
    <test name="isHeaderRevenueTextPresent" duration-ms="464" started-at="2017-04-03T13:52:38Z" finished-at="2017-04-03T13:52:39Z">
      <class name="com.boomerang.canvas.suite.Testcases">
        <test-method status="PASS" signature="createreport(org.testng.ITestContext, java.lang.String)[pri:0, instance:com.boomerang.canvas.suite.Testcases@2e3967ea]" name="createreport" is-config="true" duration-ms="1" started-at="2017-04-03T19:22:38Z" finished-at="2017-04-03T19:22:38Z">
          <params>
            <param index="0">
              <value>
                <![CDATA[org.testng.TestRunner@4bf3798b]]>
              </value>
            </param>
            <param index="1">
              <value>
                <![CDATA[HeaderWidget]]>
              </value>
            </param>
          </params>
          <reporter-output>
          </reporter-output>
        </test-method> <!-- createreport -->
        <test-method status="PASS" signature="isHeaderRevenueTextPresent(java.lang.String)[pri:0, instance:com.boomerang.canvas.suite.Testcases@2e3967ea]" name="isHeaderRevenueTextPresent" duration-ms="109" started-at="2017-04-03T19:22:38Z" description="Verifying the Revenue text is present in header widget or not" finished-at="2017-04-03T19:22:38Z">
          <params>
            <param index="0">
              <value>
                <![CDATA[REVENUE]]>
              </value>
            </param>
          </params>
          <reporter-output>
            <line>
              <![CDATA[======================get the revnue text======================]]>
            </line>
            <line>
              <![CDATA[Actual value : REVENUE]]>
            </line>
            <line>
              <![CDATA[Expected value : REVENUE]]>
            </line>
            <line>
              <![CDATA[<a title= "title" href="HeaderWidgetisHeaderRevenueTextPresent.png"><img width="700" height="550" src="HeaderWidgetisHeaderRevenueTextPresent.png"></a>]]>
            </line>
          </reporter-output>
        </test-method> <!-- isHeaderRevenueTextPresent -->
        <test-method status="PASS" signature="screenshot(org.testng.ITestResult, java.lang.String, java.lang.reflect.Method)[pri:0, instance:com.boomerang.canvas.suite.Testcases@2e3967ea]" name="screenshot" is-config="true" duration-ms="354" started-at="2017-04-03T19:22:38Z" finished-at="2017-04-03T19:22:39Z">
          <params>
            <param index="0">
              <value>
                <![CDATA[[TestResult name=isHeaderRevenueTextPresent status=SUCCESS method=Testcases.isHeaderRevenueTextPresent(java.lang.String)[pri:0, instance:com.boomerang.canvas.suite.Testcases@2e3967ea] output=======================get the revnue text======================]]]>
              </value>
            </param>
            <param index="1">
              <value>
                <![CDATA[HeaderWidget]]>
              </value>
            </param>
            <param index="2">
              <value>
                <![CDATA[public void com.boomerang.canvas.suite.Testcases.isHeaderRevenueTextPresent(java.lang.String) throws java.lang.Exception]]>
              </value>
            </param>
          </params>
          <reporter-output>
            <line>
              <![CDATA[<a title= "title" href="HeaderWidgetisHeaderRevenueTextPresent.png"><img width="700" height="550" src="HeaderWidgetisHeaderRevenueTextPresent.png"></a>]]>
            </line>
          </reporter-output>
        </test-method> <!-- screenshot -->
      </class> <!-- com.boomerang.canvas.suite.Testcases -->
    </test> <!-- isHeaderRevenueTextPresent -->
    <test name="getRevenueValueInDollars" duration-ms="603" started-at="2017-04-03T13:52:39Z" finished-at="2017-04-03T13:52:39Z">
      <class name="com.boomerang.canvas.suite.Testcases">
        <test-method status="FAIL" signature="getRevenueValueInDollars()[pri:0, instance:com.boomerang.canvas.suite.Testcases@2e6a8155]" name="getRevenueValueInDollars" duration-ms="152" started-at="2017-04-03T19:22:39Z" description="Verifying the Revenue value from Header Widget across Revenue value which is comming from Backend" finished-at="2017-04-03T19:22:39Z">
          <exception class="java.lang.AssertionError">
            <message>
              <![CDATA[expected [$635.9M] but found [$382M]]]>
            </message>
            <full-stacktrace>
              <![CDATA[java.lang.AssertionError: expected [$635.9M] but found [$382M]
	at org.testng.Assert.fail(Assert.java:94)
	at org.testng.Assert.failNotEquals(Assert.java:496)
	at org.testng.Assert.assertEquals(Assert.java:125)
	at org.testng.Assert.assertEquals(Assert.java:178)
	at org.testng.Assert.assertEquals(Assert.java:188)
	at com.boomerang.canvas.suite.Testcases.getRevenueValueInDollars(Testcases.java:160)
	at sun.reflect.NativeMethodAccessorImpl.invoke0(Native Method)
	at sun.reflect.NativeMethodAccessorImpl.invoke(NativeMethodAccessorImpl.java:62)
	at sun.reflect.DelegatingMethodAccessorImpl.invoke(DelegatingMethodAccessorImpl.java:43)
	at java.lang.reflect.Method.invoke(Method.java:498)
	at org.testng.internal.MethodInvocationHelper.invokeMethod(MethodInvocationHelper.java:85)
	at org.testng.internal.Invoker.invokeMethod(Invoker.java:659)
	at org.testng.internal.Invoker.invokeTestMethod(Invoker.java:845)
	at org.testng.internal.Invoker.invokeTestMethods(Invoker.java:1153)
	at org.testng.internal.TestMethodWorker.invokeTestMethods(TestMethodWorker.java:125)
	at org.testng.internal.TestMethodWorker.run(TestMethodWorker.java:108)
	at org.testng.TestRunner.privateRun(TestRunner.java:771)
	at org.testng.TestRunner.run(TestRunner.java:621)
	at org.testng.SuiteRunner.runTest(SuiteRunner.java:357)
	at org.testng.SuiteRunner.runSequentially(SuiteRunner.java:352)
	at org.testng.SuiteRunner.privateRun(SuiteRunner.java:310)
	at org.testng.SuiteRunner.run(SuiteRunner.java:259)
	at org.testng.SuiteRunnerWorker.runSuite(SuiteRunnerWorker.java:52)
	at org.testng.SuiteRunnerWorker.run(SuiteRunnerWorker.java:86)
	at org.testng.TestNG.runSuitesSequentially(TestNG.java:1199)
	at org.testng.TestNG.runSuitesLocally(TestNG.java:1124)
	at org.testng.TestNG.run(TestNG.java:1032)
	at com.boomerang.canvas.suite.Testsuite.runTests(Testsuite.java:85)
	at com.boomerang.canvas.suite.Testsuite.suitetest(Testsuite.java:98)
	at com.boomerang.canvas.suite.Testsuite.main(Testsuite.java:106)
]]>
            </full-stacktrace>
          </exception> <!-- java.lang.AssertionError -->
          <reporter-output>
            <line>
              <![CDATA[======================get the revnue value======================]]>
            </line>
            <line>
              <![CDATA[Actual value : $382M]]>
            </line>
            <line>
              <![CDATA[Expected value : $635.9M]]>
            </line>
            <line>
              <![CDATA[<a title= "title" href="HeaderWidgetgetRevenueValueInDollars.png"><img width="700" height="550" src="HeaderWidgetgetRevenueValueInDollars.png"></a>]]>
            </line>
          </reporter-output>
        </test-method> <!-- getRevenueValueInDollars -->
        <test-method status="PASS" signature="createreport(org.testng.ITestContext, java.lang.String)[pri:0, instance:com.boomerang.canvas.suite.Testcases@2e6a8155]" name="createreport" is-config="true" duration-ms="0" started-at="2017-04-03T19:22:39Z" finished-at="2017-04-03T19:22:39Z">
          <params>
            <param index="0">
              <value>
                <![CDATA[org.testng.TestRunner@58670130]]>
              </value>
            </param>
            <param index="1">
              <value>
                <![CDATA[HeaderWidget]]>
              </value>
            </param>
          </params>
          <reporter-output>
          </reporter-output>
        </test-method> <!-- createreport -->
        <test-method status="PASS" signature="screenshot(org.testng.ITestResult, java.lang.String, java.lang.reflect.Method)[pri:0, instance:com.boomerang.canvas.suite.Testcases@2e6a8155]" name="screenshot" is-config="true" duration-ms="451" started-at="2017-04-03T19:22:39Z" finished-at="2017-04-03T19:22:39Z">
          <params>
            <param index="0">
              <value>
                <![CDATA[[TestResult name=getRevenueValueInDollars status=FAILURE method=Testcases.getRevenueValueInDollars()[pri:0, instance:com.boomerang.canvas.suite.Testcases@2e6a8155] output=======================get the revnue value======================]]]>
              </value>
            </param>
            <param index="1">
              <value>
                <![CDATA[HeaderWidget]]>
              </value>
            </param>
            <param index="2">
              <value>
                <![CDATA[public void com.boomerang.canvas.suite.Testcases.getRevenueValueInDollars() throws java.lang.Exception]]>
              </value>
            </param>
          </params>
          <reporter-output>
            <line>
              <![CDATA[<a title= "title" href="HeaderWidgetgetRevenueValueInDollars.png"><img width="700" height="550" src="HeaderWidgetgetRevenueValueInDollars.png"></a>]]>
            </line>
          </reporter-output>
        </test-method> <!-- screenshot -->
      </class> <!-- com.boomerang.canvas.suite.Testcases -->
    </test> <!-- getRevenueValueInDollars -->
    <test name="getRevenuePercentYoY" duration-ms="976" started-at="2017-04-03T13:52:39Z" finished-at="2017-04-03T13:52:40Z">
      <class name="com.boomerang.canvas.suite.Testcases">
        <test-method status="PASS" signature="createreport(org.testng.ITestContext, java.lang.String)[pri:0, instance:com.boomerang.canvas.suite.Testcases@7b36aa0c]" name="createreport" is-config="true" duration-ms="0" started-at="2017-04-03T19:22:39Z" finished-at="2017-04-03T19:22:39Z">
          <params>
            <param index="0">
              <value>
                <![CDATA[org.testng.TestRunner@74e47444]]>
              </value>
            </param>
            <param index="1">
              <value>
                <![CDATA[HeaderWidget]]>
              </value>
            </param>
          </params>
          <reporter-output>
          </reporter-output>
        </test-method> <!-- createreport -->
        <test-method status="FAIL" signature="getRevenuePercentYoY()[pri:0, instance:com.boomerang.canvas.suite.Testcases@7b36aa0c]" name="getRevenuePercentYoY" duration-ms="119" started-at="2017-04-03T19:22:39Z" description="Verifying the Revenue YOY value from Header Widget across Revenue YOY value which is comming from Backend" finished-at="2017-04-03T19:22:40Z">
          <exception class="java.lang.AssertionError">
            <message>
              <![CDATA[expected [30%] but found [30.78%]]]>
            </message>
            <full-stacktrace>
              <![CDATA[java.lang.AssertionError: expected [30%] but found [30.78%]
	at org.testng.Assert.fail(Assert.java:94)
	at org.testng.Assert.failNotEquals(Assert.java:496)
	at org.testng.Assert.assertEquals(Assert.java:125)
	at org.testng.Assert.assertEquals(Assert.java:178)
	at org.testng.Assert.assertEquals(Assert.java:188)
	at com.boomerang.canvas.genericlibrary.Genericlib.getYOYandPVPvalues(Genericlib.java:171)
	at com.boomerang.canvas.suite.Testcases.getRevenuePercentYoY(Testcases.java:166)
	at sun.reflect.NativeMethodAccessorImpl.invoke0(Native Method)
	at sun.reflect.NativeMethodAccessorImpl.invoke(NativeMethodAccessorImpl.java:62)
	at sun.reflect.DelegatingMethodAccessorImpl.invoke(DelegatingMethodAccessorImpl.java:43)
	at java.lang.reflect.Method.invoke(Method.java:498)
	at org.testng.internal.MethodInvocationHelper.invokeMethod(MethodInvocationHelper.java:85)
	at org.testng.internal.Invoker.invokeMethod(Invoker.java:659)
	at org.testng.internal.Invoker.invokeTestMethod(Invoker.java:845)
	at org.testng.internal.Invoker.invokeTestMethods(Invoker.java:1153)
	at org.testng.internal.TestMethodWorker.invokeTestMethods(TestMethodWorker.java:125)
	at org.testng.internal.TestMethodWorker.run(TestMethodWorker.java:108)
	at org.testng.TestRunner.privateRun(TestRunner.java:771)
	at org.testng.TestRunner.run(TestRunner.java:621)
	at org.testng.SuiteRunner.runTest(SuiteRunner.java:357)
	at org.testng.SuiteRunner.runSequentially(SuiteRunner.java:352)
	at org.testng.SuiteRunner.privateRun(SuiteRunner.java:310)
	at org.testng.SuiteRunner.run(SuiteRunner.java:259)
	at org.testng.SuiteRunnerWorker.runSuite(SuiteRunnerWorker.java:52)
	at org.testng.SuiteRunnerWorker.run(SuiteRunnerWorker.java:86)
	at org.testng.TestNG.runSuitesSequentially(TestNG.java:1199)
	at org.testng.TestNG.runSuitesLocally(TestNG.java:1124)
	at org.testng.TestNG.run(TestNG.java:1032)
	at com.boomerang.canvas.suite.Testsuite.runTests(Testsuite.java:85)
	at com.boomerang.canvas.suite.Testsuite.suitetest(Testsuite.java:98)
	at com.boomerang.canvas.suite.Testsuite.main(Testsuite.java:106)
]]>
            </full-stacktrace>
          </exception> <!-- java.lang.AssertionError -->
          <reporter-output>
            <line>
              <![CDATA[======================get the revnue yoy value======================]]>
            </line>
            <line>
              <![CDATA[Actual value : 30.78%]]>
            </line>
            <line>
              <![CDATA[Expected value : 30%]]>
            </line>
            <line>
              <![CDATA[<a title= "title" href="HeaderWidgetgetRevenuePercentYoY.png"><img width="700" height="550" src="HeaderWidgetgetRevenuePercentYoY.png"></a>]]>
            </line>
          </reporter-output>
        </test-method> <!-- getRevenuePercentYoY -->
        <test-method status="PASS" signature="screenshot(org.testng.ITestResult, java.lang.String, java.lang.reflect.Method)[pri:0, instance:com.boomerang.canvas.suite.Testcases@7b36aa0c]" name="screenshot" is-config="true" duration-ms="857" started-at="2017-04-03T19:22:40Z" finished-at="2017-04-03T19:22:40Z">
          <params>
            <param index="0">
              <value>
                <![CDATA[[TestResult name=getRevenuePercentYoY status=FAILURE method=Testcases.getRevenuePercentYoY()[pri:0, instance:com.boomerang.canvas.suite.Testcases@7b36aa0c] output=======================get the revnue yoy value======================]]]>
              </value>
            </param>
            <param index="1">
              <value>
                <![CDATA[HeaderWidget]]>
              </value>
            </param>
            <param index="2">
              <value>
                <![CDATA[public void com.boomerang.canvas.suite.Testcases.getRevenuePercentYoY() throws java.lang.Exception]]>
              </value>
            </param>
          </params>
          <reporter-output>
            <line>
              <![CDATA[<a title= "title" href="HeaderWidgetgetRevenuePercentYoY.png"><img width="700" height="550" src="HeaderWidgetgetRevenuePercentYoY.png"></a>]]>
            </line>
          </reporter-output>
        </test-method> <!-- screenshot -->
      </class> <!-- com.boomerang.canvas.suite.Testcases -->
    </test> <!-- getRevenuePercentYoY -->
    <test name="getRevenuePercentPvP" duration-ms="754" started-at="2017-04-03T13:52:40Z" finished-at="2017-04-03T13:52:41Z">
      <class name="com.boomerang.canvas.suite.Testcases">
        <test-method status="FAIL" signature="getRevenuePercentPvP()[pri:0, instance:com.boomerang.canvas.suite.Testcases@4d154ccd]" name="getRevenuePercentPvP" duration-ms="299" started-at="2017-04-03T19:22:40Z" description="Verifying the Revenue PVP value from Header Widget across Revenue PVP value which is comming from Backend" finished-at="2017-04-03T19:22:41Z">
          <exception class="java.lang.AssertionError">
            <message>
              <![CDATA[expected [2.9%] but found [22.58%]]]>
            </message>
            <full-stacktrace>
              <![CDATA[java.lang.AssertionError: expected [2.9%] but found [22.58%]
	at org.testng.Assert.fail(Assert.java:94)
	at org.testng.Assert.failNotEquals(Assert.java:496)
	at org.testng.Assert.assertEquals(Assert.java:125)
	at org.testng.Assert.assertEquals(Assert.java:178)
	at org.testng.Assert.assertEquals(Assert.java:188)
	at com.boomerang.canvas.genericlibrary.Genericlib.getYOYandPVPvalues(Genericlib.java:171)
	at com.boomerang.canvas.suite.Testcases.getRevenuePercentPvP(Testcases.java:172)
	at sun.reflect.NativeMethodAccessorImpl.invoke0(Native Method)
	at sun.reflect.NativeMethodAccessorImpl.invoke(NativeMethodAccessorImpl.java:62)
	at sun.reflect.DelegatingMethodAccessorImpl.invoke(DelegatingMethodAccessorImpl.java:43)
	at java.lang.reflect.Method.invoke(Method.java:498)
	at org.testng.internal.MethodInvocationHelper.invokeMethod(MethodInvocationHelper.java:85)
	at org.testng.internal.Invoker.invokeMethod(Invoker.java:659)
	at org.testng.internal.Invoker.invokeTestMethod(Invoker.java:845)
	at org.testng.internal.Invoker.invokeTestMethods(Invoker.java:1153)
	at org.testng.internal.TestMethodWorker.invokeTestMethods(TestMethodWorker.java:125)
	at org.testng.internal.TestMethodWorker.run(TestMethodWorker.java:108)
	at org.testng.TestRunner.privateRun(TestRunner.java:771)
	at org.testng.TestRunner.run(TestRunner.java:621)
	at org.testng.SuiteRunner.runTest(SuiteRunner.java:357)
	at org.testng.SuiteRunner.runSequentially(SuiteRunner.java:352)
	at org.testng.SuiteRunner.privateRun(SuiteRunner.java:310)
	at org.testng.SuiteRunner.run(SuiteRunner.java:259)
	at org.testng.SuiteRunnerWorker.runSuite(SuiteRunnerWorker.java:52)
	at org.testng.SuiteRunnerWorker.run(SuiteRunnerWorker.java:86)
	at org.testng.TestNG.runSuitesSequentially(TestNG.java:1199)
	at org.testng.TestNG.runSuitesLocally(TestNG.java:1124)
	at org.testng.TestNG.run(TestNG.java:1032)
	at com.boomerang.canvas.suite.Testsuite.runTests(Testsuite.java:85)
	at com.boomerang.canvas.suite.Testsuite.suitetest(Testsuite.java:98)
	at com.boomerang.canvas.suite.Testsuite.main(Testsuite.java:106)
]]>
            </full-stacktrace>
          </exception> <!-- java.lang.AssertionError -->
          <reporter-output>
            <line>
              <![CDATA[======================get the revnue pvp value======================]]>
            </line>
            <line>
              <![CDATA[Actual value : 22.58%]]>
            </line>
            <line>
              <![CDATA[Expected value : 2.9%]]>
            </line>
            <line>
              <![CDATA[<a title= "title" href="HeaderWidgetgetRevenuePercentPvP.png"><img width="700" height="550" src="HeaderWidgetgetRevenuePercentPvP.png"></a>]]>
            </line>
          </reporter-output>
        </test-method> <!-- getRevenuePercentPvP -->
        <test-method status="PASS" signature="createreport(org.testng.ITestContext, java.lang.String)[pri:0, instance:com.boomerang.canvas.suite.Testcases@4d154ccd]" name="createreport" is-config="true" duration-ms="0" started-at="2017-04-03T19:22:40Z" finished-at="2017-04-03T19:22:40Z">
          <params>
            <param index="0">
              <value>
                <![CDATA[org.testng.TestRunner@9bd0fa6]]>
              </value>
            </param>
            <param index="1">
              <value>
                <![CDATA[HeaderWidget]]>
              </value>
            </param>
          </params>
          <reporter-output>
          </reporter-output>
        </test-method> <!-- createreport -->
        <test-method status="PASS" signature="screenshot(org.testng.ITestResult, java.lang.String, java.lang.reflect.Method)[pri:0, instance:com.boomerang.canvas.suite.Testcases@4d154ccd]" name="screenshot" is-config="true" duration-ms="453" started-at="2017-04-03T19:22:41Z" finished-at="2017-04-03T19:22:41Z">
          <params>
            <param index="0">
              <value>
                <![CDATA[[TestResult name=getRevenuePercentPvP status=FAILURE method=Testcases.getRevenuePercentPvP()[pri:0, instance:com.boomerang.canvas.suite.Testcases@4d154ccd] output=======================get the revnue pvp value======================]]]>
              </value>
            </param>
            <param index="1">
              <value>
                <![CDATA[HeaderWidget]]>
              </value>
            </param>
            <param index="2">
              <value>
                <![CDATA[public void com.boomerang.canvas.suite.Testcases.getRevenuePercentPvP() throws java.lang.Exception]]>
              </value>
            </param>
          </params>
          <reporter-output>
            <line>
              <![CDATA[<a title= "title" href="HeaderWidgetgetRevenuePercentPvP.png"><img width="700" height="550" src="HeaderWidgetgetRevenuePercentPvP.png"></a>]]>
            </line>
          </reporter-output>
        </test-method> <!-- screenshot -->
      </class> <!-- com.boomerang.canvas.suite.Testcases -->
    </test> <!-- getRevenuePercentPvP -->
    <test name="isHeaderMarginTextPresent" duration-ms="462" started-at="2017-04-03T13:52:41Z" finished-at="2017-04-03T13:52:42Z">
      <class name="com.boomerang.canvas.suite.Testcases">
        <test-method status="PASS" signature="isHeaderMarginTextPresent(java.lang.String)[pri:0, instance:com.boomerang.canvas.suite.Testcases@4b45a2f5]" name="isHeaderMarginTextPresent" duration-ms="78" started-at="2017-04-03T19:22:41Z" description="Verifying the Margin text is present in header widget or not" finished-at="2017-04-03T19:22:41Z">
          <params>
            <param index="0">
              <value>
                <![CDATA[MARGIN]]>
              </value>
            </param>
          </params>
          <reporter-output>
            <line>
              <![CDATA[======================get the margin text======================]]>
            </line>
            <line>
              <![CDATA[Actual value : MARGIN]]>
            </line>
            <line>
              <![CDATA[Expected value : MARGIN]]>
            </line>
            <line>
              <![CDATA[<a title= "title" href="HeaderWidgetisHeaderMarginTextPresent.png"><img width="700" height="550" src="HeaderWidgetisHeaderMarginTextPresent.png"></a>]]>
            </line>
          </reporter-output>
        </test-method> <!-- isHeaderMarginTextPresent -->
        <test-method status="PASS" signature="createreport(org.testng.ITestContext, java.lang.String)[pri:0, instance:com.boomerang.canvas.suite.Testcases@4b45a2f5]" name="createreport" is-config="true" duration-ms="0" started-at="2017-04-03T19:22:41Z" finished-at="2017-04-03T19:22:41Z">
          <params>
            <param index="0">
              <value>
                <![CDATA[org.testng.TestRunner@59d2103b]]>
              </value>
            </param>
            <param index="1">
              <value>
                <![CDATA[HeaderWidget]]>
              </value>
            </param>
          </params>
          <reporter-output>
          </reporter-output>
        </test-method> <!-- createreport -->
        <test-method status="PASS" signature="screenshot(org.testng.ITestResult, java.lang.String, java.lang.reflect.Method)[pri:0, instance:com.boomerang.canvas.suite.Testcases@4b45a2f5]" name="screenshot" is-config="true" duration-ms="382" started-at="2017-04-03T19:22:41Z" finished-at="2017-04-03T19:22:42Z">
          <params>
            <param index="0">
              <value>
                <![CDATA[[TestResult name=isHeaderMarginTextPresent status=SUCCESS method=Testcases.isHeaderMarginTextPresent(java.lang.String)[pri:0, instance:com.boomerang.canvas.suite.Testcases@4b45a2f5] output=======================get the margin text======================]]]>
              </value>
            </param>
            <param index="1">
              <value>
                <![CDATA[HeaderWidget]]>
              </value>
            </param>
            <param index="2">
              <value>
                <![CDATA[public void com.boomerang.canvas.suite.Testcases.isHeaderMarginTextPresent(java.lang.String) throws java.lang.Exception]]>
              </value>
            </param>
          </params>
          <reporter-output>
            <line>
              <![CDATA[<a title= "title" href="HeaderWidgetisHeaderMarginTextPresent.png"><img width="700" height="550" src="HeaderWidgetisHeaderMarginTextPresent.png"></a>]]>
            </line>
          </reporter-output>
        </test-method> <!-- screenshot -->
      </class> <!-- com.boomerang.canvas.suite.Testcases -->
    </test> <!-- isHeaderMarginTextPresent -->
    <test name="getMarginValueInDollars" duration-ms="494" started-at="2017-04-03T13:52:42Z" finished-at="2017-04-03T13:52:42Z">
      <class name="com.boomerang.canvas.suite.Testcases">
        <test-method status="PASS" signature="createreport(org.testng.ITestContext, java.lang.String)[pri:0, instance:com.boomerang.canvas.suite.Testcases@45099dd3]" name="createreport" is-config="true" duration-ms="0" started-at="2017-04-03T19:22:42Z" finished-at="2017-04-03T19:22:42Z">
          <params>
            <param index="0">
              <value>
                <![CDATA[org.testng.TestRunner@39dcf4b0]]>
              </value>
            </param>
            <param index="1">
              <value>
                <![CDATA[HeaderWidget]]>
              </value>
            </param>
          </params>
          <reporter-output>
          </reporter-output>
        </test-method> <!-- createreport -->
        <test-method status="FAIL" signature="getMarginValueInDollars()[pri:0, instance:com.boomerang.canvas.suite.Testcases@45099dd3]" name="getMarginValueInDollars" duration-ms="96" started-at="2017-04-03T19:22:42Z" description="Verifying the Margin value from Header Widget across Margin value which is comming from Backend" finished-at="2017-04-03T19:22:42Z">
          <exception class="java.lang.AssertionError">
            <message>
              <![CDATA[expected [$65.1M] but found [$53.8M]]]>
            </message>
            <full-stacktrace>
              <![CDATA[java.lang.AssertionError: expected [$65.1M] but found [$53.8M]
	at org.testng.Assert.fail(Assert.java:94)
	at org.testng.Assert.failNotEquals(Assert.java:496)
	at org.testng.Assert.assertEquals(Assert.java:125)
	at org.testng.Assert.assertEquals(Assert.java:178)
	at org.testng.Assert.assertEquals(Assert.java:188)
	at com.boomerang.canvas.suite.Testcases.getMarginValueInDollars(Testcases.java:190)
	at sun.reflect.NativeMethodAccessorImpl.invoke0(Native Method)
	at sun.reflect.NativeMethodAccessorImpl.invoke(NativeMethodAccessorImpl.java:62)
	at sun.reflect.DelegatingMethodAccessorImpl.invoke(DelegatingMethodAccessorImpl.java:43)
	at java.lang.reflect.Method.invoke(Method.java:498)
	at org.testng.internal.MethodInvocationHelper.invokeMethod(MethodInvocationHelper.java:85)
	at org.testng.internal.Invoker.invokeMethod(Invoker.java:659)
	at org.testng.internal.Invoker.invokeTestMethod(Invoker.java:845)
	at org.testng.internal.Invoker.invokeTestMethods(Invoker.java:1153)
	at org.testng.internal.TestMethodWorker.invokeTestMethods(TestMethodWorker.java:125)
	at org.testng.internal.TestMethodWorker.run(TestMethodWorker.java:108)
	at org.testng.TestRunner.privateRun(TestRunner.java:771)
	at org.testng.TestRunner.run(TestRunner.java:621)
	at org.testng.SuiteRunner.runTest(SuiteRunner.java:357)
	at org.testng.SuiteRunner.runSequentially(SuiteRunner.java:352)
	at org.testng.SuiteRunner.privateRun(SuiteRunner.java:310)
	at org.testng.SuiteRunner.run(SuiteRunner.java:259)
	at org.testng.SuiteRunnerWorker.runSuite(SuiteRunnerWorker.java:52)
	at org.testng.SuiteRunnerWorker.run(SuiteRunnerWorker.java:86)
	at org.testng.TestNG.runSuitesSequentially(TestNG.java:1199)
	at org.testng.TestNG.runSuitesLocally(TestNG.java:1124)
	at org.testng.TestNG.run(TestNG.java:1032)
	at com.boomerang.canvas.suite.Testsuite.runTests(Testsuite.java:85)
	at com.boomerang.canvas.suite.Testsuite.suitetest(Testsuite.java:98)
	at com.boomerang.canvas.suite.Testsuite.main(Testsuite.java:106)
]]>
            </full-stacktrace>
          </exception> <!-- java.lang.AssertionError -->
          <reporter-output>
            <line>
              <![CDATA[======================get the margin value======================]]>
            </line>
            <line>
              <![CDATA[Expected value : $65.1M]]>
            </line>
            <line>
              <![CDATA[<a title= "title" href="HeaderWidgetgetMarginValueInDollars.png"><img width="700" height="550" src="HeaderWidgetgetMarginValueInDollars.png"></a>]]>
            </line>
          </reporter-output>
        </test-method> <!-- getMarginValueInDollars -->
        <test-method status="PASS" signature="screenshot(org.testng.ITestResult, java.lang.String, java.lang.reflect.Method)[pri:0, instance:com.boomerang.canvas.suite.Testcases@45099dd3]" name="screenshot" is-config="true" duration-ms="397" started-at="2017-04-03T19:22:42Z" finished-at="2017-04-03T19:22:42Z">
          <params>
            <param index="0">
              <value>
                <![CDATA[[TestResult name=getMarginValueInDollars status=FAILURE method=Testcases.getMarginValueInDollars()[pri:0, instance:com.boomerang.canvas.suite.Testcases@45099dd3] output=======================get the margin value======================]]]>
              </value>
            </param>
            <param index="1">
              <value>
                <![CDATA[HeaderWidget]]>
[...]
            </line>
          </reporter-output>
        </test-method> <!-- getPageViewsYoYPercent -->
        <test-method status="PASS" signature="createreport(org.testng.ITestContext, java.lang.String)[pri:0, instance:com.boomerang.canvas.suite.Testcases@7ce026d3]" name="createreport" is-config="true" duration-ms="0" started-at="2017-04-03T19:23:00Z" finished-at="2017-04-03T19:23:00Z">
          <params>
            <param index="0">
              <value>
                <![CDATA[org.testng.TestRunner@62e70ea3]]>
              </value>
            </param>
            <param index="1">
              <value>
                <![CDATA[ScoreboardWidget]]>
              </value>
            </param>
          </params>
          <reporter-output>
          </reporter-output>
        </test-method> <!-- createreport -->
        <test-method status="PASS" signature="screenshot(org.testng.ITestResult, java.lang.String, java.lang.reflect.Method)[pri:0, instance:com.boomerang.canvas.suite.Testcases@7ce026d3]" name="screenshot" is-config="true" duration-ms="365" started-at="2017-04-03T19:23:00Z" finished-at="2017-04-03T19:23:01Z">
          <params>
            <param index="0">
              <value>
                <![CDATA[[TestResult name=getPageViewsYoYPercent status=SUCCESS method=Testcases.getPageViewsYoYPercent()[pri:0, instance:com.boomerang.canvas.suite.Testcases@7ce026d3] output=======================get the scoreboard conversion yoy value======================]]]>
              </value>
            </param>
            <param index="1">
              <value>
                <![CDATA[ScoreboardWidget]]>
              </value>
            </param>
            <param index="2">
              <value>
                <![CDATA[public void com.boomerang.canvas.suite.Testcases.getPageViewsYoYPercent() throws java.lang.Exception]]>
              </value>
            </param>
          </params>
          <reporter-output>
            <line>
              <![CDATA[<a title= "title" href="ScoreboardWidgetgetPageViewsYoYPercent.png"><img width="700" height="550" src="ScoreboardWidgetgetPageViewsYoYPercent.png"></a>]]>
            </line>
          </reporter-output>
        </test-method> <!-- screenshot -->
      </class> <!-- com.boomerang.canvas.suite.Testcases -->
    </test> <!-- getPageViewsYoYPercent -->
    <test name="getPageViewsPvPPercent" duration-ms="447" started-at="2017-04-03T13:53:01Z" finished-at="2017-04-03T13:53:01Z">
      <class name="com.boomerang.canvas.suite.Testcases">
        <test-method status="PASS" signature="createreport(org.testng.ITestContext, java.lang.String)[pri:0, instance:com.boomerang.canvas.suite.Testcases@7e057f43]" name="createreport" is-config="true" duration-ms="0" started-at="2017-04-03T19:23:01Z" finished-at="2017-04-03T19:23:01Z">
          <params>
            <param index="0">
              <value>
                <![CDATA[org.testng.TestRunner@3efe7086]]>
              </value>
            </param>
            <param index="1">
              <value>
                <![CDATA[ScoreboardWidget]]>
              </value>
            </param>
          </params>
          <reporter-output>
          </reporter-output>
        </test-method> <!-- createreport -->
        <test-method status="PASS" signature="getPageViewsPvPPercent()[pri:0, instance:com.boomerang.canvas.suite.Testcases@7e057f43]" name="getPageViewsPvPPercent" duration-ms="86" started-at="2017-04-03T19:23:01Z" description="Verifying the Page views PVP value from Scoreboard Widget across Page views PVP value which is comming from Backend" finished-at="2017-04-03T19:23:01Z">
          <reporter-output>
            <line>
              <![CDATA[======================get the scoreboard conversion pvp value======================]]>
            </line>
            <line>
              <![CDATA[Actual value : 0.5%]]>
            </line>
            <line>
              <![CDATA[Expected value : 0.5%]]>
            </line>
            <line>
              <![CDATA[<a title= "title" href="ScoreboardWidgetgetPageViewsPvPPercent.png"><img width="700" height="550" src="ScoreboardWidgetgetPageViewsPvPPercent.png"></a>]]>
            </line>
          </reporter-output>
        </test-method> <!-- getPageViewsPvPPercent -->
        <test-method status="PASS" signature="screenshot(org.testng.ITestResult, java.lang.String, java.lang.reflect.Method)[pri:0, instance:com.boomerang.canvas.suite.Testcases@7e057f43]" name="screenshot" is-config="true" duration-ms="361" started-at="2017-04-03T19:23:01Z" finished-at="2017-04-03T19:23:01Z">
          <params>
            <param index="0">
              <value>
                <![CDATA[[TestResult name=getPageViewsPvPPercent status=SUCCESS method=Testcases.getPageViewsPvPPercent()[pri:0, instance:com.boomerang.canvas.suite.Testcases@7e057f43] output=======================get the scoreboard conversion pvp value======================]]]>
              </value>
            </param>
            <param index="1">
              <value>
                <![CDATA[ScoreboardWidget]]>
              </value>
            </param>
            <param index="2">
              <value>
                <![CDATA[public void com.boomerang.canvas.suite.Testcases.getPageViewsPvPPercent() throws java.lang.Exception]]>
              </value>
            </param>
          </params>
          <reporter-output>
            <line>
              <![CDATA[<a title= "title" href="ScoreboardWidgetgetPageViewsPvPPercent.png"><img width="700" height="550" src="ScoreboardWidgetgetPageViewsPvPPercent.png"></a>]]>
            </line>
          </reporter-output>
        </test-method> <!-- screenshot -->
      </class> <!-- com.boomerang.canvas.suite.Testcases -->
    </test> <!-- getPageViewsPvPPercent -->
    <test name="isUnitsPerOrder" duration-ms="444" started-at="2017-04-03T13:53:01Z" finished-at="2017-04-03T13:53:01Z">
      <class name="com.boomerang.canvas.suite.Testcases">
        <test-method status="PASS" signature="isUnitsPerOrder(java.lang.String)[pri:0, instance:com.boomerang.canvas.suite.Testcases@7c137fd5]" name="isUnitsPerOrder" duration-ms="84" started-at="2017-04-03T19:23:01Z" description="Verifying the Units per order text is present in Scoreboard Widget or not" finished-at="2017-04-03T19:23:01Z">
          <params>
            <param index="0">
              <value>
                <![CDATA[UNITS PER ORDER]]>
              </value>
            </param>
          </params>
          <reporter-output>
            <line>
              <![CDATA[======================get the scoreboard units per order text======================]]>
            </line>
            <line>
              <![CDATA[Actual data : UNITS PER ORDER]]>
            </line>
            <line>
              <![CDATA[Expected data : UNITS PER ORDER]]>
            </line>
            <line>
              <![CDATA[<a title= "title" href="ScoreboardWidgetisUnitsPerOrder.png"><img width="700" height="550" src="ScoreboardWidgetisUnitsPerOrder.png"></a>]]>
            </line>
          </reporter-output>
        </test-method> <!-- isUnitsPerOrder -->
        <test-method status="PASS" signature="createreport(org.testng.ITestContext, java.lang.String)[pri:0, instance:com.boomerang.canvas.suite.Testcases@7c137fd5]" name="createreport" is-config="true" duration-ms="0" started-at="2017-04-03T19:23:01Z" finished-at="2017-04-03T19:23:01Z">
          <params>
            <param index="0">
              <value>
                <![CDATA[org.testng.TestRunner@675d8c96]]>
              </value>
            </param>
            <param index="1">
              <value>
                <![CDATA[ScoreboardWidget]]>
              </value>
            </param>
          </params>
          <reporter-output>
          </reporter-output>
        </test-method> <!-- createreport -->
        <test-method status="PASS" signature="screenshot(org.testng.ITestResult, java.lang.String, java.lang.reflect.Method)[pri:0, instance:com.boomerang.canvas.suite.Testcases@7c137fd5]" name="screenshot" is-config="true" duration-ms="359" started-at="2017-04-03T19:23:01Z" finished-at="2017-04-03T19:23:01Z">
          <params>
            <param index="0">
              <value>
                <![CDATA[[TestResult name=isUnitsPerOrder status=SUCCESS method=Testcases.isUnitsPerOrder(java.lang.String)[pri:0, instance:com.boomerang.canvas.suite.Testcases@7c137fd5] output=======================get the scoreboard units per order text======================]]]>
              </value>
            </param>
            <param index="1">
              <value>
                <![CDATA[ScoreboardWidget]]>
              </value>
            </param>
            <param index="2">
              <value>
                <![CDATA[public void com.boomerang.canvas.suite.Testcases.isUnitsPerOrder(java.lang.String) throws java.lang.Exception]]>
              </value>
            </param>
          </params>
          <reporter-output>
            <line>
              <![CDATA[<a title= "title" href="ScoreboardWidgetisUnitsPerOrder.png"><img width="700" height="550" src="ScoreboardWidgetisUnitsPerOrder.png"></a>]]>
            </line>
          </reporter-output>
        </test-method> <!-- screenshot -->
      </class> <!-- com.boomerang.canvas.suite.Testcases -->
    </test> <!-- isUnitsPerOrder -->
    <test name="getUnitsPerOrderValue" duration-ms="442" started-at="2017-04-03T13:53:01Z" finished-at="2017-04-03T13:53:02Z">
      <class name="com.boomerang.canvas.suite.Testcases">
        <test-method status="PASS" signature="createreport(org.testng.ITestContext, java.lang.String)[pri:0, instance:com.boomerang.canvas.suite.Testcases@3e08ff24]" name="createreport" is-config="true" duration-ms="0" started-at="2017-04-03T19:23:01Z" finished-at="2017-04-03T19:23:01Z">
          <params>
            <param index="0">
              <value>
                <![CDATA[org.testng.TestRunner@741b3bc3]]>
              </value>
            </param>
            <param index="1">
              <value>
                <![CDATA[ScoreboardWidget]]>
              </value>
            </param>
          </params>
          <reporter-output>
          </reporter-output>
        </test-method> <!-- createreport -->
        <test-method status="PASS" signature="getUnitsPerOrderValue()[pri:0, instance:com.boomerang.canvas.suite.Testcases@3e08ff24]" name="getUnitsPerOrderValue" duration-ms="70" started-at="2017-04-03T19:23:01Z" description="Verifying the Units per order value from Scoreboard Widget across Units per order value which is comming from Backend" finished-at="2017-04-03T19:23:02Z">
          <reporter-output>
            <line>
              <![CDATA[======================get the scoreboard units per order value======================]]>
            </line>
            <line>
              <![CDATA[Actual value : 1.9X]]>
            </line>
            <line>
              <![CDATA[Expected value : 1.9X]]>
            </line>
            <line>
              <![CDATA[<a title= "title" href="ScoreboardWidgetgetUnitsPerOrderValue.png"><img width="700" height="550" src="ScoreboardWidgetgetUnitsPerOrderValue.png"></a>]]>
            </line>
          </reporter-output>
        </test-method> <!-- getUnitsPerOrderValue -->
        <test-method status="PASS" signature="screenshot(org.testng.ITestResult, java.lang.String, java.lang.reflect.Method)[pri:0, instance:com.boomerang.canvas.suite.Testcases@3e08ff24]" name="screenshot" is-config="true" duration-ms="371" started-at="2017-04-03T19:23:02Z" finished-at="2017-04-03T19:23:02Z">
          <params>
            <param index="0">
              <value>
                <![CDATA[[TestResult name=getUnitsPerOrderValue status=SUCCESS method=Testcases.getUnitsPerOrderValue()[pri:0, instance:com.boomerang.canvas.suite.Testcases@3e08ff24] output=======================get the scoreboard units per order value======================]]]>
              </value>
            </param>
            <param index="1">
              <value>
                <![CDATA[ScoreboardWidget]]>
              </value>
            </param>
            <param index="2">
              <value>
                <![CDATA[public void com.boomerang.canvas.suite.Testcases.getUnitsPerOrderValue() throws java.lang.Exception]]>
              </value>
            </param>
          </params>
          <reporter-output>
            <line>
              <![CDATA[<a title= "title" href="ScoreboardWidgetgetUnitsPerOrderValue.png"><img width="700" height="550" src="ScoreboardWidgetgetUnitsPerOrderValue.png"></a>]]>
            </line>
          </reporter-output>
        </test-method> <!-- screenshot -->
      </class> <!-- com.boomerang.canvas.suite.Testcases -->
    </test> <!-- getUnitsPerOrderValue -->
    <test name="getUnitsPerOrderYoYPercent" duration-ms="448" started-at="2017-04-03T13:53:02Z" finished-at="2017-04-03T13:53:02Z">
      <class name="com.boomerang.canvas.suite.Testcases">
        <test-method status="PASS" signature="createreport(org.testng.ITestContext, java.lang.String)[pri:0, instance:com.boomerang.canvas.suite.Testcases@496bc455]" name="createreport" is-config="true" duration-ms="0" started-at="2017-04-03T19:23:02Z" finished-at="2017-04-03T19:23:02Z">
          <params>
            <param index="0">
              <value>
                <![CDATA[org.testng.TestRunner@2ed3b1f5]]>
              </value>
            </param>
            <param index="1">
              <value>
                <![CDATA[ScoreboardWidget]]>
              </value>
            </param>
          </params>
          <reporter-output>
          </reporter-output>
        </test-method> <!-- createreport -->
        <test-method status="PASS" signature="getUnitsPerOrderYoYPercent()[pri:0, instance:com.boomerang.canvas.suite.Testcases@496bc455]" name="getUnitsPerOrderYoYPercent" duration-ms="75" started-at="2017-04-03T19:23:02Z" description="Verifying the Units per order YOY value from Scoreboard Widget across Units per order YOY value which is comming from Backend" finished-at="2017-04-03T19:23:02Z">
          <reporter-output>
            <line>
              <![CDATA[======================get the scoreboard units per order yoy value======================]]>
            </line>
            <line>
              <![CDATA[Actual value : 3%]]>
            </line>
            <line>
              <![CDATA[Expected value : 3%]]>
            </line>
            <line>
              <![CDATA[<a title= "title" href="ScoreboardWidgetgetUnitsPerOrderYoYPercent.png"><img width="700" height="550" src="ScoreboardWidgetgetUnitsPerOrderYoYPercent.png"></a>]]>
            </line>
          </reporter-output>
        </test-method> <!-- getUnitsPerOrderYoYPercent -->
        <test-method status="PASS" signature="screenshot(org.testng.ITestResult, java.lang.String, java.lang.reflect.Method)[pri:0, instance:com.boomerang.canvas.suite.Testcases@496bc455]" name="screenshot" is-config="true" duration-ms="373" started-at="2017-04-03T19:23:02Z" finished-at="2017-04-03T19:23:02Z">
          <params>
            <param index="0">
              <value>
                <![CDATA[[TestResult name=getUnitsPerOrderYoYPercent status=SUCCESS method=Testcases.getUnitsPerOrderYoYPercent()[pri:0, instance:com.boomerang.canvas.suite.Testcases@496bc455] output=======================get the scoreboard units per order yoy value======================]]]>
              </value>
            </param>
            <param index="1">
              <value>
                <![CDATA[ScoreboardWidget]]>
              </value>
            </param>
            <param index="2">
              <value>
                <![CDATA[public void com.boomerang.canvas.suite.Testcases.getUnitsPerOrderYoYPercent() throws java.lang.Exception]]>
              </value>
            </param>
          </params>
          <reporter-output>
            <line>
              <![CDATA[<a title= "title" href="ScoreboardWidgetgetUnitsPerOrderYoYPercent.png"><img width="700" height="550" src="ScoreboardWidgetgetUnitsPerOrderYoYPercent.png"></a>]]>
            </line>
          </reporter-output>
        </test-method> <!-- screenshot -->
      </class> <!-- com.boomerang.canvas.suite.Testcases -->
    </test> <!-- getUnitsPerOrderYoYPercent -->
    <test name="getUnitsPerOrderPvPPercent" duration-ms="448" started-at="2017-04-03T13:53:02Z" finished-at="2017-04-03T13:53:03Z">
      <class name="com.boomerang.canvas.suite.Testcases">
        <test-method status="PASS" signature="createreport(org.testng.ITestContext, java.lang.String)[pri:0, instance:com.boomerang.canvas.suite.Testcases@1033576a]" name="createreport" is-config="true" duration-ms="1" started-at="2017-04-03T19:23:02Z" finished-at="2017-04-03T19:23:02Z">
          <params>
            <param index="0">
              <value>
                <![CDATA[org.testng.TestRunner@63648ee9]]>
              </value>
            </param>
            <param index="1">
              <value>
                <![CDATA[ScoreboardWidget]]>
              </value>
            </param>
          </params>
          <reporter-output>
          </reporter-output>
        </test-method> <!-- createreport -->
        <test-method status="PASS" signature="getUnitsPerOrderPvPPercent()[pri:0, instance:com.boomerang.canvas.suite.Testcases@1033576a]" name="getUnitsPerOrderPvPPercent" duration-ms="76" started-at="2017-04-03T19:23:02Z" description="Verifying the Units per order PVP value from Scoreboard Widget across Units per order PVP value which is comming from Backend" finished-at="2017-04-03T19:23:02Z">
          <reporter-output>
            <line>
              <![CDATA[======================get the scoreboard units per order pvp value======================]]>
            </line>
            <line>
              <![CDATA[Actual value : 7.4%]]>
            </line>
            <line>
              <![CDATA[Expected value : 7.4%]]>
            </line>
            <line>
              <![CDATA[<a title= "title" href="ScoreboardWidgetgetUnitsPerOrderPvPPercent.png"><img width="700" height="550" src="ScoreboardWidgetgetUnitsPerOrderPvPPercent.png"></a>]]>
            </line>
          </reporter-output>
        </test-method> <!-- getUnitsPerOrderPvPPercent -->
        <test-method status="PASS" signature="screenshot(org.testng.ITestResult, java.lang.String, java.lang.reflect.Method)[pri:0, instance:com.boomerang.canvas.suite.Testcases@1033576a]" name="screenshot" is-config="true" duration-ms="371" started-at="2017-04-03T19:23:02Z" finished-at="2017-04-03T19:23:03Z">
          <params>
            <param index="0">
              <value>
                <![CDATA[[TestResult name=getUnitsPerOrderPvPPercent status=SUCCESS method=Testcases.getUnitsPerOrderPvPPercent()[pri:0, instance:com.boomerang.canvas.suite.Testcases@1033576a] output=======================get the scoreboard units per order pvp value======================]]]>
              </value>
            </param>
            <param index="1">
              <value>
                <![CDATA[ScoreboardWidget]]>
              </value>
            </param>
            <param index="2">
              <value>
                <![CDATA[public void com.boomerang.canvas.suite.Testcases.getUnitsPerOrderPvPPercent() throws java.lang.Exception]]>
              </value>
            </param>
          </params>
          <reporter-output>
            <line>
              <![CDATA[<a title= "title" href="ScoreboardWidgetgetUnitsPerOrderPvPPercent.png"><img width="700" height="550" src="ScoreboardWidgetgetUnitsPerOrderPvPPercent.png"></a>]]>
            </line>
          </reporter-output>
        </test-method> <!-- screenshot -->
      </class> <!-- com.boomerang.canvas.suite.Testcases -->
    </test> <!-- getUnitsPerOrderPvPPercent -->
  </suite> <!-- ScoreboardWidget -->
</testng-results>
